#
# There is insufficient memory for the Java Runtime Environment to continue.
# Native memory allocation (malloc) failed to allocate 2097152 bytes for AllocateHeap
# Possible reasons:
#   The system is out of physical RAM or swap space
#   The process is running with CompressedOops enabled, and the Java Heap may be blocking the growth of the native heap
# Possible solutions:
#   Reduce memory load on the system
#   Increase physical memory or swap space
#   Check if swap backing store is full
#   Decrease Java heap size (-Xmx/-Xms)
#   Decrease number of Java threads
#   Decrease Java thread stack sizes (-Xss)
#   Set larger code cache with -XX:ReservedCodeCacheSize=
#   JVM is running with Unscaled Compressed Oops mode in which the Java heap is
#     placed in the first 4GB address space. The Java Heap base address is the
#     maximum limit for the native heap growth. Please use -XX:HeapBaseMinAddress
#     to set the Java Heap base and to place the Java Heap above 4GB virtual address.
# This output file may be truncated or incomplete.
#
#  Out of Memory Error (allocation.cpp:44), pid=6516, tid=16344
#
# JRE version: OpenJDK Runtime Environment Temurin-17.0.6+10 (17.0.6+10) (build 17.0.6+10)
# Java VM: OpenJDK 64-Bit Server VM Temurin-17.0.6+10 (17.0.6+10, mixed mode, emulated-client, tiered, compressed oops, compressed class ptrs, g1 gc, windows-amd64)
# No core dump will be written. Minidumps are not enabled by default on client versions of Windows
#

---------------  S U M M A R Y ------------

Command Line: -XX:+HeapDumpOnOutOfMemoryError -Xmx1024m -Dsts.lsp.client=vscode -Dsts.log.file=/dev/null -XX:TieredStopAtLevel=1 -Xlog:jni+resolve=off -Dspring.config.location=file:c:\Users\Asus\.vscode\extensions\vmware.vscode-spring-boot-1.44.0\language-server\BOOT-INF\classes\application.properties org.springframework.ide.vscode.boot.app.BootLanguageServerBootApp

Host: 12th Gen Intel(R) Core(TM) i5-1240P, 16 cores, 15G,  Windows 11 , 64 bit Build 22621 (10.0.22621.1194)
Time: Mon Mar  6 02:51:52 2023 SE Asia Standard Time elapsed time: 2765.132617 seconds (0d 0h 46m 5s)

---------------  T H R E A D  ---------------

Current thread (0x000001c2e902e750):  VMThread "VM Thread" [stack: 0x000000b509900000,0x000000b509a00000] [id=16344]

Stack: [0x000000b509900000,0x000000b509a00000]
Native frames: (J=compiled Java code, j=interpreted, Vv=VM code, C=native code)
V  [jvm.dll+0x67741a]
V  [jvm.dll+0x834434]
V  [jvm.dll+0x835bde]
V  [jvm.dll+0x836243]
V  [jvm.dll+0x2457b5]
V  [jvm.dll+0xa626f]
V  [jvm.dll+0x2f5b61]
V  [jvm.dll+0x2f17e0]
V  [jvm.dll+0x2d9ee7]
V  [jvm.dll+0x31ce67]
V  [jvm.dll+0x83a6eb]
V  [jvm.dll+0x83b424]
V  [jvm.dll+0x83b93c]
V  [jvm.dll+0x83bd14]
V  [jvm.dll+0x83bde0]
V  [jvm.dll+0x7e483a]
V  [jvm.dll+0x6762c5]
C  [ucrtbase.dll+0x29363]
C  [KERNEL32.DLL+0x126bd]
C  [ntdll.dll+0x5dfb8]

VM_Operation (0x000000b50bafefa0): G1CollectFull, mode: safepoint, requested by thread 0x000001c2ea6c2900


---------------  P R O C E S S  ---------------

Threads class SMR info:
_java_thread_list=0x000001c2ed7c5290, length=50, elements={
0x000001c2e902f1f0, 0x000001c2e84eabc0, 0x000001c2e9084920, 0x000001c2e9084df0,
0x000001c2e90856d0, 0x000001c2e9089bb0, 0x000001c2e908a080, 0x000001c2e9097eb0,
0x000001c2e9297d70, 0x000001c2e92a8660, 0x000001c2ea744470, 0x000001c2ea744940,
0x000001c2ea6c2900, 0x000001c2ea6c3290, 0x000001c2dcbc41c0, 0x000001c2e9772cd0,
0x000001c2e9b9e470, 0x000001c2e9206f90, 0x000001c2ea92a110, 0x000001c2ea930620,
0x000001c2ea92c2c0, 0x000001c2ea92a5e0, 0x000001c2ea92aab0, 0x000001c2ea92af80,
0x000001c2ea92c790, 0x000001c2ea92cc60, 0x000001c2ea92d600, 0x000001c2ea92dad0,
0x000001c2ea92e470, 0x000001c2ea77cd80, 0x000001c2ea7810e0, 0x000001c2ea77bf10,
0x000001c2ea77e590, 0x000001c2ea77c3e0, 0x000001c2ea77dbf0, 0x000001c2ea77ef30,
0x000001c2ea77ea60, 0x000001c2ea77fda0, 0x000001c2ea77a700, 0x000001c2ea780c10,
0x000001c2ea77c8b0, 0x000001c2ea92d130, 0x000001c2ea92dfa0, 0x000001c2ea92e940,
0x000001c2ea92f7b0, 0x000001c2ea930150, 0x000001c2f98bd370, 0x000001c2f98c0390,
0x000001c2f98be1e0, 0x000001c2e9240720
}

Java Threads: ( => current thread )
  0x000001c2e902f1f0 JavaThread "Reference Handler" daemon [_thread_blocked, id=11028, stack(0x000000b509a00000,0x000000b509b00000)]
  0x000001c2e84eabc0 JavaThread "Finalizer" daemon [_thread_blocked, id=19316, stack(0x000000b509b00000,0x000000b509c00000)]
  0x000001c2e9084920 JavaThread "Signal Dispatcher" daemon [_thread_blocked, id=13552, stack(0x000000b509c00000,0x000000b509d00000)]
  0x000001c2e9084df0 JavaThread "Attach Listener" daemon [_thread_blocked, id=18348, stack(0x000000b509d00000,0x000000b509e00000)]
  0x000001c2e90856d0 JavaThread "Service Thread" daemon [_thread_blocked, id=20448, stack(0x000000b509e00000,0x000000b509f00000)]
  0x000001c2e9089bb0 JavaThread "Monitor Deflation Thread" daemon [_thread_blocked, id=16364, stack(0x000000b509f00000,0x000000b50a000000)]
  0x000001c2e908a080 JavaThread "C1 CompilerThread0" daemon [_thread_blocked, id=12140, stack(0x000000b50a000000,0x000000b50a100000)]
  0x000001c2e9097eb0 JavaThread "Sweeper thread" daemon [_thread_blocked, id=17884, stack(0x000000b50a100000,0x000000b50a200000)]
  0x000001c2e9297d70 JavaThread "Notification Thread" daemon [_thread_blocked, id=5164, stack(0x000000b50a300000,0x000000b50a400000)]
  0x000001c2e92a8660 JavaThread "Common-Cleaner" daemon [_thread_blocked, id=13548, stack(0x000000b50a500000,0x000000b50a600000)]
  0x000001c2ea744470 JavaThread "boundedElastic-evictor-1" daemon [_thread_blocked, id=17028, stack(0x000000b50b800000,0x000000b50b900000)]
  0x000001c2ea744940 JavaThread "boundedElastic-evictor-2" daemon [_thread_blocked, id=15600, stack(0x000000b50b900000,0x000000b50ba00000)]
  0x000001c2ea6c2900 JavaThread "pool-10-thread-1" [_thread_blocked, id=12648, stack(0x000000b50ba00000,0x000000b50bb00000)]
  0x000001c2ea6c3290 JavaThread "LanguageServerApp-lifecycle" [_thread_blocked, id=6456, stack(0x000000b50bb00000,0x000000b50bc00000)]
  0x000001c2dcbc41c0 JavaThread "DestroyJavaVM" [_thread_blocked, id=9548, stack(0x000000b509300000,0x000000b509400000)]
  0x000001c2e9772cd0 JavaThread "pool-11-thread-1" [_thread_in_native, id=11776, stack(0x000000b50bc00000,0x000000b50bd00000)]
  0x000001c2e9b9e470 JavaThread "Simple-Language-Server main thread" daemon [_thread_blocked, id=8264, stack(0x000000b50bd00000,0x000000b50be00000)]
  0x000001c2e9206f90 JavaThread "pool-6-thread-1" [_thread_blocked, id=12864, stack(0x000000b50be00000,0x000000b50bf00000)]
  0x000001c2ea92a110 JavaThread "parallel-1" daemon [_thread_blocked, id=19864, stack(0x000000b50d800000,0x000000b50d900000)]
  0x000001c2ea930620 JavaThread "pool-4-thread-1" [_thread_blocked, id=14612, stack(0x000000b50e900000,0x000000b50ea00000)]
  0x000001c2ea92c2c0 JavaThread "parallel-2" daemon [_thread_blocked, id=18188, stack(0x000000b50ea00000,0x000000b50eb00000)]
  0x000001c2ea92a5e0 JavaThread "parallel-3" daemon [_thread_blocked, id=11376, stack(0x000000b50ec00000,0x000000b50ed00000)]
  0x000001c2ea92aab0 JavaThread "parallel-4" daemon [_thread_blocked, id=15052, stack(0x000000b50c700000,0x000000b50c800000)]
  0x000001c2ea92af80 JavaThread "parallel-5" daemon [_thread_blocked, id=19672, stack(0x000000b50c800000,0x000000b50c900000)]
  0x000001c2ea92c790 JavaThread "parallel-6" daemon [_thread_blocked, id=19348, stack(0x000000b50c900000,0x000000b50ca00000)]
  0x000001c2ea92cc60 JavaThread "parallel-7" daemon [_thread_blocked, id=13564, stack(0x000000b50ca00000,0x000000b50cb00000)]
  0x000001c2ea92d600 JavaThread "parallel-8" daemon [_thread_blocked, id=16624, stack(0x000000b50cb00000,0x000000b50cc00000)]
  0x000001c2ea92dad0 JavaThread "parallel-9" daemon [_thread_blocked, id=1176, stack(0x000000b50cc00000,0x000000b50cd00000)]
  0x000001c2ea92e470 JavaThread "Reconciler-1" daemon [_thread_blocked, id=2560, stack(0x000000b50ce00000,0x000000b50cf00000)]
  0x000001c2ea77cd80 JavaThread "ForkJoinPool.commonPool-worker-8" daemon [_thread_blocked, id=11368, stack(0x000000b509200000,0x000000b509300000)]
  0x000001c2ea7810e0 JavaThread "ForkJoinPool.commonPool-worker-11" daemon [_thread_blocked, id=19960, stack(0x000000b509100000,0x000000b509200000)]
  0x000001c2ea77bf10 JavaThread "parallel-10" daemon [_thread_blocked, id=19580, stack(0x000000b509000000,0x000000b509100000)]
  0x000001c2ea77e590 JavaThread "ForkJoinPool.commonPool-worker-12" daemon [_thread_blocked, id=5972, stack(0x000000b50c000000,0x000000b50c100000)]
  0x000001c2ea77c3e0 JavaThread "parallel-11" daemon [_thread_blocked, id=384, stack(0x000000b50bf00000,0x000000b50c000000)]
  0x000001c2ea77dbf0 JavaThread "parallel-12" daemon [_thread_blocked, id=8880, stack(0x000000b50cd00000,0x000000b50ce00000)]
  0x000001c2ea77ef30 JavaThread "ForkJoinPool.commonPool-worker-13" daemon [_thread_blocked, id=12052, stack(0x000000b50cf00000,0x000000b50d000000)]
  0x000001c2ea77ea60 JavaThread "parallel-13" daemon [_thread_blocked, id=18436, stack(0x000000b50d000000,0x000000b50d100000)]
  0x000001c2ea77fda0 JavaThread "parallel-14" daemon [_thread_blocked, id=13976, stack(0x000000b50d100000,0x000000b50d200000)]
  0x000001c2ea77a700 JavaThread "parallel-15" daemon [_thread_blocked, id=13800, stack(0x000000b50d200000,0x000000b50d300000)]
  0x000001c2ea780c10 JavaThread "parallel-16" daemon [_thread_blocked, id=9028, stack(0x000000b50d500000,0x000000b50d600000)]
  0x000001c2ea77c8b0 JavaThread "ForkJoinPool.commonPool-worker-14" daemon [_thread_blocked, id=9136, stack(0x000000b50d700000,0x000000b50d800000)]
  0x000001c2ea92d130 JavaThread "ForkJoinPool.commonPool-worker-15" daemon [_thread_blocked, id=14288, stack(0x000000b50d900000,0x000000b50da00000)]
  0x000001c2ea92dfa0 JavaThread "ForkJoinPool.commonPool-worker-16" daemon [_thread_blocked, id=3564, stack(0x000000b50da00000,0x000000b50db00000)]
  0x000001c2ea92e940 JavaThread "ForkJoinPool.commonPool-worker-17" daemon [_thread_blocked, id=13992, stack(0x000000b50e200000,0x000000b50e300000)]
  0x000001c2ea92f7b0 JavaThread "ForkJoinPool.commonPool-worker-18" daemon [_thread_blocked, id=9348, stack(0x000000b50d400000,0x000000b50d500000)]
  0x000001c2ea930150 JavaThread "ForkJoinPool.commonPool-worker-19" daemon [_thread_blocked, id=8272, stack(0x000000b50e300000,0x000000b50e400000)]
  0x000001c2f98bd370 JavaThread "ForkJoinPool.commonPool-worker-25" daemon [_thread_blocked, id=12300, stack(0x000000b50b100000,0x000000b50b200000)]
  0x000001c2f98c0390 JavaThread "ForkJoinPool.commonPool-worker-26" daemon [_thread_blocked, id=18656, stack(0x000000b50a700000,0x000000b50a800000)]
  0x000001c2f98be1e0 JavaThread "ForkJoinPool.commonPool-worker-27" daemon [_thread_blocked, id=19048, stack(0x000000b50e400000,0x000000b50e500000)]
  0x000001c2e9240720 JavaThread "ForkJoinPool.commonPool-worker-33" daemon [_thread_blocked, id=3288, stack(0x000000b50d600000,0x000000b50d700000)]

Other Threads:
=>0x000001c2e902e750 VMThread "VM Thread" [stack: 0x000000b509900000,0x000000b509a00000] [id=16344]
  0x000001c2e929b7f0 WatcherThread [stack: 0x000000b50a400000,0x000000b50a500000] [id=6248]
  0x000001c2dcc03470 GCTaskThread "GC Thread#0" [stack: 0x000000b509400000,0x000000b509500000] [id=19148]
  0x000001c2e9ac6020 GCTaskThread "GC Thread#1" [stack: 0x000000b50a800000,0x000000b50a900000] [id=9288]
  0x000001c2e9cde130 GCTaskThread "GC Thread#2" [stack: 0x000000b50a900000,0x000000b50aa00000] [id=8600]
  0x000001c2e9ac2f10 GCTaskThread "GC Thread#3" [stack: 0x000000b50aa00000,0x000000b50ab00000] [id=12336]
  0x000001c2e9cd0050 GCTaskThread "GC Thread#4" [stack: 0x000000b50ab00000,0x000000b50ac00000] [id=20244]
  0x000001c2e9d58640 GCTaskThread "GC Thread#5" [stack: 0x000000b50ac00000,0x000000b50ad00000] [id=1772]
  0x000001c2e9fb87b0 GCTaskThread "GC Thread#6" [stack: 0x000000b50ad00000,0x000000b50ae00000] [id=17928]
  0x000001c2e9fb8a60 GCTaskThread "GC Thread#7" [stack: 0x000000b50ae00000,0x000000b50af00000] [id=3308]
  0x000001c2ea289540 GCTaskThread "GC Thread#8" [stack: 0x000000b50b200000,0x000000b50b300000] [id=19844]
  0x000001c2ea2897f0 GCTaskThread "GC Thread#9" [stack: 0x000000b50b300000,0x000000b50b400000] [id=16568]
  0x000001c2ea28a0c0 GCTaskThread "GC Thread#10" [stack: 0x000000b50b400000,0x000000b50b500000] [id=16184]
  0x000001c2ea28a370 GCTaskThread "GC Thread#11" [stack: 0x000000b50b500000,0x000000b50b600000] [id=8588]
  0x000001c2ea4b9df0 GCTaskThread "GC Thread#12" [stack: 0x000000b50af00000,0x000000b50b000000] [id=16452]
  0x000001c2dcc0c2c0 ConcurrentGCThread "G1 Main Marker" [stack: 0x000000b509500000,0x000000b509600000] [id=8896]
  0x000001c2dcc0cd40 ConcurrentGCThread "G1 Conc#0" [stack: 0x000000b509600000,0x000000b509700000] [id=15668]
  0x000001c2ea28bc60 ConcurrentGCThread "G1 Conc#1" [stack: 0x000000b50b600000,0x000000b50b700000] [id=18412]
  0x000001c2ea240e40 ConcurrentGCThread "G1 Conc#2" [stack: 0x000000b50b700000,0x000000b50b800000] [id=8884]
  0x000001c2e839e650 ConcurrentGCThread "G1 Refine#0" [stack: 0x000000b509700000,0x000000b509800000] [id=14008]
  0x000001c2ecea1c90 ConcurrentGCThread "G1 Refine#1" [stack: 0x000000b50dc00000,0x000000b50dd00000] [id=4708]
  0x000001c2ecea1f70 ConcurrentGCThread "G1 Refine#2" [stack: 0x000000b50dd00000,0x000000b50de00000] [id=3388]
  0x000001c2ecea13f0 ConcurrentGCThread "G1 Refine#3" [stack: 0x000000b50de00000,0x000000b50df00000] [id=19592]
  0x000001c2ecea16d0 ConcurrentGCThread "G1 Refine#4" [stack: 0x000000b50df00000,0x000000b50e000000] [id=18960]
  0x000001c2ecea19b0 ConcurrentGCThread "G1 Refine#5" [stack: 0x000000b50e000000,0x000000b50e100000] [id=7416]
  0x000001c2ed1ae770 ConcurrentGCThread "G1 Refine#6" [stack: 0x000000b50e100000,0x000000b50e200000] [id=19328]
  0x000001c2ed1b1570 ConcurrentGCThread "G1 Refine#7" [stack: 0x000000b50c100000,0x000000b50c200000] [id=16368]
  0x000001c2ed1b0710 ConcurrentGCThread "G1 Refine#8" [stack: 0x000000b50c200000,0x000000b50c300000] [id=3236]
  0x000001c2ed1aded0 ConcurrentGCThread "G1 Refine#9" [stack: 0x000000b50c300000,0x000000b50c400000] [id=13892]
  0x000001c2ed1b0fb0 ConcurrentGCThread "G1 Refine#10" [stack: 0x000000b50c400000,0x000000b50c500000] [id=4592]
  0x000001c2ed1ae1b0 ConcurrentGCThread "G1 Refine#11" [stack: 0x000000b50c500000,0x000000b50c600000] [id=19176]
  0x000001c2ed1af010 ConcurrentGCThread "G1 Refine#12" [stack: 0x000000b50c600000,0x000000b50c700000] [id=17056]
  0x000001c2e839e930 ConcurrentGCThread "G1 Service" [stack: 0x000000b509800000,0x000000b509900000] [id=4560]

Threads with active compile tasks:

VM state: at safepoint (normal execution)

VM Mutex/Monitor currently owned by a thread:  ([mutex/lock_event])
[0x000001c2da99f100] Threads_lock - owner thread: 0x000001c2e902e750
[0x000001c2dcbc0dd0] Heap_lock - owner thread: 0x000001c2ea6c2900

Heap address: 0x00000000c0000000, size: 1024 MB, Compressed Oops mode: 32-bit

CDS archive(s) not mapped
Compressed class space mapped at: 0x0000000100000000-0x0000000140000000, reserved size: 1073741824
Narrow klass base: 0x0000000000000000, Narrow klass shift: 3, Narrow klass range: 0x140000000

GC Precious Log:
 CPUs: 16 total, 16 available
 Memory: 16008M
 Large Page Support: Disabled
 NUMA Support: Disabled
 Compressed Oops: Enabled (32-bit)
 Heap Region Size: 1M
 Heap Min Capacity: 8M
 Heap Initial Capacity: 252M
 Heap Max Capacity: 1G
 Pre-touch: Disabled
 Parallel Workers: 13
 Concurrent Workers: 3
 Concurrent Refinement Workers: 13
 Periodic GC: Disabled

Heap:
 garbage-first heap   total 304128K, used 99110K [0x00000000c0000000, 0x0000000100000000)
  region size 1024K, 1 young (1024K), 0 survivors (0K)
 Metaspace       used 71545K, committed 72064K, reserved 1114112K
  class space    used 9736K, committed 9984K, reserved 1048576K

Heap Regions: E=young(eden), S=young(survivor), O=old, HS=humongous(starts), HC=humongous(continues), CS=collection set, F=free, OA=open archive, CA=closed archive, TAMS=top-at-mark-start (previous, next)
|   0|0x00000000c0000000, 0x00000000c00fffb0, 0x00000000c0100000| 99%| O|  |TAMS 0x00000000c00fffb0, 0x00000000c0000000| Untracked 
|   1|0x00000000c0100000, 0x00000000c0200000, 0x00000000c0200000|100%| O|  |TAMS 0x00000000c0200000, 0x00000000c0100000| Untracked 
|   2|0x00000000c0200000, 0x00000000c02fffe8, 0x00000000c0300000| 99%| O|  |TAMS 0x00000000c02fffe8, 0x00000000c0200000| Untracked 
|   3|0x00000000c0300000, 0x00000000c0400000, 0x00000000c0400000|100%| O|  |TAMS 0x00000000c0400000, 0x00000000c0300000| Untracked 
|   4|0x00000000c0400000, 0x00000000c04ffbc0, 0x00000000c0500000| 99%| O|  |TAMS 0x00000000c04ffbc0, 0x00000000c0400000| Untracked 
|   5|0x00000000c0500000, 0x00000000c05fffe8, 0x00000000c0600000| 99%| O|  |TAMS 0x00000000c05fffe8, 0x00000000c0500000| Untracked 
|   6|0x00000000c0600000, 0x00000000c0700000, 0x00000000c0700000|100%| O|  |TAMS 0x00000000c0700000, 0x00000000c0600000| Untracked 
|   7|0x00000000c0700000, 0x00000000c07ffff0, 0x00000000c0800000| 99%| O|  |TAMS 0x00000000c07ffff0, 0x00000000c0700000| Untracked 
|   8|0x00000000c0800000, 0x00000000c08ffff0, 0x00000000c0900000| 99%| O|  |TAMS 0x00000000c08ffff0, 0x00000000c0800000| Untracked 
|   9|0x00000000c0900000, 0x00000000c09fffd0, 0x00000000c0a00000| 99%| O|  |TAMS 0x00000000c09fffd0, 0x00000000c0900000| Untracked 
|  10|0x00000000c0a00000, 0x00000000c0b00000, 0x00000000c0b00000|100%| O|  |TAMS 0x00000000c0b00000, 0x00000000c0a00000| Untracked 
|  11|0x00000000c0b00000, 0x00000000c0c00000, 0x00000000c0c00000|100%| O|  |TAMS 0x00000000c0c00000, 0x00000000c0b00000| Untracked 
|  12|0x00000000c0c00000, 0x00000000c0cffff8, 0x00000000c0d00000| 99%| O|  |TAMS 0x00000000c0cffff8, 0x00000000c0c00000| Untracked 
|  13|0x00000000c0d00000, 0x00000000c0dffff8, 0x00000000c0e00000| 99%| O|  |TAMS 0x00000000c0dffff8, 0x00000000c0d00000| Untracked 
|  14|0x00000000c0e00000, 0x00000000c0f00000, 0x00000000c0f00000|100%| O|  |TAMS 0x00000000c0f00000, 0x00000000c0e00000| Untracked 
|  15|0x00000000c0f00000, 0x00000000c1000000, 0x00000000c1000000|100%| O|  |TAMS 0x00000000c1000000, 0x00000000c0f00000| Untracked 
|  16|0x00000000c1000000, 0x00000000c10ffff8, 0x00000000c1100000| 99%| O|  |TAMS 0x00000000c10ffff8, 0x00000000c1000000| Untracked 
|  17|0x00000000c1100000, 0x00000000c11ffff8, 0x00000000c1200000| 99%| O|  |TAMS 0x00000000c11ffff8, 0x00000000c1100000| Untracked 
|  18|0x00000000c1200000, 0x00000000c12ffa70, 0x00000000c1300000| 99%| O|  |TAMS 0x00000000c12ffa70, 0x00000000c1200000| Untracked 
|  19|0x00000000c1300000, 0x00000000c13ffff0, 0x00000000c1400000| 99%| O|  |TAMS 0x00000000c13ffff0, 0x00000000c1300000| Untracked 
|  20|0x00000000c1400000, 0x00000000c14fffc8, 0x00000000c1500000| 99%| O|  |TAMS 0x00000000c14fffc8, 0x00000000c1400000| Untracked 
|  21|0x00000000c1500000, 0x00000000c15fd578, 0x00000000c1600000| 98%| O|  |TAMS 0x00000000c15fd578, 0x00000000c1500000| Untracked 
|  22|0x00000000c1600000, 0x00000000c16fffd0, 0x00000000c1700000| 99%| O|  |TAMS 0x00000000c16fffd0, 0x00000000c1600000| Untracked 
|  23|0x00000000c1700000, 0x00000000c17ffff0, 0x00000000c1800000| 99%| O|  |TAMS 0x00000000c17ffff0, 0x00000000c1700000| Untracked 
|  24|0x00000000c1800000, 0x00000000c18f60d8, 0x00000000c1900000| 96%| O|  |TAMS 0x00000000c18f60d8, 0x00000000c1800000| Untracked 
|  25|0x00000000c1900000, 0x00000000c1a00000, 0x00000000c1a00000|100%| O|  |TAMS 0x00000000c1a00000, 0x00000000c1900000| Untracked 
|  26|0x00000000c1a00000, 0x00000000c1b00000, 0x00000000c1b00000|100%| O|  |TAMS 0x00000000c1b00000, 0x00000000c1a00000| Untracked 
|  27|0x00000000c1b00000, 0x00000000c1bfffc0, 0x00000000c1c00000| 99%| O|  |TAMS 0x00000000c1bfffc0, 0x00000000c1b00000| Untracked 
|  28|0x00000000c1c00000, 0x00000000c1cfffe0, 0x00000000c1d00000| 99%| O|  |TAMS 0x00000000c1cfffe0, 0x00000000c1c00000| Untracked 
|  29|0x00000000c1d00000, 0x00000000c1dffff8, 0x00000000c1e00000| 99%| O|  |TAMS 0x00000000c1dffff8, 0x00000000c1d00000| Untracked 
|  30|0x00000000c1e00000, 0x00000000c1effff8, 0x00000000c1f00000| 99%| O|  |TAMS 0x00000000c1effff8, 0x00000000c1e00000| Untracked 
|  31|0x00000000c1f00000, 0x00000000c2000000, 0x00000000c2000000|100%| O|  |TAMS 0x00000000c2000000, 0x00000000c1f00000| Untracked 
|  32|0x00000000c2000000, 0x00000000c2100000, 0x00000000c2100000|100%| O|  |TAMS 0x00000000c2100000, 0x00000000c2000000| Untracked 
|  33|0x00000000c2100000, 0x00000000c21fffd8, 0x00000000c2200000| 99%| O|  |TAMS 0x00000000c21fffd8, 0x00000000c2100000| Untracked 
|  34|0x00000000c2200000, 0x00000000c22fffe0, 0x00000000c2300000| 99%| O|  |TAMS 0x00000000c22fffe0, 0x00000000c2200000| Untracked 
|  35|0x00000000c2300000, 0x00000000c23ffff0, 0x00000000c2400000| 99%| O|  |TAMS 0x00000000c23ffff0, 0x00000000c2300000| Untracked 
|  36|0x00000000c2400000, 0x00000000c24fffc8, 0x00000000c2500000| 99%| O|  |TAMS 0x00000000c24fffc8, 0x00000000c2400000| Untracked 
|  37|0x00000000c2500000, 0x00000000c25ffff0, 0x00000000c2600000| 99%| O|  |TAMS 0x00000000c25ffff0, 0x00000000c2500000| Untracked 
|  38|0x00000000c2600000, 0x00000000c26ffff0, 0x00000000c2700000| 99%| O|  |TAMS 0x00000000c26ffff0, 0x00000000c2600000| Untracked 
|  39|0x00000000c2700000, 0x00000000c27fffd0, 0x00000000c2800000| 99%| O|  |TAMS 0x00000000c27fffd0, 0x00000000c2700000| Untracked 
|  40|0x00000000c2800000, 0x00000000c28fffb8, 0x00000000c2900000| 99%| O|  |TAMS 0x00000000c28fffb8, 0x00000000c2800000| Untracked 
|  41|0x00000000c2900000, 0x00000000c29ffff0, 0x00000000c2a00000| 99%| O|  |TAMS 0x00000000c29ffff0, 0x00000000c2900000| Untracked 
|  42|0x00000000c2a00000, 0x00000000c2afffe0, 0x00000000c2b00000| 99%| O|  |TAMS 0x00000000c2afffe0, 0x00000000c2a00000| Untracked 
|  43|0x00000000c2b00000, 0x00000000c2bfe918, 0x00000000c2c00000| 99%| O|  |TAMS 0x00000000c2bfe918, 0x00000000c2b00000| Untracked 
|  44|0x00000000c2c00000, 0x00000000c2d00000, 0x00000000c2d00000|100%| O|  |TAMS 0x00000000c2d00000, 0x00000000c2c00000| Untracked 
|  45|0x00000000c2d00000, 0x00000000c2e00000, 0x00000000c2e00000|100%| O|  |TAMS 0x00000000c2e00000, 0x00000000c2d00000| Untracked 
|  46|0x00000000c2e00000, 0x00000000c2efffc0, 0x00000000c2f00000| 99%| O|  |TAMS 0x00000000c2efffc0, 0x00000000c2e00000| Untracked 
|  47|0x00000000c2f00000, 0x00000000c2fffff0, 0x00000000c3000000| 99%| O|  |TAMS 0x00000000c2fffff0, 0x00000000c2f00000| Untracked 
|  48|0x00000000c3000000, 0x00000000c30fffe8, 0x00000000c3100000| 99%| O|  |TAMS 0x00000000c30fffe8, 0x00000000c3000000| Untracked 
|  49|0x00000000c3100000, 0x00000000c31ffff0, 0x00000000c3200000| 99%| O|  |TAMS 0x00000000c31ffff0, 0x00000000c3100000| Untracked 
|  50|0x00000000c3200000, 0x00000000c3300000, 0x00000000c3300000|100%| O|  |TAMS 0x00000000c3300000, 0x00000000c3200000| Untracked 
|  51|0x00000000c3300000, 0x00000000c33ffff8, 0x00000000c3400000| 99%| O|  |TAMS 0x00000000c33ffff8, 0x00000000c3300000| Untracked 
|  52|0x00000000c3400000, 0x00000000c34fffe8, 0x00000000c3500000| 99%| O|  |TAMS 0x00000000c34fffe8, 0x00000000c3400000| Untracked 
|  53|0x00000000c3500000, 0x00000000c35ffff8, 0x00000000c3600000| 99%| O|  |TAMS 0x00000000c35ffff8, 0x00000000c3500000| Untracked 
|  54|0x00000000c3600000, 0x00000000c36ffff8, 0x00000000c3700000| 99%| O|  |TAMS 0x00000000c36ffff8, 0x00000000c3600000| Untracked 
|  55|0x00000000c3700000, 0x00000000c37fffe0, 0x00000000c3800000| 99%| O|  |TAMS 0x00000000c37fffe0, 0x00000000c3700000| Untracked 
|  56|0x00000000c3800000, 0x00000000c3900000, 0x00000000c3900000|100%| O|  |TAMS 0x00000000c3900000, 0x00000000c3800000| Untracked 
|  57|0x00000000c3900000, 0x00000000c3a00000, 0x00000000c3a00000|100%| O|  |TAMS 0x00000000c3a00000, 0x00000000c3900000| Untracked 
|  58|0x00000000c3a00000, 0x00000000c3affff8, 0x00000000c3b00000| 99%| O|  |TAMS 0x00000000c3affff8, 0x00000000c3a00000| Untracked 
|  59|0x00000000c3b00000, 0x00000000c3bffff8, 0x00000000c3c00000| 99%| O|  |TAMS 0x00000000c3bffff8, 0x00000000c3b00000| Untracked 
|  60|0x00000000c3c00000, 0x00000000c3cfffd8, 0x00000000c3d00000| 99%| O|  |TAMS 0x00000000c3cfffd8, 0x00000000c3c00000| Untracked 
|  61|0x00000000c3d00000, 0x00000000c3dffff8, 0x00000000c3e00000| 99%| O|  |TAMS 0x00000000c3dffff8, 0x00000000c3d00000| Untracked 
|  62|0x00000000c3e00000, 0x00000000c3effff0, 0x00000000c3f00000| 99%| O|  |TAMS 0x00000000c3effff0, 0x00000000c3e00000| Untracked 
|  63|0x00000000c3f00000, 0x00000000c4000000, 0x00000000c4000000|100%| O|  |TAMS 0x00000000c4000000, 0x00000000c3f00000| Untracked 
|  64|0x00000000c4000000, 0x00000000c40ffff8, 0x00000000c4100000| 99%| O|  |TAMS 0x00000000c40ffff8, 0x00000000c4000000| Untracked 
|  65|0x00000000c4100000, 0x00000000c4200000, 0x00000000c4200000|100%| O|  |TAMS 0x00000000c4200000, 0x00000000c4100000| Untracked 
|  66|0x00000000c4200000, 0x00000000c4300000, 0x00000000c4300000|100%| O|  |TAMS 0x00000000c4300000, 0x00000000c4200000| Untracked 
|  67|0x00000000c4300000, 0x00000000c4400000, 0x00000000c4400000|100%| O|  |TAMS 0x00000000c4400000, 0x00000000c4300000| Untracked 
|  68|0x00000000c4400000, 0x00000000c4500000, 0x00000000c4500000|100%| O|  |TAMS 0x00000000c4500000, 0x00000000c4400000| Untracked 
|  69|0x00000000c4500000, 0x00000000c4600000, 0x00000000c4600000|100%| O|  |TAMS 0x00000000c4600000, 0x00000000c4500000| Untracked 
|  70|0x00000000c4600000, 0x00000000c46fffe8, 0x00000000c4700000| 99%| O|  |TAMS 0x00000000c46fffe8, 0x00000000c4600000| Untracked 
|  71|0x00000000c4700000, 0x00000000c47fffe8, 0x00000000c4800000| 99%| O|  |TAMS 0x00000000c47fffe8, 0x00000000c4700000| Untracked 
|  72|0x00000000c4800000, 0x00000000c4900000, 0x00000000c4900000|100%| O|  |TAMS 0x00000000c4900000, 0x00000000c4800000| Untracked 
|  73|0x00000000c4900000, 0x00000000c49fffd8, 0x00000000c4a00000| 99%| O|  |TAMS 0x00000000c49fffd8, 0x00000000c4900000| Untracked 
|  74|0x00000000c4a00000, 0x00000000c4afffb8, 0x00000000c4b00000| 99%| O|  |TAMS 0x00000000c4afffb8, 0x00000000c4a00000| Untracked 
|  75|0x00000000c4b00000, 0x00000000c4bffff8, 0x00000000c4c00000| 99%| O|  |TAMS 0x00000000c4bffff8, 0x00000000c4b00000| Untracked 
|  76|0x00000000c4c00000, 0x00000000c4cf1468, 0x00000000c4d00000| 94%| O|  |TAMS 0x00000000c4c00000, 0x00000000c4c00000| Untracked 
|  77|0x00000000c4d00000, 0x00000000c4e00000, 0x00000000c4e00000|100%| O|  |TAMS 0x00000000c4e00000, 0x00000000c4d00000| Untracked 
|  78|0x00000000c4e00000, 0x00000000c4f00000, 0x00000000c4f00000|100%| O|  |TAMS 0x00000000c4f00000, 0x00000000c4e00000| Untracked 
|  79|0x00000000c4f00000, 0x00000000c4feb568, 0x00000000c5000000| 91%| O|  |TAMS 0x00000000c4f00000, 0x00000000c4f00000| Untracked 
|  80|0x00000000c5000000, 0x00000000c5100000, 0x00000000c5100000|100%| O|  |TAMS 0x00000000c5100000, 0x00000000c5000000| Untracked 
|  81|0x00000000c5100000, 0x00000000c51f8df0, 0x00000000c5200000| 97%| O|  |TAMS 0x00000000c51f8df0, 0x00000000c5100000| Untracked 
|  82|0x00000000c5200000, 0x00000000c5300000, 0x00000000c5300000|100%| O|  |TAMS 0x00000000c5300000, 0x00000000c5200000| Untracked 
|  83|0x00000000c5300000, 0x00000000c53f6d90, 0x00000000c5400000| 96%| O|  |TAMS 0x00000000c53f6d90, 0x00000000c5300000| Untracked 
|  84|0x00000000c5400000, 0x00000000c54b2408, 0x00000000c5500000| 69%| O|  |TAMS 0x00000000c5400000, 0x00000000c5400000| Untracked 
|  85|0x00000000c5500000, 0x00000000c5573d30, 0x00000000c5600000| 45%| O|  |TAMS 0x00000000c5500000, 0x00000000c5500000| Untracked 
|  86|0x00000000c5600000, 0x00000000c56fffd8, 0x00000000c5700000| 99%| O|  |TAMS 0x00000000c56fffd8, 0x00000000c5600000| Untracked 
|  87|0x00000000c5700000, 0x00000000c57e6148, 0x00000000c5800000| 89%| O|  |TAMS 0x00000000c5700000, 0x00000000c5700000| Untracked 
|  88|0x00000000c5800000, 0x00000000c5800000, 0x00000000c5900000|  0%| F|  |TAMS 0x00000000c5800000, 0x00000000c5800000| Untracked 
|  89|0x00000000c5900000, 0x00000000c5900000, 0x00000000c5a00000|  0%| F|  |TAMS 0x00000000c5900000, 0x00000000c5900000| Untracked 
|  90|0x00000000c5a00000, 0x00000000c5b00000, 0x00000000c5b00000|100%|HS|  |TAMS 0x00000000c5b00000, 0x00000000c5a00000| Untracked 
|  91|0x00000000c5b00000, 0x00000000c5b00000, 0x00000000c5c00000|  0%| F|  |TAMS 0x00000000c5b00000, 0x00000000c5b00000| Untracked 
|  92|0x00000000c5c00000, 0x00000000c5c00088, 0x00000000c5d00000|  0%| O|  |TAMS 0x00000000c5c00000, 0x00000000c5c00000| Untracked 
|  93|0x00000000c5d00000, 0x00000000c5d00000, 0x00000000c5e00000|  0%| F|  |TAMS 0x00000000c5d00000, 0x00000000c5d00000| Untracked 
|  94|0x00000000c5e00000, 0x00000000c5e00000, 0x00000000c5f00000|  0%| F|  |TAMS 0x00000000c5e00000, 0x00000000c5e00000| Untracked 
|  95|0x00000000c5f00000, 0x00000000c5f00000, 0x00000000c6000000|  0%| F|  |TAMS 0x00000000c5f00000, 0x00000000c5f00000| Untracked 
|  96|0x00000000c6000000, 0x00000000c6000000, 0x00000000c6100000|  0%| F|  |TAMS 0x00000000c6000000, 0x00000000c6000000| Untracked 
|  97|0x00000000c6100000, 0x00000000c6100000, 0x00000000c6200000|  0%| F|  |TAMS 0x00000000c6100000, 0x00000000c6100000| Untracked 
|  98|0x00000000c6200000, 0x00000000c6200000, 0x00000000c6300000|  0%| F|  |TAMS 0x00000000c6200000, 0x00000000c6200000| Untracked 
|  99|0x00000000c6300000, 0x00000000c6300000, 0x00000000c6400000|  0%| F|  |TAMS 0x00000000c6300000, 0x00000000c6300000| Untracked 
| 100|0x00000000c6400000, 0x00000000c6400000, 0x00000000c6500000|  0%| F|  |TAMS 0x00000000c6400000, 0x00000000c6400000| Untracked 
| 101|0x00000000c6500000, 0x00000000c6500000, 0x00000000c6600000|  0%| F|  |TAMS 0x00000000c6500000, 0x00000000c6500000| Untracked 
| 102|0x00000000c6600000, 0x00000000c6600000, 0x00000000c6700000|  0%| F|  |TAMS 0x00000000c6600000, 0x00000000c6600000| Untracked 
| 103|0x00000000c6700000, 0x00000000c6700000, 0x00000000c6800000|  0%| F|  |TAMS 0x00000000c6700000, 0x00000000c6700000| Untracked 
| 104|0x00000000c6800000, 0x00000000c6800000, 0x00000000c6900000|  0%| F|  |TAMS 0x00000000c6800000, 0x00000000c6800000| Untracked 
| 105|0x00000000c6900000, 0x00000000c6900000, 0x00000000c6a00000|  0%| F|  |TAMS 0x00000000c6900000, 0x00000000c6900000| Untracked 
| 106|0x00000000c6a00000, 0x00000000c6a00000, 0x00000000c6b00000|  0%| F|  |TAMS 0x00000000c6a00000, 0x00000000c6a00000| Untracked 
| 107|0x00000000c6b00000, 0x00000000c6b00000, 0x00000000c6c00000|  0%| F|  |TAMS 0x00000000c6b00000, 0x00000000c6b00000| Untracked 
| 108|0x00000000c6c00000, 0x00000000c6c00000, 0x00000000c6d00000|  0%| F|  |TAMS 0x00000000c6c00000, 0x00000000c6c00000| Untracked 
| 109|0x00000000c6d00000, 0x00000000c6d00000, 0x00000000c6e00000|  0%| F|  |TAMS 0x00000000c6d00000, 0x00000000c6d00000| Untracked 
| 110|0x00000000c6e00000, 0x00000000c6e00000, 0x00000000c6f00000|  0%| F|  |TAMS 0x00000000c6e00000, 0x00000000c6e00000| Untracked 
| 111|0x00000000c6f00000, 0x00000000c6f00000, 0x00000000c7000000|  0%| F|  |TAMS 0x00000000c6f00000, 0x00000000c6f00000| Untracked 
| 112|0x00000000c7000000, 0x00000000c7000000, 0x00000000c7100000|  0%| F|  |TAMS 0x00000000c7000000, 0x00000000c7000000| Untracked 
| 113|0x00000000c7100000, 0x00000000c7100000, 0x00000000c7200000|  0%| F|  |TAMS 0x00000000c7100000, 0x00000000c7100000| Untracked 
| 114|0x00000000c7200000, 0x00000000c7300000, 0x00000000c7300000|100%| O|  |TAMS 0x00000000c7300000, 0x00000000c7200000| Untracked 
| 115|0x00000000c7300000, 0x00000000c7400000, 0x00000000c7400000|100%| O|  |TAMS 0x00000000c7400000, 0x00000000c7300000| Untracked 
| 116|0x00000000c7400000, 0x00000000c74fffe0, 0x00000000c7500000| 99%| O|  |TAMS 0x00000000c74fffe0, 0x00000000c7400000| Untracked 
| 117|0x00000000c7500000, 0x00000000c7600000, 0x00000000c7600000|100%| O|  |TAMS 0x00000000c7600000, 0x00000000c7500000| Untracked 
| 118|0x00000000c7600000, 0x00000000c7700000, 0x00000000c7700000|100%| O|  |TAMS 0x00000000c7700000, 0x00000000c7600000| Untracked 
| 119|0x00000000c7700000, 0x00000000c7700000, 0x00000000c7800000|  0%| F|  |TAMS 0x00000000c7700000, 0x00000000c7700000| Untracked 
| 120|0x00000000c7800000, 0x00000000c7800000, 0x00000000c7900000|  0%| F|  |TAMS 0x00000000c7800000, 0x00000000c7800000| Untracked 
| 121|0x00000000c7900000, 0x00000000c7900000, 0x00000000c7a00000|  0%| F|  |TAMS 0x00000000c7900000, 0x00000000c7900000| Untracked 
| 122|0x00000000c7a00000, 0x00000000c7a00000, 0x00000000c7b00000|  0%| F|  |TAMS 0x00000000c7a00000, 0x00000000c7a00000| Untracked 
| 123|0x00000000c7b00000, 0x00000000c7b00000, 0x00000000c7c00000|  0%| F|  |TAMS 0x00000000c7b00000, 0x00000000c7b00000| Untracked 
| 124|0x00000000c7c00000, 0x00000000c7c00000, 0x00000000c7d00000|  0%| F|  |TAMS 0x00000000c7c00000, 0x00000000c7c00000| Untracked 
| 125|0x00000000c7d00000, 0x00000000c7d00000, 0x00000000c7e00000|  0%| F|  |TAMS 0x00000000c7d00000, 0x00000000c7d00000| Untracked 
| 126|0x00000000c7e00000, 0x00000000c7e00000, 0x00000000c7f00000|  0%| F|  |TAMS 0x00000000c7e00000, 0x00000000c7e00000| Untracked 
| 127|0x00000000c7f00000, 0x00000000c7f00000, 0x00000000c8000000|  0%| F|  |TAMS 0x00000000c7f00000, 0x00000000c7f00000| Untracked 
| 128|0x00000000c8000000, 0x00000000c8000000, 0x00000000c8100000|  0%| F|  |TAMS 0x00000000c8000000, 0x00000000c8000000| Untracked 
| 129|0x00000000c8100000, 0x00000000c8100000, 0x00000000c8200000|  0%| F|  |TAMS 0x00000000c8100000, 0x00000000c8100000| Untracked 
| 130|0x00000000c8200000, 0x00000000c8200000, 0x00000000c8300000|  0%| F|  |TAMS 0x00000000c8200000, 0x00000000c8200000| Untracked 
| 131|0x00000000c8300000, 0x00000000c8300000, 0x00000000c8400000|  0%| F|  |TAMS 0x00000000c8300000, 0x00000000c8300000| Untracked 
| 132|0x00000000c8400000, 0x00000000c8400000, 0x00000000c8500000|  0%| F|  |TAMS 0x00000000c8400000, 0x00000000c8400000| Untracked 
| 133|0x00000000c8500000, 0x00000000c8500000, 0x00000000c8600000|  0%| F|  |TAMS 0x00000000c8500000, 0x00000000c8500000| Untracked 
| 134|0x00000000c8600000, 0x00000000c8600000, 0x00000000c8700000|  0%| F|  |TAMS 0x00000000c8600000, 0x00000000c8600000| Untracked 
| 135|0x00000000c8700000, 0x00000000c8700000, 0x00000000c8800000|  0%| F|  |TAMS 0x00000000c8700000, 0x00000000c8700000| Untracked 
| 136|0x00000000c8800000, 0x00000000c8800000, 0x00000000c8900000|  0%| F|  |TAMS 0x00000000c8800000, 0x00000000c8800000| Untracked 
| 137|0x00000000c8900000, 0x00000000c8900000, 0x00000000c8a00000|  0%| F|  |TAMS 0x00000000c8900000, 0x00000000c8900000| Untracked 
| 138|0x00000000c8a00000, 0x00000000c8a00000, 0x00000000c8b00000|  0%| F|  |TAMS 0x00000000c8a00000, 0x00000000c8a00000| Untracked 
| 139|0x00000000c8b00000, 0x00000000c8b00000, 0x00000000c8c00000|  0%| F|  |TAMS 0x00000000c8b00000, 0x00000000c8b00000| Untracked 
| 140|0x00000000c8c00000, 0x00000000c8c00000, 0x00000000c8d00000|  0%| F|  |TAMS 0x00000000c8c00000, 0x00000000c8c00000| Untracked 
| 141|0x00000000c8d00000, 0x00000000c8d00000, 0x00000000c8e00000|  0%| F|  |TAMS 0x00000000c8d00000, 0x00000000c8d00000| Untracked 
| 142|0x00000000c8e00000, 0x00000000c8e00000, 0x00000000c8f00000|  0%| F|  |TAMS 0x00000000c8e00000, 0x00000000c8e00000| Untracked 
| 143|0x00000000c8f00000, 0x00000000c8f00000, 0x00000000c9000000|  0%| F|  |TAMS 0x00000000c8f00000, 0x00000000c8f00000| Untracked 
| 144|0x00000000c9000000, 0x00000000c9000000, 0x00000000c9100000|  0%| F|  |TAMS 0x00000000c9000000, 0x00000000c9000000| Untracked 
| 145|0x00000000c9100000, 0x00000000c9100000, 0x00000000c9200000|  0%| F|  |TAMS 0x00000000c9100000, 0x00000000c9100000| Untracked 
| 146|0x00000000c9200000, 0x00000000c9200000, 0x00000000c9300000|  0%| F|  |TAMS 0x00000000c9200000, 0x00000000c9200000| Untracked 
| 147|0x00000000c9300000, 0x00000000c9300000, 0x00000000c9400000|  0%| F|  |TAMS 0x00000000c9300000, 0x00000000c9300000| Untracked 
| 148|0x00000000c9400000, 0x00000000c9500000, 0x00000000c9500000|100%|HS|  |TAMS 0x00000000c9500000, 0x00000000c9400000| Untracked 
| 149|0x00000000c9500000, 0x00000000c9500000, 0x00000000c9600000|  0%| F|  |TAMS 0x00000000c9500000, 0x00000000c9500000| Untracked 
| 150|0x00000000c9600000, 0x00000000c9600000, 0x00000000c9700000|  0%| F|  |TAMS 0x00000000c9600000, 0x00000000c9600000| Untracked 
| 151|0x00000000c9700000, 0x00000000c9700000, 0x00000000c9800000|  0%| F|  |TAMS 0x00000000c9700000, 0x00000000c9700000| Untracked 
| 152|0x00000000c9800000, 0x00000000c9800000, 0x00000000c9900000|  0%| F|  |TAMS 0x00000000c9800000, 0x00000000c9800000| Untracked 
| 153|0x00000000c9900000, 0x00000000c9900000, 0x00000000c9a00000|  0%| F|  |TAMS 0x00000000c9900000, 0x00000000c9900000| Untracked 
| 154|0x00000000c9a00000, 0x00000000c9a00000, 0x00000000c9b00000|  0%| F|  |TAMS 0x00000000c9a00000, 0x00000000c9a00000| Untracked 
| 155|0x00000000c9b00000, 0x00000000c9b00000, 0x00000000c9c00000|  0%| F|  |TAMS 0x00000000c9b00000, 0x00000000c9b00000| Untracked 
| 156|0x00000000c9c00000, 0x00000000c9c00000, 0x00000000c9d00000|  0%| F|  |TAMS 0x00000000c9c00000, 0x00000000c9c00000| Untracked 
| 157|0x00000000c9d00000, 0x00000000c9d00000, 0x00000000c9e00000|  0%| F|  |TAMS 0x00000000c9d00000, 0x00000000c9d00000| Untracked 
| 158|0x00000000c9e00000, 0x00000000c9e00000, 0x00000000c9f00000|  0%| F|  |TAMS 0x00000000c9e00000, 0x00000000c9e00000| Untracked 
| 159|0x00000000c9f00000, 0x00000000c9f00000, 0x00000000ca000000|  0%| F|  |TAMS 0x00000000c9f00000, 0x00000000c9f00000| Untracked 
| 160|0x00000000ca000000, 0x00000000ca000000, 0x00000000ca100000|  0%| F|  |TAMS 0x00000000ca000000, 0x00000000ca000000| Untracked 
| 161|0x00000000ca100000, 0x00000000ca100000, 0x00000000ca200000|  0%| F|  |TAMS 0x00000000ca100000, 0x00000000ca100000| Untracked 
| 162|0x00000000ca200000, 0x00000000ca200000, 0x00000000ca300000|  0%| F|  |TAMS 0x00000000ca200000, 0x00000000ca200000| Untracked 
| 163|0x00000000ca300000, 0x00000000ca300000, 0x00000000ca400000|  0%| F|  |TAMS 0x00000000ca300000, 0x00000000ca300000| Untracked 
| 164|0x00000000ca400000, 0x00000000ca400000, 0x00000000ca500000|  0%| F|  |TAMS 0x00000000ca400000, 0x00000000ca400000| Untracked 
| 165|0x00000000ca500000, 0x00000000ca500000, 0x00000000ca600000|  0%| F|  |TAMS 0x00000000ca500000, 0x00000000ca500000| Untracked 
| 166|0x00000000ca600000, 0x00000000ca600000, 0x00000000ca700000|  0%| F|  |TAMS 0x00000000ca600000, 0x00000000ca600000| Untracked 
| 167|0x00000000ca700000, 0x00000000ca700000, 0x00000000ca800000|  0%| F|  |TAMS 0x00000000ca700000, 0x00000000ca700000| Untracked 
| 168|0x00000000ca800000, 0x00000000ca800000, 0x00000000ca900000|  0%| F|  |TAMS 0x00000000ca800000, 0x00000000ca800000| Untracked 
| 169|0x00000000ca900000, 0x00000000ca900000, 0x00000000caa00000|  0%| F|  |TAMS 0x00000000ca900000, 0x00000000ca900000| Untracked 
| 170|0x00000000caa00000, 0x00000000caa00000, 0x00000000cab00000|  0%| F|  |TAMS 0x00000000caa00000, 0x00000000caa00000| Untracked 
| 171|0x00000000cab00000, 0x00000000cab00000, 0x00000000cac00000|  0%| F|  |TAMS 0x00000000cab00000, 0x00000000cab00000| Untracked 
| 172|0x00000000cac00000, 0x00000000cac00000, 0x00000000cad00000|  0%| F|  |TAMS 0x00000000cac00000, 0x00000000cac00000| Untracked 
| 173|0x00000000cad00000, 0x00000000cad00000, 0x00000000cae00000|  0%| F|  |TAMS 0x00000000cad00000, 0x00000000cad00000| Untracked 
| 174|0x00000000cae00000, 0x00000000cae00000, 0x00000000caf00000|  0%| F|  |TAMS 0x00000000cae00000, 0x00000000cae00000| Untracked 
| 175|0x00000000caf00000, 0x00000000caf00000, 0x00000000cb000000|  0%| F|  |TAMS 0x00000000caf00000, 0x00000000caf00000| Untracked 
| 176|0x00000000cb000000, 0x00000000cb000000, 0x00000000cb100000|  0%| F|  |TAMS 0x00000000cb000000, 0x00000000cb000000| Untracked 
| 177|0x00000000cb100000, 0x00000000cb100000, 0x00000000cb200000|  0%| F|  |TAMS 0x00000000cb100000, 0x00000000cb100000| Untracked 
| 178|0x00000000cb200000, 0x00000000cb200000, 0x00000000cb300000|  0%| F|  |TAMS 0x00000000cb200000, 0x00000000cb200000| Untracked 
| 179|0x00000000cb300000, 0x00000000cb300000, 0x00000000cb400000|  0%| F|  |TAMS 0x00000000cb300000, 0x00000000cb300000| Untracked 
| 180|0x00000000cb400000, 0x00000000cb400000, 0x00000000cb500000|  0%| F|  |TAMS 0x00000000cb400000, 0x00000000cb400000| Untracked 
| 181|0x00000000cb500000, 0x00000000cb500000, 0x00000000cb600000|  0%| F|  |TAMS 0x00000000cb500000, 0x00000000cb500000| Untracked 
| 182|0x00000000cb600000, 0x00000000cb600000, 0x00000000cb700000|  0%| F|  |TAMS 0x00000000cb600000, 0x00000000cb600000| Untracked 
| 183|0x00000000cb700000, 0x00000000cb700000, 0x00000000cb800000|  0%| F|  |TAMS 0x00000000cb700000, 0x00000000cb700000| Untracked 
| 184|0x00000000cb800000, 0x00000000cb800000, 0x00000000cb900000|  0%| F|  |TAMS 0x00000000cb800000, 0x00000000cb800000| Untracked 
| 185|0x00000000cb900000, 0x00000000cb900000, 0x00000000cba00000|  0%| F|  |TAMS 0x00000000cb900000, 0x00000000cb900000| Untracked 
| 186|0x00000000cba00000, 0x00000000cba00000, 0x00000000cbb00000|  0%| F|  |TAMS 0x00000000cba00000, 0x00000000cba00000| Untracked 
| 187|0x00000000cbb00000, 0x00000000cbb00000, 0x00000000cbc00000|  0%| F|  |TAMS 0x00000000cbb00000, 0x00000000cbb00000| Untracked 
| 188|0x00000000cbc00000, 0x00000000cbc00000, 0x00000000cbd00000|  0%| F|  |TAMS 0x00000000cbc00000, 0x00000000cbc00000| Untracked 
| 189|0x00000000cbd00000, 0x00000000cbd00000, 0x00000000cbe00000|  0%| F|  |TAMS 0x00000000cbd00000, 0x00000000cbd00000| Untracked 
| 190|0x00000000cbe00000, 0x00000000cbe00000, 0x00000000cbf00000|  0%| F|  |TAMS 0x00000000cbe00000, 0x00000000cbe00000| Untracked 
| 191|0x00000000cbf00000, 0x00000000cbf00000, 0x00000000cc000000|  0%| F|  |TAMS 0x00000000cbf00000, 0x00000000cbf00000| Untracked 
| 192|0x00000000cc000000, 0x00000000cc000000, 0x00000000cc100000|  0%| F|  |TAMS 0x00000000cc000000, 0x00000000cc000000| Untracked 
| 193|0x00000000cc100000, 0x00000000cc100000, 0x00000000cc200000|  0%| F|  |TAMS 0x00000000cc100000, 0x00000000cc100000| Untracked 
| 194|0x00000000cc200000, 0x00000000cc200000, 0x00000000cc300000|  0%| F|  |TAMS 0x00000000cc200000, 0x00000000cc200000| Untracked 
| 195|0x00000000cc300000, 0x00000000cc300000, 0x00000000cc400000|  0%| F|  |TAMS 0x00000000cc300000, 0x00000000cc300000| Untracked 
| 196|0x00000000cc400000, 0x00000000cc400000, 0x00000000cc500000|  0%| F|  |TAMS 0x00000000cc400000, 0x00000000cc400000| Untracked 
| 197|0x00000000cc500000, 0x00000000cc500000, 0x00000000cc600000|  0%| F|  |TAMS 0x00000000cc500000, 0x00000000cc500000| Untracked 
| 198|0x00000000cc600000, 0x00000000cc600000, 0x00000000cc700000|  0%| F|  |TAMS 0x00000000cc600000, 0x00000000cc600000| Untracked 
| 199|0x00000000cc700000, 0x00000000cc700000, 0x00000000cc800000|  0%| F|  |TAMS 0x00000000cc700000, 0x00000000cc700000| Untracked 
| 200|0x00000000cc800000, 0x00000000cc800000, 0x00000000cc900000|  0%| F|  |TAMS 0x00000000cc800000, 0x00000000cc800000| Untracked 
| 201|0x00000000cc900000, 0x00000000cc900000, 0x00000000cca00000|  0%| F|  |TAMS 0x00000000cc900000, 0x00000000cc900000| Untracked 
| 202|0x00000000cca00000, 0x00000000cca00000, 0x00000000ccb00000|  0%| F|  |TAMS 0x00000000cca00000, 0x00000000cca00000| Untracked 
| 203|0x00000000ccb00000, 0x00000000ccb00000, 0x00000000ccc00000|  0%| F|  |TAMS 0x00000000ccb00000, 0x00000000ccb00000| Untracked 
| 204|0x00000000ccc00000, 0x00000000ccc00000, 0x00000000ccd00000|  0%| F|  |TAMS 0x00000000ccc00000, 0x00000000ccc00000| Untracked 
| 205|0x00000000ccd00000, 0x00000000ccd00000, 0x00000000cce00000|  0%| F|  |TAMS 0x00000000ccd00000, 0x00000000ccd00000| Untracked 
| 206|0x00000000cce00000, 0x00000000cce00000, 0x00000000ccf00000|  0%| F|  |TAMS 0x00000000cce00000, 0x00000000cce00000| Untracked 
| 207|0x00000000ccf00000, 0x00000000ccf00000, 0x00000000cd000000|  0%| F|  |TAMS 0x00000000ccf00000, 0x00000000ccf00000| Untracked 
| 208|0x00000000cd000000, 0x00000000cd000000, 0x00000000cd100000|  0%| F|  |TAMS 0x00000000cd000000, 0x00000000cd000000| Untracked 
| 209|0x00000000cd100000, 0x00000000cd100000, 0x00000000cd200000|  0%| F|  |TAMS 0x00000000cd100000, 0x00000000cd100000| Untracked 
| 210|0x00000000cd200000, 0x00000000cd200000, 0x00000000cd300000|  0%| F|  |TAMS 0x00000000cd200000, 0x00000000cd200000| Untracked 
| 211|0x00000000cd300000, 0x00000000cd300000, 0x00000000cd400000|  0%| F|  |TAMS 0x00000000cd300000, 0x00000000cd300000| Untracked 
| 212|0x00000000cd400000, 0x00000000cd400000, 0x00000000cd500000|  0%| F|  |TAMS 0x00000000cd400000, 0x00000000cd400000| Untracked 
| 213|0x00000000cd500000, 0x00000000cd500000, 0x00000000cd600000|  0%| F|  |TAMS 0x00000000cd500000, 0x00000000cd500000| Untracked 
| 214|0x00000000cd600000, 0x00000000cd600000, 0x00000000cd700000|  0%| F|  |TAMS 0x00000000cd600000, 0x00000000cd600000| Untracked 
| 215|0x00000000cd700000, 0x00000000cd700000, 0x00000000cd800000|  0%| F|  |TAMS 0x00000000cd700000, 0x00000000cd700000| Untracked 
| 216|0x00000000cd800000, 0x00000000cd800000, 0x00000000cd900000|  0%| F|  |TAMS 0x00000000cd800000, 0x00000000cd800000| Untracked 
| 217|0x00000000cd900000, 0x00000000cd900000, 0x00000000cda00000|  0%| F|  |TAMS 0x00000000cd900000, 0x00000000cd900000| Untracked 
| 218|0x00000000cda00000, 0x00000000cda00000, 0x00000000cdb00000|  0%| F|  |TAMS 0x00000000cda00000, 0x00000000cda00000| Untracked 
| 219|0x00000000cdb00000, 0x00000000cdb00000, 0x00000000cdc00000|  0%| F|  |TAMS 0x00000000cdb00000, 0x00000000cdb00000| Untracked 
| 220|0x00000000cdc00000, 0x00000000cdc00000, 0x00000000cdd00000|  0%| F|  |TAMS 0x00000000cdc00000, 0x00000000cdc00000| Untracked 
| 221|0x00000000cdd00000, 0x00000000cdd00000, 0x00000000cde00000|  0%| F|  |TAMS 0x00000000cdd00000, 0x00000000cdd00000| Untracked 
| 222|0x00000000cde00000, 0x00000000cde00000, 0x00000000cdf00000|  0%| F|  |TAMS 0x00000000cde00000, 0x00000000cde00000| Untracked 
| 223|0x00000000cdf00000, 0x00000000cdf00000, 0x00000000ce000000|  0%| F|  |TAMS 0x00000000cdf00000, 0x00000000cdf00000| Untracked 
| 224|0x00000000ce000000, 0x00000000ce000000, 0x00000000ce100000|  0%| F|  |TAMS 0x00000000ce000000, 0x00000000ce000000| Untracked 
| 225|0x00000000ce100000, 0x00000000ce100000, 0x00000000ce200000|  0%| F|  |TAMS 0x00000000ce100000, 0x00000000ce100000| Untracked 
| 226|0x00000000ce200000, 0x00000000ce200000, 0x00000000ce300000|  0%| F|  |TAMS 0x00000000ce200000, 0x00000000ce200000| Untracked 
| 227|0x00000000ce300000, 0x00000000ce300000, 0x00000000ce400000|  0%| F|  |TAMS 0x00000000ce300000, 0x00000000ce300000| Untracked 
| 228|0x00000000ce400000, 0x00000000ce400000, 0x00000000ce500000|  0%| F|  |TAMS 0x00000000ce400000, 0x00000000ce400000| Untracked 
| 229|0x00000000ce500000, 0x00000000ce500000, 0x00000000ce600000|  0%| F|  |TAMS 0x00000000ce500000, 0x00000000ce500000| Untracked 
| 230|0x00000000ce600000, 0x00000000ce600000, 0x00000000ce700000|  0%| F|  |TAMS 0x00000000ce600000, 0x00000000ce600000| Untracked 
| 231|0x00000000ce700000, 0x00000000ce700000, 0x00000000ce800000|  0%| F|  |TAMS 0x00000000ce700000, 0x00000000ce700000| Untracked 
| 232|0x00000000ce800000, 0x00000000ce800000, 0x00000000ce900000|  0%| F|  |TAMS 0x00000000ce800000, 0x00000000ce800000| Untracked 
| 233|0x00000000ce900000, 0x00000000ce900000, 0x00000000cea00000|  0%| F|  |TAMS 0x00000000ce900000, 0x00000000ce900000| Untracked 
| 234|0x00000000cea00000, 0x00000000cea00000, 0x00000000ceb00000|  0%| F|  |TAMS 0x00000000cea00000, 0x00000000cea00000| Untracked 
| 235|0x00000000ceb00000, 0x00000000ceb00000, 0x00000000cec00000|  0%| F|  |TAMS 0x00000000ceb00000, 0x00000000ceb00000| Untracked 
| 236|0x00000000cec00000, 0x00000000cec00000, 0x00000000ced00000|  0%| F|  |TAMS 0x00000000cec00000, 0x00000000cec00000| Untracked 
| 237|0x00000000ced00000, 0x00000000ced00000, 0x00000000cee00000|  0%| F|  |TAMS 0x00000000ced00000, 0x00000000ced00000| Untracked 
| 238|0x00000000cee00000, 0x00000000cee00000, 0x00000000cef00000|  0%| F|  |TAMS 0x00000000cee00000, 0x00000000cee00000| Untracked 
| 239|0x00000000cef00000, 0x00000000cef00000, 0x00000000cf000000|  0%| F|  |TAMS 0x00000000cef00000, 0x00000000cef00000| Untracked 
| 240|0x00000000cf000000, 0x00000000cf000000, 0x00000000cf100000|  0%| F|  |TAMS 0x00000000cf000000, 0x00000000cf000000| Untracked 
| 241|0x00000000cf100000, 0x00000000cf100000, 0x00000000cf200000|  0%| F|  |TAMS 0x00000000cf100000, 0x00000000cf100000| Untracked 
| 242|0x00000000cf200000, 0x00000000cf200000, 0x00000000cf300000|  0%| F|  |TAMS 0x00000000cf200000, 0x00000000cf200000| Untracked 
| 243|0x00000000cf300000, 0x00000000cf300000, 0x00000000cf400000|  0%| F|  |TAMS 0x00000000cf300000, 0x00000000cf300000| Untracked 
| 244|0x00000000cf400000, 0x00000000cf400000, 0x00000000cf500000|  0%| F|  |TAMS 0x00000000cf400000, 0x00000000cf400000| Untracked 
| 245|0x00000000cf500000, 0x00000000cf500000, 0x00000000cf600000|  0%| F|  |TAMS 0x00000000cf500000, 0x00000000cf500000| Untracked 
| 246|0x00000000cf600000, 0x00000000cf600000, 0x00000000cf700000|  0%| F|  |TAMS 0x00000000cf600000, 0x00000000cf600000| Untracked 
| 247|0x00000000cf700000, 0x00000000cf700000, 0x00000000cf800000|  0%| F|  |TAMS 0x00000000cf700000, 0x00000000cf700000| Untracked 
| 248|0x00000000cf800000, 0x00000000cf800000, 0x00000000cf900000|  0%| F|  |TAMS 0x00000000cf800000, 0x00000000cf800000| Untracked 
| 249|0x00000000cf900000, 0x00000000cf900000, 0x00000000cfa00000|  0%| F|  |TAMS 0x00000000cf900000, 0x00000000cf900000| Untracked 
| 250|0x00000000cfa00000, 0x00000000cfa00000, 0x00000000cfb00000|  0%| F|  |TAMS 0x00000000cfa00000, 0x00000000cfa00000| Untracked 
| 251|0x00000000cfb00000, 0x00000000cfb00000, 0x00000000cfc00000|  0%| F|  |TAMS 0x00000000cfb00000, 0x00000000cfb00000| Untracked 
| 252|0x00000000cfc00000, 0x00000000cfc00000, 0x00000000cfd00000|  0%| F|  |TAMS 0x00000000cfc00000, 0x00000000cfc00000| Untracked 
| 253|0x00000000cfd00000, 0x00000000cfd00000, 0x00000000cfe00000|  0%| F|  |TAMS 0x00000000cfd00000, 0x00000000cfd00000| Untracked 
| 254|0x00000000cfe00000, 0x00000000cfe00000, 0x00000000cff00000|  0%| F|  |TAMS 0x00000000cfe00000, 0x00000000cfe00000| Untracked 
| 255|0x00000000cff00000, 0x00000000cff00000, 0x00000000d0000000|  0%| F|  |TAMS 0x00000000cff00000, 0x00000000cff00000| Untracked 
| 256|0x00000000d0000000, 0x00000000d0000000, 0x00000000d0100000|  0%| F|  |TAMS 0x00000000d0000000, 0x00000000d0000000| Untracked 
| 257|0x00000000d0100000, 0x00000000d0100000, 0x00000000d0200000|  0%| F|  |TAMS 0x00000000d0100000, 0x00000000d0100000| Untracked 
| 258|0x00000000d0200000, 0x00000000d0200000, 0x00000000d0300000|  0%| F|  |TAMS 0x00000000d0200000, 0x00000000d0200000| Untracked 
| 259|0x00000000d0300000, 0x00000000d0300000, 0x00000000d0400000|  0%| F|  |TAMS 0x00000000d0300000, 0x00000000d0300000| Untracked 
| 260|0x00000000d0400000, 0x00000000d0400000, 0x00000000d0500000|  0%| F|  |TAMS 0x00000000d0400000, 0x00000000d0400000| Untracked 
| 261|0x00000000d0500000, 0x00000000d0500000, 0x00000000d0600000|  0%| F|  |TAMS 0x00000000d0500000, 0x00000000d0500000| Untracked 
| 262|0x00000000d0600000, 0x00000000d0600000, 0x00000000d0700000|  0%| F|  |TAMS 0x00000000d0600000, 0x00000000d0600000| Untracked 
| 263|0x00000000d0700000, 0x00000000d0700000, 0x00000000d0800000|  0%| F|  |TAMS 0x00000000d0700000, 0x00000000d0700000| Untracked 
| 264|0x00000000d0800000, 0x00000000d0800000, 0x00000000d0900000|  0%| F|  |TAMS 0x00000000d0800000, 0x00000000d0800000| Untracked 
| 265|0x00000000d0900000, 0x00000000d0900000, 0x00000000d0a00000|  0%| F|  |TAMS 0x00000000d0900000, 0x00000000d0900000| Untracked 
| 266|0x00000000d0a00000, 0x00000000d0a00000, 0x00000000d0b00000|  0%| F|  |TAMS 0x00000000d0a00000, 0x00000000d0a00000| Untracked 
| 267|0x00000000d0b00000, 0x00000000d0b00000, 0x00000000d0c00000|  0%| F|  |TAMS 0x00000000d0b00000, 0x00000000d0b00000| Untracked 
| 268|0x00000000d0c00000, 0x00000000d0c00000, 0x00000000d0d00000|  0%| F|  |TAMS 0x00000000d0c00000, 0x00000000d0c00000| Untracked 
| 269|0x00000000d0d00000, 0x00000000d0d00000, 0x00000000d0e00000|  0%| F|  |TAMS 0x00000000d0d00000, 0x00000000d0d00000| Untracked 
| 270|0x00000000d0e00000, 0x00000000d0e00000, 0x00000000d0f00000|  0%| F|  |TAMS 0x00000000d0e00000, 0x00000000d0e00000| Untracked 
| 271|0x00000000d0f00000, 0x00000000d0f00000, 0x00000000d1000000|  0%| F|  |TAMS 0x00000000d0f00000, 0x00000000d0f00000| Untracked 
| 272|0x00000000d1000000, 0x00000000d1000000, 0x00000000d1100000|  0%| F|  |TAMS 0x00000000d1000000, 0x00000000d1000000| Untracked 
| 273|0x00000000d1100000, 0x00000000d1100000, 0x00000000d1200000|  0%| F|  |TAMS 0x00000000d1100000, 0x00000000d1100000| Untracked 
| 274|0x00000000d1200000, 0x00000000d1200000, 0x00000000d1300000|  0%| F|  |TAMS 0x00000000d1200000, 0x00000000d1200000| Untracked 
| 275|0x00000000d1300000, 0x00000000d1300000, 0x00000000d1400000|  0%| F|  |TAMS 0x00000000d1300000, 0x00000000d1300000| Untracked 
| 276|0x00000000d1400000, 0x00000000d1400000, 0x00000000d1500000|  0%| F|  |TAMS 0x00000000d1400000, 0x00000000d1400000| Untracked 
| 277|0x00000000d1500000, 0x00000000d1500000, 0x00000000d1600000|  0%| F|  |TAMS 0x00000000d1500000, 0x00000000d1500000| Untracked 
| 278|0x00000000d1600000, 0x00000000d1600000, 0x00000000d1700000|  0%| F|  |TAMS 0x00000000d1600000, 0x00000000d1600000| Untracked 
| 279|0x00000000d1700000, 0x00000000d1700000, 0x00000000d1800000|  0%| F|  |TAMS 0x00000000d1700000, 0x00000000d1700000| Untracked 
| 280|0x00000000d1800000, 0x00000000d1800000, 0x00000000d1900000|  0%| F|  |TAMS 0x00000000d1800000, 0x00000000d1800000| Untracked 
| 281|0x00000000d1900000, 0x00000000d1900000, 0x00000000d1a00000|  0%| F|  |TAMS 0x00000000d1900000, 0x00000000d1900000| Untracked 
| 282|0x00000000d1a00000, 0x00000000d1a00000, 0x00000000d1b00000|  0%| F|  |TAMS 0x00000000d1a00000, 0x00000000d1a00000| Untracked 
| 283|0x00000000d1b00000, 0x00000000d1b00000, 0x00000000d1c00000|  0%| F|  |TAMS 0x00000000d1b00000, 0x00000000d1b00000| Untracked 
| 284|0x00000000d1c00000, 0x00000000d1c00000, 0x00000000d1d00000|  0%| F|  |TAMS 0x00000000d1c00000, 0x00000000d1c00000| Untracked 
| 285|0x00000000d1d00000, 0x00000000d1d00000, 0x00000000d1e00000|  0%| F|  |TAMS 0x00000000d1d00000, 0x00000000d1d00000| Untracked 
| 286|0x00000000d1e00000, 0x00000000d1e00000, 0x00000000d1f00000|  0%| F|  |TAMS 0x00000000d1e00000, 0x00000000d1e00000| Untracked 
| 287|0x00000000d1f00000, 0x00000000d1f00000, 0x00000000d2000000|  0%| F|  |TAMS 0x00000000d1f00000, 0x00000000d1f00000| Untracked 
| 288|0x00000000d2000000, 0x00000000d2000000, 0x00000000d2100000|  0%| F|  |TAMS 0x00000000d2000000, 0x00000000d2000000| Untracked 
| 289|0x00000000d2100000, 0x00000000d2100000, 0x00000000d2200000|  0%| F|  |TAMS 0x00000000d2100000, 0x00000000d2100000| Untracked 
| 290|0x00000000d2200000, 0x00000000d2200000, 0x00000000d2300000|  0%| F|  |TAMS 0x00000000d2200000, 0x00000000d2200000| Untracked 
| 291|0x00000000d2300000, 0x00000000d2300000, 0x00000000d2400000|  0%| F|  |TAMS 0x00000000d2300000, 0x00000000d2300000| Untracked 
| 292|0x00000000d2400000, 0x00000000d2400000, 0x00000000d2500000|  0%| F|  |TAMS 0x00000000d2400000, 0x00000000d2400000| Untracked 
| 293|0x00000000d2500000, 0x00000000d25060d0, 0x00000000d2600000|  2%| E|  |TAMS 0x00000000d2500000, 0x00000000d2500000| Complete 
| 300|0x00000000d2c00000, 0x00000000d2d00000, 0x00000000d2d00000|100%|HS|  |TAMS 0x00000000d2d00000, 0x00000000d2c00000| Untracked 
| 301|0x00000000d2d00000, 0x00000000d2e00000, 0x00000000d2e00000|100%|HC|  |TAMS 0x00000000d2e00000, 0x00000000d2d00000| Untracked 
| 302|0x00000000d2e00000, 0x00000000d2f00000, 0x00000000d2f00000|100%|HC|  |TAMS 0x00000000d2f00000, 0x00000000d2e00000| Untracked 

Card table byte_map: [0x000001c2e30b0000,0x000001c2e32b0000] _byte_map_base: 0x000001c2e2ab0000

Marking Bits (Prev, Next): (CMBitMap*) 0x000001c2dcc03990, (CMBitMap*) 0x000001c2dcc039d0
 Prev Bits: [0x000001c2e34b0000, 0x000001c2e44b0000)
 Next Bits: [0x000001c2e44b0000, 0x000001c2e54b0000)

Polling page: 0x000001c2dc380000

Metaspace:

Usage:
  Non-class:     60.36 MB used.
      Class:      9.51 MB used.
       Both:     69.87 MB used.

Virtual space:
  Non-class space:       64.00 MB reserved,      60.62 MB ( 95%) committed,  8 nodes.
      Class space:        1.00 GB reserved,       9.75 MB ( <1%) committed,  1 nodes.
             Both:        1.06 GB reserved,      70.38 MB (  6%) committed. 

Chunk freelists:
   Non-Class:  3.34 MB
       Class:  2.28 MB
        Both:  5.62 MB

MaxMetaspaceSize: unlimited
CompressedClassSpaceSize: 1.00 GB
Initial GC threshold: 21.00 MB
Current GC threshold: 117.19 MB
CDS: off
MetaspaceReclaimPolicy: balanced
 - commit_granule_bytes: 65536.
 - commit_granule_words: 8192.
 - virtual_space_node_default_size: 1048576.
 - enlarge_chunks_in_place: 1.
 - new_chunks_are_fully_committed: 0.
 - uncommit_free_chunks: 1.
 - use_allocation_guard: 0.
 - handle_deallocations: 1.


Internal statistics:

num_allocs_failed_limit: 17.
num_arena_births: 884.
num_arena_deaths: 276.
num_vsnodes_births: 9.
num_vsnodes_deaths: 0.
num_space_committed: 1126.
num_space_uncommitted: 0.
num_chunks_returned_to_freelist: 344.
num_chunks_taken_from_freelist: 3492.
num_chunk_merges: 114.
num_chunk_splits: 2249.
num_chunks_enlarged: 1523.
num_purges: 20.
num_inconsistent_stats: 0.

CodeCache: size=49152Kb used=29854Kb max_used=30401Kb free=19297Kb
 bounds [0x000001c2df840000, 0x000001c2e1660000, 0x000001c2e2840000]
 total_blobs=16407 nmethods=15712 adapters=619
 compilation: enabled
              stopped_count=0, restarted_count=0
 full_count=0

Compilation events (20 events):
Event: 2677.319 Thread 0x000001c2e908a080 15910   !   1       com.sun.tools.javac.comp.TypeEnter$ImportsPhase::resolveImports (420 bytes)
Event: 2677.322 Thread 0x000001c2e908a080 nmethod 15910 0x000001c2e163d510 code [0x000001c2e163d920, 0x000001c2e163f048]
Event: 2677.322 Thread 0x000001c2e908a080 15911       1       com.sun.tools.javac.comp.Check::checkImportsResolvable (181 bytes)
Event: 2677.323 Thread 0x000001c2e908a080 nmethod 15911 0x000001c2e163be90 code [0x000001c2e163c140, 0x000001c2e163cdc8]
Event: 2677.323 Thread 0x000001c2e908a080 15912       1       com.sun.tools.javac.comp.Check::checkImportedPackagesObservable (135 bytes)
Event: 2677.324 Thread 0x000001c2e908a080 nmethod 15912 0x000001c2e163aa10 code [0x000001c2e163ace0, 0x000001c2e163b7b8]
Event: 2677.334 Thread 0x000001c2e908a080 15913   !   1       org.eclipse.jdt.internal.compiler.ClassFile::addSpecialMethods (549 bytes)
Event: 2677.335 Thread 0x000001c2e908a080 nmethod 15913 0x000001c2e1639390 code [0x000001c2e1639680, 0x000001c2e163a1b8]
Event: 2677.335 Thread 0x000001c2e908a080 15914       1       org.eclipse.jdt.internal.compiler.ClassFile::generateMissingAbstractMethods (171 bytes)
Event: 2677.336 Thread 0x000001c2e908a080 nmethod 15914 0x000001c2e1638990 code [0x000001c2e1638b60, 0x000001c2e1638ef8]
Event: 2677.740 Thread 0x000001c2e908a080 15915   !   1       java.util.concurrent.ThreadPoolExecutor::runWorker (187 bytes)
Event: 2677.741 Thread 0x000001c2e908a080 nmethod 15915 0x000001c2e1637b10 code [0x000001c2e1637d60, 0x000001c2e1638458]
Event: 2683.685 Thread 0x000001c2e908a080 15916       1       org.eclipse.jdt.internal.compiler.parser.Parser::consumeInterfaceHeaderExtends (163 bytes)
Event: 2683.685 Thread 0x000001c2e908a080 nmethod 15916 0x000001c2e1637210 code [0x000001c2e16373e0, 0x000001c2e1637888]
Event: 2683.690 Thread 0x000001c2e908a080 15917       1       org.eclipse.jdt.internal.compiler.lookup.InferenceContext18::addConstraintsToC (205 bytes)
Event: 2683.691 Thread 0x000001c2e908a080 nmethod 15917 0x000001c2e1636290 code [0x000001c2e16364e0, 0x000001c2e1636dd8]
Event: 2737.307 Thread 0x000001c2e908a080 15918   !   1       java.lang.ThreadGroup::remove (94 bytes)
Event: 2737.307 Thread 0x000001c2e908a080 nmethod 15918 0x000001c2e1635b90 code [0x000001c2e1635d40, 0x000001c2e16360a8]
Event: 2765.015 Thread 0x000001c2e908a080 15920       1       jdk.internal.event.Event::<init> (5 bytes)
Event: 2765.015 Thread 0x000001c2e908a080 nmethod 15920 0x000001c2e1635490 code [0x000001c2e1635620, 0x000001c2e16356d8]

GC Heap History (20 events):
Event: 2631.633 GC heap before
{Heap before GC invocations=273 (full 100):
 garbage-first heap   total 304128K, used 123868K [0x00000000c0000000, 0x0000000100000000)
  region size 1024K, 14 young (14336K), 7 survivors (7168K)
 Metaspace       used 71543K, committed 72064K, reserved 1114112K
  class space    used 9736K, committed 9984K, reserved 1048576K
}
Event: 2631.635 GC heap after
{Heap after GC invocations=274 (full 100):
 garbage-first heap   total 304128K, used 109477K [0x00000000c0000000, 0x0000000100000000)
  region size 1024K, 2 young (2048K), 2 survivors (2048K)
 Metaspace       used 71543K, committed 72064K, reserved 1114112K
  class space    used 9736K, committed 9984K, reserved 1048576K
}
Event: 2649.253 GC heap before
{Heap before GC invocations=274 (full 100):
 garbage-first heap   total 304128K, used 252837K [0x00000000c0000000, 0x0000000100000000)
  region size 1024K, 143 young (146432K), 2 survivors (2048K)
 Metaspace       used 71543K, committed 72064K, reserved 1114112K
  class space    used 9736K, committed 9984K, reserved 1048576K
}
Event: 2649.256 GC heap after
{Heap after GC invocations=275 (full 100):
 garbage-first heap   total 304128K, used 113635K [0x00000000c0000000, 0x0000000100000000)
  region size 1024K, 6 young (6144K), 6 survivors (6144K)
 Metaspace       used 71543K, committed 72064K, reserved 1114112K
  class space    used 9736K, committed 9984K, reserved 1048576K
}
Event: 2665.604 GC heap before
{Heap before GC invocations=275 (full 100):
 garbage-first heap   total 304128K, used 253923K [0x00000000c0000000, 0x0000000100000000)
  region size 1024K, 143 young (146432K), 6 survivors (6144K)
 Metaspace       used 71545K, committed 72064K, reserved 1114112K
  class space    used 9736K, committed 9984K, reserved 1048576K
}
Event: 2665.609 GC heap after
{Heap after GC invocations=276 (full 100):
 garbage-first heap   total 304128K, used 124398K [0x00000000c0000000, 0x0000000100000000)
  region size 1024K, 16 young (16384K), 16 survivors (16384K)
 Metaspace       used 71545K, committed 72064K, reserved 1114112K
  class space    used 9736K, committed 9984K, reserved 1048576K
}
Event: 2674.444 GC heap before
{Heap before GC invocations=276 (full 100):
 garbage-first heap   total 304128K, used 251374K [0x00000000c0000000, 0x0000000100000000)
  region size 1024K, 140 young (143360K), 16 survivors (16384K)
 Metaspace       used 71545K, committed 72064K, reserved 1114112K
  class space    used 9736K, committed 9984K, reserved 1048576K
}
Event: 2674.449 GC heap after
{Heap after GC invocations=277 (full 100):
 garbage-first heap   total 304128K, used 125635K [0x00000000c0000000, 0x0000000100000000)
  region size 1024K, 5 young (5120K), 5 survivors (5120K)
 Metaspace       used 71545K, committed 72064K, reserved 1114112K
  class space    used 9736K, committed 9984K, reserved 1048576K
}
Event: 2681.359 GC heap before
{Heap before GC invocations=278 (full 100):
 garbage-first heap   total 304128K, used 252611K [0x00000000c0000000, 0x0000000100000000)
  region size 1024K, 129 young (132096K), 5 survivors (5120K)
 Metaspace       used 71545K, committed 72064K, reserved 1114112K
  class space    used 9736K, committed 9984K, reserved 1048576K
}
Event: 2681.362 GC heap after
{Heap after GC invocations=279 (full 100):
 garbage-first heap   total 304128K, used 127729K [0x00000000c0000000, 0x0000000100000000)
  region size 1024K, 7 young (7168K), 7 survivors (7168K)
 Metaspace       used 71545K, committed 72064K, reserved 1114112K
  class space    used 9736K, committed 9984K, reserved 1048576K
}
Event: 2681.566 GC heap before
{Heap before GC invocations=279 (full 100):
 garbage-first heap   total 304128K, used 134897K [0x00000000c0000000, 0x0000000100000000)
  region size 1024K, 14 young (14336K), 7 survivors (7168K)
 Metaspace       used 71545K, committed 72064K, reserved 1114112K
  class space    used 9736K, committed 9984K, reserved 1048576K
}
Event: 2681.568 GC heap after
{Heap after GC invocations=280 (full 100):
 garbage-first heap   total 304128K, used 122671K [0x00000000c0000000, 0x0000000100000000)
  region size 1024K, 2 young (2048K), 2 survivors (2048K)
 Metaspace       used 71545K, committed 72064K, reserved 1114112K
  class space    used 9736K, committed 9984K, reserved 1048576K
}
Event: 2724.429 GC heap before
{Heap before GC invocations=280 (full 100):
 garbage-first heap   total 304128K, used 202543K [0x00000000c0000000, 0x0000000100000000)
  region size 1024K, 81 young (82944K), 2 survivors (2048K)
 Metaspace       used 71545K, committed 72064K, reserved 1114112K
  class space    used 9736K, committed 9984K, reserved 1048576K
}
Event: 2724.468 GC heap after
{Heap after GC invocations=281 (full 101):
 garbage-first heap   total 304128K, used 99336K [0x00000000c0000000, 0x0000000100000000)
  region size 1024K, 0 young (0K), 0 survivors (0K)
 Metaspace       used 71545K, committed 72064K, reserved 1114112K
  class space    used 9736K, committed 9984K, reserved 1048576K
}
Event: 2734.608 GC heap before
{Heap before GC invocations=281 (full 101):
 garbage-first heap   total 304128K, used 99336K [0x00000000c0000000, 0x0000000100000000)
  region size 1024K, 1 young (1024K), 0 survivors (0K)
 Metaspace       used 71545K, committed 72064K, reserved 1114112K
  class space    used 9736K, committed 9984K, reserved 1048576K
}
Event: 2734.651 GC heap after
{Heap after GC invocations=282 (full 102):
 garbage-first heap   total 304128K, used 99169K [0x00000000c0000000, 0x0000000100000000)
  region size 1024K, 0 young (0K), 0 survivors (0K)
 Metaspace       used 71545K, committed 72064K, reserved 1114112K
  class space    used 9736K, committed 9984K, reserved 1048576K
}
Event: 2744.791 GC heap before
{Heap before GC invocations=282 (full 102):
 garbage-first heap   total 304128K, used 99169K [0x00000000c0000000, 0x0000000100000000)
  region size 1024K, 1 young (1024K), 0 survivors (0K)
 Metaspace       used 71545K, committed 72064K, reserved 1114112K
  class space    used 9736K, committed 9984K, reserved 1048576K
}
Event: 2744.839 GC heap after
{Heap after GC invocations=283 (full 103):
 garbage-first heap   total 304128K, used 99110K [0x00000000c0000000, 0x0000000100000000)
  region size 1024K, 0 young (0K), 0 survivors (0K)
 Metaspace       used 71545K, committed 72064K, reserved 1114112K
  class space    used 9736K, committed 9984K, reserved 1048576K
}
Event: 2754.961 GC heap before
{Heap before GC invocations=283 (full 103):
 garbage-first heap   total 304128K, used 99110K [0x00000000c0000000, 0x0000000100000000)
  region size 1024K, 1 young (1024K), 0 survivors (0K)
 Metaspace       used 71545K, committed 72064K, reserved 1114112K
  class space    used 9736K, committed 9984K, reserved 1048576K
}
Event: 2755.003 GC heap after
{Heap after GC invocations=284 (full 104):
 garbage-first heap   total 304128K, used 99110K [0x00000000c0000000, 0x0000000100000000)
  region size 1024K, 0 young (0K), 0 survivors (0K)
 Metaspace       used 71545K, committed 72064K, reserved 1114112K
  class space    used 9736K, committed 9984K, reserved 1048576K
}

Dll operation events (10 events):
Event: 0.010 Loaded shared library c:\Users\Asus\.vscode\extensions\redhat.java-1.15.0-win32-x64\jre\17.0.6-win32-x86_64\bin\java.dll
Event: 0.248 Loaded shared library C:\Users\Asus\.vscode\extensions\redhat.java-1.15.0-win32-x64\jre\17.0.6-win32-x86_64\bin\net.dll
Event: 0.250 Loaded shared library C:\Users\Asus\.vscode\extensions\redhat.java-1.15.0-win32-x64\jre\17.0.6-win32-x86_64\bin\nio.dll
Event: 0.262 Loaded shared library C:\Users\Asus\.vscode\extensions\redhat.java-1.15.0-win32-x64\jre\17.0.6-win32-x86_64\bin\zip.dll
Event: 0.436 Loaded shared library C:\Users\Asus\.vscode\extensions\redhat.java-1.15.0-win32-x64\jre\17.0.6-win32-x86_64\bin\jimage.dll
Event: 0.590 Loaded shared library c:\Users\Asus\.vscode\extensions\redhat.java-1.15.0-win32-x64\jre\17.0.6-win32-x86_64\bin\verify.dll
Event: 5.818 Loaded shared library C:\Users\Asus\.vscode\extensions\redhat.java-1.15.0-win32-x64\jre\17.0.6-win32-x86_64\bin\management.dll
Event: 5.821 Loaded shared library C:\Users\Asus\.vscode\extensions\redhat.java-1.15.0-win32-x64\jre\17.0.6-win32-x86_64\bin\management_ext.dll
Event: 9.525 Loaded shared library C:\Users\Asus\.vscode\extensions\redhat.java-1.15.0-win32-x64\jre\17.0.6-win32-x86_64\bin\sunmscapi.dll
Event: 10.356 Loaded shared library C:\Users\Asus\AppData\Local\Temp\snappy-1.1.8-7b9a2ad5-f654-4b93-a206-97a6eeae4029-snappyjava.dll

Deoptimization events (20 events):
Event: 725.704 Thread 0x000001c2ea930620 DEOPT PACKING pc=0x000001c2e0e684cc sp=0x000000b50e9fe940
Event: 725.704 Thread 0x000001c2ea930620 DEOPT UNPACKING pc=0x000001c2df897143 sp=0x000000b50e9fde20 mode 0
Event: 1392.101 Thread 0x000001c2ea92e470 DEOPT PACKING pc=0x000001c2e1062d3d sp=0x000000b50cefd7a0
Event: 1392.101 Thread 0x000001c2ea92e470 DEOPT UNPACKING pc=0x000001c2df897143 sp=0x000000b50cefcd08 mode 3
Event: 1673.977 Thread 0x000001c2e915c920 DEOPT PACKING pc=0x000001c2e10b6c9e sp=0x000000b50a2fe080
Event: 1673.977 Thread 0x000001c2e915c920 DEOPT UNPACKING pc=0x000001c2df897143 sp=0x000000b50a2fd530 mode 3
Event: 1835.269 Thread 0x000001c2ea930620 DEOPT PACKING pc=0x000001c2dfa5d398 sp=0x000000b50e9fe010
Event: 1835.269 Thread 0x000001c2ea930620 DEOPT UNPACKING pc=0x000001c2df897143 sp=0x000000b50e9fd500 mode 3
Event: 1850.483 Thread 0x000001c2e91625c0 DEOPT PACKING pc=0x000001c2dfa710ea sp=0x000000b50b0fdfe0
Event: 1850.483 Thread 0x000001c2e91625c0 DEOPT UNPACKING pc=0x000001c2df897143 sp=0x000000b50b0fd528 mode 3
Event: 2474.978 Thread 0x000001c2e91625c0 DEOPT PACKING pc=0x000001c2e13e2266 sp=0x000000b50dbfe4d0
Event: 2474.978 Thread 0x000001c2e91625c0 DEOPT UNPACKING pc=0x000001c2df897143 sp=0x000000b50dbfd9a8 mode 3
Event: 2478.692 Thread 0x000001c2ed3c0d90 DEOPT PACKING pc=0x000001c2e13a819d sp=0x000000b50a2fcf50
Event: 2478.692 Thread 0x000001c2ed3c0d90 DEOPT UNPACKING pc=0x000001c2df897143 sp=0x000000b50a2fc480 mode 3
Event: 2559.671 Thread 0x000001c2ed3c0d90 DEOPT PACKING pc=0x000001c2e14d1451 sp=0x000000b50a2fe840
Event: 2559.671 Thread 0x000001c2ed3c0d90 DEOPT UNPACKING pc=0x000001c2df897143 sp=0x000000b50a2fdd28 mode 3
Event: 2568.361 Thread 0x000001c2e91620f0 DEOPT PACKING pc=0x000001c2e14ae4ab sp=0x000000b50d3fe880
Event: 2568.361 Thread 0x000001c2e91620f0 DEOPT UNPACKING pc=0x000001c2df897143 sp=0x000000b50d3fdd80 mode 3
Event: 2633.779 Thread 0x000001c2e9c35f60 DEOPT PACKING pc=0x000001c2e13fbc0f sp=0x000000b50e5fe1b0
Event: 2633.779 Thread 0x000001c2e9c35f60 DEOPT UNPACKING pc=0x000001c2df897143 sp=0x000000b50e5fd700 mode 3

Classes unloaded (20 events):
Event: 1392.154 Thread 0x000001c2e902e750 Unloading class 0x0000000100983000 'java/lang/invoke/LambdaForm$MH+0x0000000100983000'
Event: 1392.154 Thread 0x000001c2e902e750 Unloading class 0x0000000100982c00 'java/lang/invoke/LambdaForm$MH+0x0000000100982c00'
Event: 1392.154 Thread 0x000001c2e902e750 Unloading class 0x0000000100982800 'java/lang/invoke/LambdaForm$MH+0x0000000100982800'
Event: 1392.154 Thread 0x000001c2e902e750 Unloading class 0x0000000100982400 'java/lang/invoke/LambdaForm$MH+0x0000000100982400'
Event: 1392.154 Thread 0x000001c2e902e750 Unloading class 0x0000000100982000 'java/lang/invoke/LambdaForm$MH+0x0000000100982000'
Event: 1392.154 Thread 0x000001c2e902e750 Unloading class 0x0000000100981c00 'java/lang/invoke/LambdaForm$MH+0x0000000100981c00'
Event: 1392.154 Thread 0x000001c2e902e750 Unloading class 0x0000000100981400 'java/lang/invoke/LambdaForm$MH+0x0000000100981400'
Event: 1392.154 Thread 0x000001c2e902e750 Unloading class 0x0000000100981000 'java/lang/invoke/LambdaForm$MH+0x0000000100981000'
Event: 1392.154 Thread 0x000001c2e902e750 Unloading class 0x0000000100980c00 'java/lang/invoke/LambdaForm$MH+0x0000000100980c00'
Event: 1392.154 Thread 0x000001c2e902e750 Unloading class 0x0000000100980800 'java/lang/invoke/LambdaForm$MH+0x0000000100980800'
Event: 1392.154 Thread 0x000001c2e902e750 Unloading class 0x0000000100980400 'java/lang/invoke/LambdaForm$MH+0x0000000100980400'
Event: 1392.154 Thread 0x000001c2e902e750 Unloading class 0x0000000100980000 'java/lang/invoke/LambdaForm$MH+0x0000000100980000'
Event: 1868.552 Thread 0x000001c2e902e750 Unloading class 0x0000000100999c00 'java/lang/invoke/LambdaForm$MH+0x0000000100999c00'
Event: 1868.552 Thread 0x000001c2e902e750 Unloading class 0x0000000100999800 'java/lang/invoke/LambdaForm$MH+0x0000000100999800'
Event: 1868.552 Thread 0x000001c2e902e750 Unloading class 0x0000000100999400 'java/lang/invoke/LambdaForm$MH+0x0000000100999400'
Event: 1868.552 Thread 0x000001c2e902e750 Unloading class 0x0000000100999000 'java/lang/invoke/LambdaForm$MH+0x0000000100999000'
Event: 1868.552 Thread 0x000001c2e902e750 Unloading class 0x0000000100998c00 'java/lang/invoke/LambdaForm$MH+0x0000000100998c00'
Event: 1868.552 Thread 0x000001c2e902e750 Unloading class 0x0000000100998800 'java/lang/invoke/LambdaForm$MH+0x0000000100998800'
Event: 2429.471 Thread 0x000001c2e902e750 Unloading class 0x0000000100998400 'jdk/internal/reflect/GeneratedConstructorAccessor67'
Event: 2429.471 Thread 0x000001c2e902e750 Unloading class 0x0000000100982c00 'jdk/internal/reflect/GeneratedConstructorAccessor66'

Classes redefined (0 events):
No events

Internal exceptions (20 events):
Event: 2631.584 Thread 0x000001c2e91620f0 Exception <a 'sun/nio/fs/WindowsException'{0x00000000cba054e8}> (0x00000000cba054e8) 
thrown [s\src\hotspot\share\prims\jni.cpp, line 516]
Event: 2633.727 Thread 0x000001c2e91620f0 Exception <a 'sun/nio/fs/WindowsException'{0x00000000d0284fe0}> (0x00000000d0284fe0) 
thrown [s\src\hotspot\share\prims\jni.cpp, line 516]
Event: 2633.727 Thread 0x000001c2e91620f0 Exception <a 'sun/nio/fs/WindowsException'{0x00000000d0286b60}> (0x00000000d0286b60) 
thrown [s\src\hotspot\share\prims\jni.cpp, line 516]
Event: 2633.778 Thread 0x000001c2e9c35f60 Implicit null exception at 0x000001c2e13fb504 to 0x000001c2e13fbc0a
Event: 2649.491 Thread 0x000001c2e91620f0 Exception <a 'sun/nio/fs/WindowsException'{0x00000000d20c1d78}> (0x00000000d20c1d78) 
thrown [s\src\hotspot\share\prims\jni.cpp, line 516]
Event: 2649.491 Thread 0x000001c2e91620f0 Exception <a 'sun/nio/fs/WindowsException'{0x00000000d20c38f8}> (0x00000000d20c38f8) 
thrown [s\src\hotspot\share\prims\jni.cpp, line 516]
Event: 2661.653 Thread 0x000001c2e91620f0 Exception <a 'sun/nio/fs/WindowsException'{0x00000000ceec2940}> (0x00000000ceec2940) 
thrown [s\src\hotspot\share\prims\jni.cpp, line 516]
Event: 2661.654 Thread 0x000001c2e91620f0 Exception <a 'sun/nio/fs/WindowsException'{0x00000000ceec44c0}> (0x00000000ceec44c0) 
thrown [s\src\hotspot\share\prims\jni.cpp, line 516]
Event: 2665.406 Thread 0x000001c2e91620f0 Exception <a 'sun/nio/fs/WindowsException'{0x00000000cd9cbb50}> (0x00000000cd9cbb50) 
thrown [s\src\hotspot\share\prims\jni.cpp, line 516]
Event: 2665.406 Thread 0x000001c2e91620f0 Exception <a 'sun/nio/fs/WindowsException'{0x00000000cd9cd6d0}> (0x00000000cd9cd6d0) 
thrown [s\src\hotspot\share\prims\jni.cpp, line 516]
Event: 2668.227 Thread 0x000001c2e91620f0 Exception <a 'sun/nio/fs/WindowsException'{0x00000000d19ed7a0}> (0x00000000d19ed7a0) 
thrown [s\src\hotspot\share\prims\jni.cpp, line 516]
Event: 2668.227 Thread 0x000001c2e91620f0 Exception <a 'sun/nio/fs/WindowsException'{0x00000000d19ef320}> (0x00000000d19ef320) 
thrown [s\src\hotspot\share\prims\jni.cpp, line 516]
Event: 2673.131 Thread 0x000001c2e91620f0 Exception <a 'sun/nio/fs/WindowsException'{0x00000000d0b98ff8}> (0x00000000d0b98ff8) 
thrown [s\src\hotspot\share\prims\jni.cpp, line 516]
Event: 2673.132 Thread 0x000001c2e91620f0 Exception <a 'sun/nio/fs/WindowsException'{0x00000000d0b9ab78}> (0x00000000d0b9ab78) 
thrown [s\src\hotspot\share\prims\jni.cpp, line 516]
Event: 2674.383 Thread 0x000001c2e91620f0 Exception <a 'sun/nio/fs/WindowsException'{0x00000000ccb269c0}> (0x00000000ccb269c0) 
thrown [s\src\hotspot\share\prims\jni.cpp, line 516]
Event: 2674.383 Thread 0x000001c2e91620f0 Exception <a 'sun/nio/fs/WindowsException'{0x00000000ccb28540}> (0x00000000ccb28540) 
thrown [s\src\hotspot\share\prims\jni.cpp, line 516]
Event: 2677.278 Thread 0x000001c2e91620f0 Exception <a 'sun/nio/fs/WindowsException'{0x00000000d0b75740}> (0x00000000d0b75740) 
thrown [s\src\hotspot\share\prims\jni.cpp, line 516]
Event: 2677.279 Thread 0x000001c2e91620f0 Exception <a 'sun/nio/fs/WindowsException'{0x00000000d0b772c0}> (0x00000000d0b772c0) 
thrown [s\src\hotspot\share\prims\jni.cpp, line 516]
Event: 2681.573 Thread 0x000001c2e91620f0 Exception <a 'sun/nio/fs/WindowsException'{0x00000000d22fea80}> (0x00000000d22fea80) 
thrown [s\src\hotspot\share\prims\jni.cpp, line 516]
Event: 2681.574 Thread 0x000001c2e91620f0 Exception <a 'sun/nio/fs/WindowsException'{0x00000000d2100620}> (0x00000000d2100620) 
thrown [s\src\hotspot\share\prims\jni.cpp, line 516]

VM Operations (20 events):
Event: 2674.449 Executing VM operation: G1CollectForAllocation done
Event: 2674.480 Executing VM operation: G1Concurrent
Event: 2674.487 Executing VM operation: G1Concurrent done
Event: 2674.506 Executing VM operation: G1Concurrent
Event: 2674.507 Executing VM operation: G1Concurrent done
Event: 2677.539 Executing VM operation: Cleanup
Event: 2677.539 Executing VM operation: Cleanup done
Event: 2681.359 Executing VM operation: G1CollectForAllocation
Event: 2681.362 Executing VM operation: G1CollectForAllocation done
Event: 2681.566 Executing VM operation: G1CollectForAllocation
Event: 2681.568 Executing VM operation: G1CollectForAllocation done
Event: 2724.428 Executing VM operation: G1CollectFull
Event: 2724.468 Executing VM operation: G1CollectFull done
Event: 2734.608 Executing VM operation: G1CollectFull
Event: 2734.651 Executing VM operation: G1CollectFull done
Event: 2744.791 Executing VM operation: G1CollectFull
Event: 2744.839 Executing VM operation: G1CollectFull done
Event: 2754.961 Executing VM operation: G1CollectFull
Event: 2755.004 Executing VM operation: G1CollectFull done
Event: 2765.131 Executing VM operation: G1CollectFull

Events (20 events):
Event: 2568.387 loading class java/util/function/IntBinaryOperator done
Event: 2568.387 loading class java/util/stream/ReduceOps$7
Event: 2568.387 loading class java/util/stream/ReduceOps$7 done
Event: 2568.387 loading class java/util/stream/ReduceOps$6ReducingSink
Event: 2568.387 loading class java/util/stream/ReduceOps$6ReducingSink done
Event: 2571.781 Thread 0x000001c2e91625c0 Thread exited: 0x000001c2e91625c0
Event: 2574.114 Thread 0x000001c2fa064a80 Thread added: 0x000001c2fa064a80
Event: 2577.105 Thread 0x000001c2e9c35f60 Thread added: 0x000001c2e9c35f60
Event: 2579.266 Thread 0x000001c2fa064a80 Thread exited: 0x000001c2fa064a80
Event: 2584.887 Thread 0x000001c2e9ae6d70 Thread added: 0x000001c2e9ae6d70
Event: 2586.225 Thread 0x000001c2e9ae6d70 Thread exited: 0x000001c2e9ae6d70
Event: 2611.883 Thread 0x000001c2f9f70720 Thread added: 0x000001c2f9f70720
Event: 2614.471 Thread 0x000001c2f9f70720 Thread exited: 0x000001c2f9f70720
Event: 2635.528 Thread 0x000001c2e9aead90 Thread added: 0x000001c2e9aead90
Event: 2640.899 Thread 0x000001c2e9aead90 Thread exited: 0x000001c2e9aead90
Event: 2737.307 Thread 0x000001c2ed3c1c00 Thread exited: 0x000001c2ed3c1c00
Event: 2741.350 Thread 0x000001c2e9c35f60 Thread exited: 0x000001c2e9c35f60
Event: 2741.707 Thread 0x000001c2e923f3e0 Thread exited: 0x000001c2e923f3e0
Event: 2744.041 Thread 0x000001c2e91620f0 Thread exited: 0x000001c2e91620f0
Event: 2748.197 Thread 0x000001c2ed3c0d90 Thread exited: 0x000001c2ed3c0d90


Dynamic libraries:
0x00007ff6822d0000 - 0x00007ff6822de000 	c:\Users\Asus\.vscode\extensions\redhat.java-1.15.0-win32-x64\jre\17.0.6-win32-x86_64\bin\java.exe
0x00007ffabb3f0000 - 0x00007ffabb604000 	C:\WINDOWS\SYSTEM32\ntdll.dll
0x00007ffaba6f0000 - 0x00007ffaba7b3000 	C:\WINDOWS\System32\KERNEL32.DLL
0x00007ffab8a10000 - 0x00007ffab8dac000 	C:\WINDOWS\System32\KERNELBASE.dll
0x00007ffab8fc0000 - 0x00007ffab90d1000 	C:\WINDOWS\System32\ucrtbase.dll
0x00007ffaa3650000 - 0x00007ffaa3667000 	c:\Users\Asus\.vscode\extensions\redhat.java-1.15.0-win32-x64\jre\17.0.6-win32-x86_64\bin\jli.dll
0x00007ffa93740000 - 0x00007ffa93759000 	c:\Users\Asus\.vscode\extensions\redhat.java-1.15.0-win32-x64\jre\17.0.6-win32-x86_64\bin\VCRUNTIME140.dll
0x00007ffab99f0000 - 0x00007ffab9b9d000 	C:\WINDOWS\System32\USER32.dll
0x00007ffa9ff40000 - 0x00007ffaa01ce000 	C:\WINDOWS\WinSxS\amd64_microsoft.windows.common-controls_6595b64144ccf1df_6.0.22621.608_none_a9444ca7c10bb01d\COMCTL32.dll
0x00007ffab8830000 - 0x00007ffab8856000 	C:\WINDOWS\System32\win32u.dll
0x00007ffaba640000 - 0x00007ffaba6e7000 	C:\WINDOWS\System32\msvcrt.dll
0x00007ffaba0d0000 - 0x00007ffaba0f9000 	C:\WINDOWS\System32\GDI32.dll
0x00007ffab90e0000 - 0x00007ffab91f2000 	C:\WINDOWS\System32\gdi32full.dll
0x00007ffab8f20000 - 0x00007ffab8fba000 	C:\WINDOWS\System32\msvcp_win.dll
0x00007ffaba100000 - 0x00007ffaba132000 	C:\WINDOWS\System32\IMM32.DLL
0x00007ffaafa90000 - 0x00007ffaafa9c000 	c:\Users\Asus\.vscode\extensions\redhat.java-1.15.0-win32-x64\jre\17.0.6-win32-x86_64\bin\vcruntime140_1.dll
0x00007ffa77920000 - 0x00007ffa779b1000 	c:\Users\Asus\.vscode\extensions\redhat.java-1.15.0-win32-x64\jre\17.0.6-win32-x86_64\bin\msvcp140.dll
0x00007ffa54df0000 - 0x00007ffa55a37000 	c:\Users\Asus\.vscode\extensions\redhat.java-1.15.0-win32-x64\jre\17.0.6-win32-x86_64\bin\server\jvm.dll
0x00007ffaba140000 - 0x00007ffaba1ee000 	C:\WINDOWS\System32\ADVAPI32.dll
0x00007ffab9ba0000 - 0x00007ffab9c44000 	C:\WINDOWS\System32\sechost.dll
0x00007ffaba240000 - 0x00007ffaba355000 	C:\WINDOWS\System32\RPCRT4.dll
0x00007ffaaf4e0000 - 0x00007ffaaf4e9000 	C:\WINDOWS\SYSTEM32\WSOCK32.dll
0x00007ffaae110000 - 0x00007ffaae144000 	C:\WINDOWS\SYSTEM32\WINMM.dll
0x00007ffabaf20000 - 0x00007ffabaf91000 	C:\WINDOWS\System32\WS2_32.dll
0x00007ffaa3ba0000 - 0x00007ffaa3baa000 	C:\WINDOWS\SYSTEM32\VERSION.dll
0x00007ffab7970000 - 0x00007ffab7988000 	C:\WINDOWS\SYSTEM32\kernel.appcore.dll
0x00007ffaa4cd0000 - 0x00007ffaa4cda000 	c:\Users\Asus\.vscode\extensions\redhat.java-1.15.0-win32-x64\jre\17.0.6-win32-x86_64\bin\jimage.dll
0x00007ffab6290000 - 0x00007ffab64be000 	C:\WINDOWS\SYSTEM32\DBGHELP.DLL
0x00007ffabab90000 - 0x00007ffabaf1a000 	C:\WINDOWS\System32\combase.dll
0x00007ffabb2d0000 - 0x00007ffabb3a7000 	C:\WINDOWS\System32\OLEAUT32.dll
0x00007ffa9df70000 - 0x00007ffa9dfa2000 	C:\WINDOWS\SYSTEM32\dbgcore.DLL
0x00007ffab8920000 - 0x00007ffab899b000 	C:\WINDOWS\System32\bcryptPrimitives.dll
0x00007ffa8cc10000 - 0x00007ffa8cc35000 	c:\Users\Asus\.vscode\extensions\redhat.java-1.15.0-win32-x64\jre\17.0.6-win32-x86_64\bin\java.dll
0x00007ffa91400000 - 0x00007ffa91418000 	c:\Users\Asus\.vscode\extensions\redhat.java-1.15.0-win32-x64\jre\17.0.6-win32-x86_64\bin\zip.dll
0x00007ffab9200000 - 0x00007ffab99ef000 	C:\WINDOWS\System32\SHELL32.dll
0x00007ffab6860000 - 0x00007ffab7128000 	C:\WINDOWS\SYSTEM32\windows.storage.dll
0x00007ffab6720000 - 0x00007ffab685e000 	C:\WINDOWS\SYSTEM32\wintypes.dll
0x00007ffabb010000 - 0x00007ffabb101000 	C:\WINDOWS\System32\SHCORE.dll
0x00007ffaba7c0000 - 0x00007ffaba81e000 	C:\WINDOWS\System32\shlwapi.dll
0x00007ffab8760000 - 0x00007ffab8781000 	C:\WINDOWS\SYSTEM32\profapi.dll
0x00007ffa91360000 - 0x00007ffa91379000 	C:\Users\Asus\.vscode\extensions\redhat.java-1.15.0-win32-x64\jre\17.0.6-win32-x86_64\bin\net.dll
0x00007ffaafb90000 - 0x00007ffaafcbf000 	C:\WINDOWS\SYSTEM32\WINHTTP.dll
0x00007ffab7de0000 - 0x00007ffab7e49000 	C:\WINDOWS\system32\mswsock.dll
0x00007ffa91340000 - 0x00007ffa91355000 	C:\Users\Asus\.vscode\extensions\redhat.java-1.15.0-win32-x64\jre\17.0.6-win32-x86_64\bin\nio.dll
0x00007ffaa3e30000 - 0x00007ffaa3e40000 	c:\Users\Asus\.vscode\extensions\redhat.java-1.15.0-win32-x64\jre\17.0.6-win32-x86_64\bin\verify.dll
0x00007ffab8030000 - 0x00007ffab804b000 	C:\WINDOWS\SYSTEM32\CRYPTSP.dll
0x00007ffab78e0000 - 0x00007ffab7915000 	C:\WINDOWS\system32\rsaenh.dll
0x00007ffab7ed0000 - 0x00007ffab7ef8000 	C:\WINDOWS\SYSTEM32\USERENV.dll
0x00007ffab81f0000 - 0x00007ffab8218000 	C:\WINDOWS\SYSTEM32\bcrypt.dll
0x00007ffab8050000 - 0x00007ffab805c000 	C:\WINDOWS\SYSTEM32\CRYPTBASE.dll
0x00007ffab73f0000 - 0x00007ffab741d000 	C:\WINDOWS\SYSTEM32\IPHLPAPI.DLL
0x00007ffaba820000 - 0x00007ffaba829000 	C:\WINDOWS\System32\NSI.dll
0x00007ffaae630000 - 0x00007ffaae649000 	C:\WINDOWS\SYSTEM32\dhcpcsvc6.DLL
0x00007ffaae410000 - 0x00007ffaae42f000 	C:\WINDOWS\SYSTEM32\dhcpcsvc.DLL
0x00007ffab7460000 - 0x00007ffab7553000 	C:\WINDOWS\SYSTEM32\DNSAPI.dll
0x00007ffab0470000 - 0x00007ffab0479000 	C:\Users\Asus\.vscode\extensions\redhat.java-1.15.0-win32-x64\jre\17.0.6-win32-x86_64\bin\management.dll
0x00007ffab0460000 - 0x00007ffab046b000 	C:\Users\Asus\.vscode\extensions\redhat.java-1.15.0-win32-x64\jre\17.0.6-win32-x86_64\bin\management_ext.dll
0x00007ffaba580000 - 0x00007ffaba588000 	C:\WINDOWS\System32\PSAPI.DLL
0x00007ffaa3570000 - 0x00007ffaa357e000 	C:\Users\Asus\.vscode\extensions\redhat.java-1.15.0-win32-x64\jre\17.0.6-win32-x86_64\bin\sunmscapi.dll
0x00007ffab8db0000 - 0x00007ffab8f16000 	C:\WINDOWS\System32\CRYPT32.dll
0x00007ffab81c0000 - 0x00007ffab81ed000 	C:\WINDOWS\SYSTEM32\ncrypt.dll
0x00007ffab8180000 - 0x00007ffab81b7000 	C:\WINDOWS\SYSTEM32\NTASN1.dll
0x00007ffaae620000 - 0x00007ffaae62a000 	C:\Windows\System32\rasadhlp.dll
0x00007ffaac7c0000 - 0x00007ffaac843000 	C:\WINDOWS\System32\fwpuclnt.dll
0x000000006c500000 - 0x000000006c5c7000 	C:\Users\Asus\AppData\Local\Temp\snappy-1.1.8-7b9a2ad5-f654-4b93-a206-97a6eeae4029-snappyjava.dll

dbghelp: loaded successfully - version: 4.0.5 - missing functions: none
symbol engine: initialized successfully - sym options: 0x614 - pdb path: .;c:\Users\Asus\.vscode\extensions\redhat.java-1.15.0-win32-x64\jre\17.0.6-win32-x86_64\bin;C:\WINDOWS\SYSTEM32;C:\WINDOWS\WinSxS\amd64_microsoft.windows.common-controls_6595b64144ccf1df_6.0.22621.608_none_a9444ca7c10bb01d;c:\Users\Asus\.vscode\extensions\redhat.java-1.15.0-win32-x64\jre\17.0.6-win32-x86_64\bin\server;C:\Users\Asus\AppData\Local\Temp

VM Arguments:
jvm_args: -XX:+HeapDumpOnOutOfMemoryError -Xmx1024m -Dsts.lsp.client=vscode -Dsts.log.file=/dev/null -XX:TieredStopAtLevel=1 -Xlog:jni+resolve=off -Dspring.config.location=file:c:\Users\Asus\.vscode\extensions\vmware.vscode-spring-boot-1.44.0\language-server\BOOT-INF\classes\application.properties 
java_command: org.springframework.ide.vscode.boot.app.BootLanguageServerBootApp
java_class_path (initial): c:\Users\Asus\.vscode\extensions\vmware.vscode-spring-boot-1.44.0\language-server\BOOT-INF\classes;c:\Users\Asus\.vscode\extensions\vmware.vscode-spring-boot-1.44.0\language-server\BOOT-INF\lib\annotations-24.0.0.jar;c:\Users\Asus\.vscode\extensions\vmware.vscode-spring-boot-1.44.0\language-server\BOOT-INF\lib\ant-1.10.13.jar;c:\Users\Asus\.vscode\extensions\vmware.vscode-spring-boot-1.44.0\language-server\BOOT-INF\lib\ant-launcher-1.10.13.jar;c:\Users\Asus\.vscode\extensions\vmware.vscode-spring-boot-1.44.0\language-server\BOOT-INF\lib\antlr-runtime-3.5.2.jar;c:\Users\Asus\.vscode\extensions\vmware.vscode-spring-boot-1.44.0\language-server\BOOT-INF\lib\antlr4-4.9.3.jar;c:\Users\Asus\.vscode\extensions\vmware.vscode-spring-boot-1.44.0\language-server\BOOT-INF\lib\antlr4-runtime-4.9.3.jar;c:\Users\Asus\.vscode\extensions\vmware.vscode-spring-boot-1.44.0\language-server\BOOT-INF\lib\apiguardian-api-1.1.2.jar;c:\Users\Asus\.vscode\extensions\vmware.vscode-spring-boot-1.44.0\language-server\BOOT-INF\lib\asm-9.4.jar;c:\Users\Asus\.vscode\extensions\vmware.vscode-spring-boot-1.44.0\language-server\BOOT-INF\lib\asm-analysis-9.4.jar;c:\Users\Asus\.vscode\extensions\vmware.vscode-spring-boot-1.44.0\language-server\BOOT-INF\lib\asm-tree-9.4.jar;c:\Users\Asus\.vscode\extensions\vmware.vscode-spring-boot-1.44.0\language-server\BOOT-INF\lib\asm-util-9.4.jar;c:\Users\Asus\.vscode\extensions\vmware.vscode-spring-boot-1.44.0\language-server\BOOT-INF\lib\caffeine-3.1.2.jar;c:\Users\Asus\.vscode\extensions\vmware.vscode-spring-boot-1.44.0\language-server\BOOT-INF\lib\checker-qual-3.12.0.jar;c:\Users\Asus\.vscode\extensions\vmware.vscode-spring-boot-1.44.0\language-server\BOOT-INF\lib\ci-environment-9.1.0.jar;c:\Users\Asus\.vscode\extensions\vmware.vscode-spring-boot-1.44.0\language-server\BOOT-INF\lib\classgraph-4.8.149.jar;c:\Users\Asus\.vscode\extensions\vmware.vscode-spring-boot-1.44.0\language-server\BOOT-INF\lib\commons-codec-1.15.jar;c:\Users\Asus\.
Launcher Type: SUN_STANDARD

[Global flags]
     intx CICompilerCount                          = 12                                        {product} {ergonomic}
     uint ConcGCThreads                            = 3                                         {product} {ergonomic}
     uint G1ConcRefinementThreads                  = 13                                        {product} {ergonomic}
   size_t G1HeapRegionSize                         = 1048576                                   {product} {ergonomic}
    uintx GCDrainStackTargetSize                   = 64                                        {product} {ergonomic}
     bool HeapDumpOnOutOfMemoryError               = true                                   {manageable} {command line}
   size_t InitialHeapSize                          = 264241152                                 {product} {ergonomic}
   size_t MarkStackSize                            = 4194304                                   {product} {ergonomic}
   size_t MaxHeapSize                              = 1073741824                                {product} {command line}
   size_t MaxNewSize                               = 643825664                                 {product} {ergonomic}
   size_t MinHeapDeltaBytes                        = 1048576                                   {product} {ergonomic}
   size_t MinHeapSize                              = 8388608                                   {product} {ergonomic}
    uintx NonProfiledCodeHeapSize                  = 0                                      {pd product} {ergonomic}
     bool ProfileInterpreter                       = false                                  {pd product} {command line}
    uintx ProfiledCodeHeapSize                     = 0                                      {pd product} {ergonomic}
   size_t SoftMaxHeapSize                          = 1073741824                             {manageable} {ergonomic}
     intx TieredStopAtLevel                        = 1                                         {product} {command line}
     bool UseCompressedClassPointers               = true                           {product lp64_product} {ergonomic}
     bool UseCompressedOops                        = true                           {product lp64_product} {ergonomic}
     bool UseG1GC                                  = true                                      {product} {ergonomic}
     bool UseLargePagesIndividualAllocation        = false                                  {pd product} {ergonomic}

Logging:
Log output configuration:
 #0: stdout all=warning,jni+resolve=off uptime,level,tags
 #1: stderr all=off uptime,level,tags

Environment Variables:
JAVA_HOME=C:\Program Files\Java\jdk-11.0.17
PATH=C:\Program Files\Common Files\Oracle\Java\javapath;C:\Python311\Scripts\;C:\Python311\;C:\WINDOWS\system32;C:\WINDOWS;C:\WINDOWS\System32\Wbem;C:\WINDOWS\System32\WindowsPowerShell\v1.0\;C:\WINDOWS\System32\OpenSSH\;C:\ProgramData\chocolatey\bin;C:\Program Files\Git\cmd;C:\Program Files\Java\jdk-11.0.17\bin;C:\Program Files (x86)\Microsoft SQL Server\160\Tools\Binn\;C:\Program Files\Microsoft SQL Server\160\Tools\Binn\;C:\Program Files\Microsoft SQL Server\Client SDK\ODBC\170\Tools\Binn\;C:\Program Files\Microsoft SQL Server\160\DTS\Binn\;C:\Program Files (x86)\Microsoft SQL Server\160\DTS\Binn\;C:\Program Files\Azure Data Studio\bin;C:\Program Files\nodejs\;C:\Users\Asus\AppData\Local\Microsoft\WindowsApps;C:\Users\Asus\AppData\Local\Programs\Microsoft VS Code\bin;C:\Users\Asus\AppData\Roaming\npm
USERNAME=Asus
OS=Windows_NT
PROCESSOR_IDENTIFIER=Intel64 Family 6 Model 154 Stepping 3, GenuineIntel
TMP=C:\Users\Asus\AppData\Local\Temp
TEMP=C:\Users\Asus\AppData\Local\Temp



---------------  S Y S T E M  ---------------

OS:
 Windows 11 , 64 bit Build 22621 (10.0.22621.1194)
OS uptime: 0 days 3:53 hours

CPU: total 16 (initial active 16) (8 cores per cpu, 2 threads per core) family 6 model 154 stepping 3 microcode 0x421, cx8, cmov, fxsr, ht, mmx, 3dnowpref, sse, sse2, sse3, ssse3, sse4.1, sse4.2, popcnt, lzcnt, tsc, tscinvbit, avx, avx2, aes, erms, clmul, bmi1, bmi2, adx, sha, fma, vzeroupper, clflush, clflushopt, clwb

Memory: 4k page, system-wide physical 16008M (1157M free)
TotalPageFile size 18056M (AvailPageFile size 10M)
current process WorkingSet (physical memory assigned to process): 504M, peak: 877M
current process commit charge ("private bytes"): 545M, peak: 925M

vm_info: OpenJDK 64-Bit Server VM (17.0.6+10) for windows-amd64 JRE (17.0.6+10), built on Jan 18 2023 10:08:59 by "temurin" with MS VC++ 16.7 (VS2019)

END.
