#
# There is insufficient memory for the Java Runtime Environment to continue.
# Native memory allocation (malloc) failed to allocate 2097152 bytes for AllocateHeap
# Possible reasons:
#   The system is out of physical RAM or swap space
#   The process is running with CompressedOops enabled, and the Java Heap may be blocking the growth of the native heap
# Possible solutions:
#   Reduce memory load on the system
#   Increase physical memory or swap space
#   Check if swap backing store is full
#   Decrease Java heap size (-Xmx/-Xms)
#   Decrease number of Java threads
#   Decrease Java thread stack sizes (-Xss)
#   Set larger code cache with -XX:ReservedCodeCacheSize=
#   JVM is running with Unscaled Compressed Oops mode in which the Java heap is
#     placed in the first 4GB address space. The Java Heap base address is the
#     maximum limit for the native heap growth. Please use -XX:HeapBaseMinAddress
#     to set the Java Heap base and to place the Java Heap above 4GB virtual address.
# This output file may be truncated or incomplete.
#
#  Out of Memory Error (allocation.cpp:44), pid=804, tid=4512
#
# JRE version: OpenJDK Runtime Environment Temurin-17.0.6+10 (17.0.6+10) (build 17.0.6+10)
# Java VM: OpenJDK 64-Bit Server VM Temurin-17.0.6+10 (17.0.6+10, mixed mode, emulated-client, tiered, compressed oops, compressed class ptrs, g1 gc, windows-amd64)
# No core dump will be written. Minidumps are not enabled by default on client versions of Windows
#

---------------  S U M M A R Y ------------

Command Line: -XX:+HeapDumpOnOutOfMemoryError -Xmx1024m -Dsts.lsp.client=vscode -Dsts.log.file=/dev/null -XX:TieredStopAtLevel=1 -Xlog:jni+resolve=off -Dspring.config.location=file:c:\Users\Asus\.vscode\extensions\vmware.vscode-spring-boot-1.44.0\language-server\BOOT-INF\classes\application.properties org.springframework.ide.vscode.boot.app.BootLanguageServerBootApp

Host: 12th Gen Intel(R) Core(TM) i5-1240P, 16 cores, 15G,  Windows 11 , 64 bit Build 22621 (10.0.22621.1194)
Time: Mon Mar  6 23:19:16 2023 SE Asia Standard Time elapsed time: 10839.054813 seconds (0d 3h 0m 39s)

---------------  T H R E A D  ---------------

Current thread (0x000002869e0471c0):  VMThread "VM Thread" [stack: 0x000000c78e500000,0x000000c78e600000] [id=4512]

Stack: [0x000000c78e500000,0x000000c78e600000]
Native frames: (J=compiled Java code, j=interpreted, Vv=VM code, C=native code)
V  [jvm.dll+0x67741a]
V  [jvm.dll+0x834434]
V  [jvm.dll+0x835bde]
V  [jvm.dll+0x836243]
V  [jvm.dll+0x2457b5]
V  [jvm.dll+0xa626f]
V  [jvm.dll+0x2f5b61]
V  [jvm.dll+0x2f17e0]
V  [jvm.dll+0x2d9ee7]
V  [jvm.dll+0x31ce67]
V  [jvm.dll+0x83a6eb]
V  [jvm.dll+0x83b424]
V  [jvm.dll+0x83b93c]
V  [jvm.dll+0x83bd14]
V  [jvm.dll+0x83bde0]
V  [jvm.dll+0x7e483a]
V  [jvm.dll+0x6762c5]
C  [ucrtbase.dll+0x29363]
C  [KERNEL32.DLL+0x126bd]
C  [ntdll.dll+0x5dfb8]

VM_Operation (0x000000c7907febb0): G1CollectFull, mode: safepoint, requested by thread 0x000002869f7d24d0


---------------  P R O C E S S  ---------------

Threads class SMR info:
_java_thread_list=0x00000286adc70fd0, length=36, elements={
0x000002869e069260, 0x000002869e069d20, 0x000002869e09c480, 0x000002869e09cd40,
0x000002869e09d600, 0x000002869e09dec0, 0x000002869e0a1c80, 0x000002869e0aad50,
0x000002869e2ac950, 0x000002869e2b5a70, 0x000002869f57b450, 0x000002869f7c41c0,
0x000002869f7d24d0, 0x000002869f7ef840, 0x0000028691af5310, 0x000002869f249970,
0x000002869f86bde0, 0x000002869f8aa2b0, 0x000002869f9918f0, 0x000002869f994440,
0x000002869f993aa0, 0x000002869f98e8d0, 0x000002869f61d650, 0x000002869f61afd0,
0x000002869f61b4a0, 0x000002869f61c7e0, 0x000002869f61a160, 0x00000286ad7b6820,
0x00000286ad7b6cf0, 0x00000286ad7b89d0, 0x00000286ad7b9370, 0x00000286ad7b6350,
0x00000286ad7b3800, 0x00000286ad7b9d10, 0x00000286ad7ba1e0, 0x00000286ad7b8ea0
}

Java Threads: ( => current thread )
  0x000002869e069260 JavaThread "Reference Handler" daemon [_thread_blocked, id=10860, stack(0x000000c78e600000,0x000000c78e700000)]
  0x000002869e069d20 JavaThread "Finalizer" daemon [_thread_blocked, id=1796, stack(0x000000c78e700000,0x000000c78e800000)]
  0x000002869e09c480 JavaThread "Signal Dispatcher" daemon [_thread_blocked, id=19544, stack(0x000000c78e800000,0x000000c78e900000)]
  0x000002869e09cd40 JavaThread "Attach Listener" daemon [_thread_blocked, id=15184, stack(0x000000c78e900000,0x000000c78ea00000)]
  0x000002869e09d600 JavaThread "Service Thread" daemon [_thread_blocked, id=12656, stack(0x000000c78ea00000,0x000000c78eb00000)]
  0x000002869e09dec0 JavaThread "Monitor Deflation Thread" daemon [_thread_blocked, id=2396, stack(0x000000c78eb00000,0x000000c78ec00000)]
  0x000002869e0a1c80 JavaThread "C1 CompilerThread0" daemon [_thread_blocked, id=16672, stack(0x000000c78ec00000,0x000000c78ed00000)]
  0x000002869e0aad50 JavaThread "Sweeper thread" daemon [_thread_blocked, id=12908, stack(0x000000c78ed00000,0x000000c78ee00000)]
  0x000002869e2ac950 JavaThread "Notification Thread" daemon [_thread_blocked, id=4384, stack(0x000000c78ef00000,0x000000c78f000000)]
  0x000002869e2b5a70 JavaThread "Common-Cleaner" daemon [_thread_blocked, id=15816, stack(0x000000c78f100000,0x000000c78f200000)]
  0x000002869f57b450 JavaThread "boundedElastic-evictor-1" daemon [_thread_blocked, id=18256, stack(0x000000c790500000,0x000000c790600000)]
  0x000002869f7c41c0 JavaThread "boundedElastic-evictor-2" daemon [_thread_blocked, id=8556, stack(0x000000c790600000,0x000000c790700000)]
  0x000002869f7d24d0 JavaThread "pool-10-thread-1" [_thread_blocked, id=9532, stack(0x000000c790700000,0x000000c790800000)]
  0x000002869f7ef840 JavaThread "LanguageServerApp-lifecycle" [_thread_blocked, id=9444, stack(0x000000c790800000,0x000000c790900000)]
  0x0000028691af5310 JavaThread "DestroyJavaVM" [_thread_blocked, id=1932, stack(0x000000c78df00000,0x000000c78e000000)]
  0x000002869f249970 JavaThread "pool-11-thread-1" [_thread_in_native, id=5128, stack(0x000000c790900000,0x000000c790a00000)]
  0x000002869f86bde0 JavaThread "Simple-Language-Server main thread" daemon [_thread_blocked, id=18712, stack(0x000000c790a00000,0x000000c790b00000)]
  0x000002869f8aa2b0 JavaThread "pool-6-thread-1" [_thread_blocked, id=2384, stack(0x000000c790b00000,0x000000c790c00000)]
  0x000002869f9918f0 JavaThread "parallel-1" daemon [_thread_blocked, id=3012, stack(0x000000c792500000,0x000000c792600000)]
  0x000002869f994440 JavaThread "pool-4-thread-1" [_thread_blocked, id=9772, stack(0x000000c792c00000,0x000000c792d00000)]
  0x000002869f993aa0 JavaThread "parallel-2" daemon [_thread_blocked, id=15936, stack(0x000000c792d00000,0x000000c792e00000)]
  0x000002869f98e8d0 JavaThread "parallel-3" daemon [_thread_blocked, id=10844, stack(0x000000c792e00000,0x000000c792f00000)]
  0x000002869f61d650 JavaThread "parallel-4" daemon [_thread_blocked, id=14124, stack(0x000000c791400000,0x000000c791500000)]
  0x000002869f61afd0 JavaThread "parallel-5" daemon [_thread_blocked, id=3768, stack(0x000000c791500000,0x000000c791600000)]
  0x000002869f61b4a0 JavaThread "parallel-6" daemon [_thread_blocked, id=8916, stack(0x000000c791600000,0x000000c791700000)]
  0x000002869f61c7e0 JavaThread "parallel-7" daemon [_thread_blocked, id=13648, stack(0x000000c791700000,0x000000c791800000)]
  0x000002869f61a160 JavaThread "Reconciler-1" daemon [_thread_blocked, id=13464, stack(0x000000c791800000,0x000000c791900000)]
  0x00000286ad7b6820 JavaThread "parallel-8" daemon [_thread_blocked, id=11168, stack(0x000000c78dd00000,0x000000c78de00000)]
  0x00000286ad7b6cf0 JavaThread "parallel-9" daemon [_thread_blocked, id=16300, stack(0x000000c78fe00000,0x000000c78ff00000)]
  0x00000286ad7b89d0 JavaThread "parallel-10" daemon [_thread_blocked, id=3100, stack(0x000000c790c00000,0x000000c790d00000)]
  0x00000286ad7b9370 JavaThread "parallel-11" daemon [_thread_blocked, id=15356, stack(0x000000c791900000,0x000000c791a00000)]
  0x00000286ad7b6350 JavaThread "parallel-12" daemon [_thread_blocked, id=14388, stack(0x000000c791b00000,0x000000c791c00000)]
  0x00000286ad7b3800 JavaThread "parallel-13" daemon [_thread_blocked, id=9212, stack(0x000000c78de00000,0x000000c78df00000)]
  0x00000286ad7b9d10 JavaThread "parallel-14" daemon [_thread_blocked, id=16984, stack(0x000000c791a00000,0x000000c791b00000)]
  0x00000286ad7ba1e0 JavaThread "parallel-15" daemon [_thread_blocked, id=19820, stack(0x000000c78f200000,0x000000c78f300000)]
  0x00000286ad7b8ea0 JavaThread "parallel-16" daemon [_thread_blocked, id=6772, stack(0x000000c792400000,0x000000c792500000)]

Other Threads:
=>0x000002869e0471c0 VMThread "VM Thread" [stack: 0x000000c78e500000,0x000000c78e600000] [id=4512]
  0x000002869e2632b0 WatcherThread [stack: 0x000000c78f000000,0x000000c78f100000] [id=9452]
  0x0000028691b32510 GCTaskThread "GC Thread#0" [stack: 0x000000c78e000000,0x000000c78e100000] [id=10476]
  0x000002869ea96f70 GCTaskThread "GC Thread#1" [stack: 0x000000c78f400000,0x000000c78f500000] [id=16104]
  0x000002869ea97220 GCTaskThread "GC Thread#2" [stack: 0x000000c78f500000,0x000000c78f600000] [id=17700]
  0x000002869ec5efd0 GCTaskThread "GC Thread#3" [stack: 0x000000c78f600000,0x000000c78f700000] [id=14852]
  0x000002869ec5f280 GCTaskThread "GC Thread#4" [stack: 0x000000c78f700000,0x000000c78f800000] [id=13512]
  0x000002869ebfcd00 GCTaskThread "GC Thread#5" [stack: 0x000000c78f800000,0x000000c78f900000] [id=19628]
  0x000002869efac030 GCTaskThread "GC Thread#6" [stack: 0x000000c78f900000,0x000000c78fa00000] [id=18732]
  0x000002869efac2e0 GCTaskThread "GC Thread#7" [stack: 0x000000c78fa00000,0x000000c78fb00000] [id=14980]
  0x000002869efac7a0 GCTaskThread "GC Thread#8" [stack: 0x000000c78fb00000,0x000000c78fc00000] [id=19280]
  0x000002869f265f20 GCTaskThread "GC Thread#9" [stack: 0x000000c78ff00000,0x000000c790000000] [id=9872]
  0x000002869f2661d0 GCTaskThread "GC Thread#10" [stack: 0x000000c790000000,0x000000c790100000] [id=1324]
  0x000002869f26a490 GCTaskThread "GC Thread#11" [stack: 0x000000c790100000,0x000000c790200000] [id=17248]
  0x000002869f299de0 GCTaskThread "GC Thread#12" [stack: 0x000000c78fc00000,0x000000c78fd00000] [id=8160]
  0x0000028691b3b360 ConcurrentGCThread "G1 Main Marker" [stack: 0x000000c78e100000,0x000000c78e200000] [id=9324]
  0x0000028691b3bde0 ConcurrentGCThread "G1 Conc#0" [stack: 0x000000c78e200000,0x000000c78e300000] [id=9136]
  0x000002869f24a990 ConcurrentGCThread "G1 Conc#1" [stack: 0x000000c790200000,0x000000c790300000] [id=13356]
  0x000002869f2539f0 ConcurrentGCThread "G1 Conc#2" [stack: 0x000000c790300000,0x000000c790400000] [id=10568]
  0x0000028691bae710 ConcurrentGCThread "G1 Refine#0" [stack: 0x000000c78e300000,0x000000c78e400000] [id=16168]
  0x00000286a1e98a60 ConcurrentGCThread "G1 Refine#1" [stack: 0x000000c792900000,0x000000c792a00000] [id=12992]
  0x00000286a1fca610 ConcurrentGCThread "G1 Refine#2" [stack: 0x000000c792a00000,0x000000c792b00000] [id=20468]
  0x00000286a1913cc0 ConcurrentGCThread "G1 Refine#3" [stack: 0x000000c792b00000,0x000000c792c00000] [id=16852]
  0x00000286a2042df0 ConcurrentGCThread "G1 Refine#4" [stack: 0x000000c792f00000,0x000000c793000000] [id=13468]
  0x00000286a2042550 ConcurrentGCThread "G1 Refine#5" [stack: 0x000000c793100000,0x000000c793200000] [id=19576]
  0x00000286a2041130 ConcurrentGCThread "G1 Refine#6" [stack: 0x000000c793200000,0x000000c793300000] [id=8516]
  0x00000286a2042b10 ConcurrentGCThread "G1 Refine#7" [stack: 0x000000c790e00000,0x000000c790f00000] [id=15732]
  0x00000286a2042830 ConcurrentGCThread "G1 Refine#8" [stack: 0x000000c790f00000,0x000000c791000000] [id=2264]
  0x00000286a1ba7770 ConcurrentGCThread "G1 Refine#9" [stack: 0x000000c791000000,0x000000c791100000] [id=18680]
  0x00000286a1ba6350 ConcurrentGCThread "G1 Refine#10" [stack: 0x000000c791100000,0x000000c791200000] [id=11448]
  0x00000286a1ba7d30 ConcurrentGCThread "G1 Refine#11" [stack: 0x000000c791200000,0x000000c791300000] [id=8344]
  0x00000286a1ba6ed0 ConcurrentGCThread "G1 Refine#12" [stack: 0x000000c791300000,0x000000c791400000] [id=10828]
  0x000002869d0bb480 ConcurrentGCThread "G1 Service" [stack: 0x000000c78e400000,0x000000c78e500000] [id=3008]

Threads with active compile tasks:

VM state: at safepoint (normal execution)

VM Mutex/Monitor currently owned by a thread:  ([mutex/lock_event])
[0x0000028691af1590] Threads_lock - owner thread: 0x000002869e0471c0
[0x0000028691af0b70] Heap_lock - owner thread: 0x000002869f7d24d0

Heap address: 0x00000000c0000000, size: 1024 MB, Compressed Oops mode: 32-bit

CDS archive(s) not mapped
Compressed class space mapped at: 0x0000000100000000-0x0000000140000000, reserved size: 1073741824
Narrow klass base: 0x0000000000000000, Narrow klass shift: 3, Narrow klass range: 0x140000000

GC Precious Log:
 CPUs: 16 total, 16 available
 Memory: 16008M
 Large Page Support: Disabled
 NUMA Support: Disabled
 Compressed Oops: Enabled (32-bit)
 Heap Region Size: 1M
 Heap Min Capacity: 8M
 Heap Initial Capacity: 252M
 Heap Max Capacity: 1G
 Pre-touch: Disabled
 Parallel Workers: 13
 Concurrent Workers: 3
 Concurrent Refinement Workers: 13
 Periodic GC: Disabled

Heap:
 garbage-first heap   total 307200K, used 99227K [0x00000000c0000000, 0x0000000100000000)
  region size 1024K, 1 young (1024K), 0 survivors (0K)
 Metaspace       used 71000K, committed 71488K, reserved 1114112K
  class space    used 9653K, committed 9856K, reserved 1048576K

Heap Regions: E=young(eden), S=young(survivor), O=old, HS=humongous(starts), HC=humongous(continues), CS=collection set, F=free, OA=open archive, CA=closed archive, TAMS=top-at-mark-start (previous, next)
|   0|0x00000000c0000000, 0x00000000c00fffd0, 0x00000000c0100000| 99%| O|  |TAMS 0x00000000c00fffd0, 0x00000000c0000000| Untracked 
|   1|0x00000000c0100000, 0x00000000c01fffa0, 0x00000000c0200000| 99%| O|  |TAMS 0x00000000c01fffa0, 0x00000000c0100000| Untracked 
|   2|0x00000000c0200000, 0x00000000c02ffff8, 0x00000000c0300000| 99%| O|  |TAMS 0x00000000c02ffff8, 0x00000000c0200000| Untracked 
|   3|0x00000000c0300000, 0x00000000c03fffc8, 0x00000000c0400000| 99%| O|  |TAMS 0x00000000c03fffc8, 0x00000000c0300000| Untracked 
|   4|0x00000000c0400000, 0x00000000c04fffe8, 0x00000000c0500000| 99%| O|  |TAMS 0x00000000c04fffe8, 0x00000000c0400000| Untracked 
|   5|0x00000000c0500000, 0x00000000c05ffff0, 0x00000000c0600000| 99%| O|  |TAMS 0x00000000c05ffff0, 0x00000000c0500000| Untracked 
|   6|0x00000000c0600000, 0x00000000c0700000, 0x00000000c0700000|100%| O|  |TAMS 0x00000000c0700000, 0x00000000c0600000| Untracked 
|   7|0x00000000c0700000, 0x00000000c07fffe8, 0x00000000c0800000| 99%| O|  |TAMS 0x00000000c07fffe8, 0x00000000c0700000| Untracked 
|   8|0x00000000c0800000, 0x00000000c08ffff8, 0x00000000c0900000| 99%| O|  |TAMS 0x00000000c08ffff8, 0x00000000c0800000| Untracked 
|   9|0x00000000c0900000, 0x00000000c09ffff8, 0x00000000c0a00000| 99%| O|  |TAMS 0x00000000c09ffff8, 0x00000000c0900000| Untracked 
|  10|0x00000000c0a00000, 0x00000000c0afcdc8, 0x00000000c0b00000| 98%| O|  |TAMS 0x00000000c0afcdc8, 0x00000000c0a00000| Untracked 
|  11|0x00000000c0b00000, 0x00000000c0bffff8, 0x00000000c0c00000| 99%| O|  |TAMS 0x00000000c0bffff8, 0x00000000c0b00000| Untracked 
|  12|0x00000000c0c00000, 0x00000000c0cffff8, 0x00000000c0d00000| 99%| O|  |TAMS 0x00000000c0cffff8, 0x00000000c0c00000| Untracked 
|  13|0x00000000c0d00000, 0x00000000c0dffff8, 0x00000000c0e00000| 99%| O|  |TAMS 0x00000000c0dffff8, 0x00000000c0d00000| Untracked 
|  14|0x00000000c0e00000, 0x00000000c0f00000, 0x00000000c0f00000|100%| O|  |TAMS 0x00000000c0f00000, 0x00000000c0e00000| Untracked 
|  15|0x00000000c0f00000, 0x00000000c1000000, 0x00000000c1000000|100%| O|  |TAMS 0x00000000c1000000, 0x00000000c0f00000| Untracked 
|  16|0x00000000c1000000, 0x00000000c10fffe8, 0x00000000c1100000| 99%| O|  |TAMS 0x00000000c10fffe8, 0x00000000c1000000| Untracked 
|  17|0x00000000c1100000, 0x00000000c11ffff0, 0x00000000c1200000| 99%| O|  |TAMS 0x00000000c11ffff0, 0x00000000c1100000| Untracked 
|  18|0x00000000c1200000, 0x00000000c1300000, 0x00000000c1300000|100%| O|  |TAMS 0x00000000c1300000, 0x00000000c1200000| Untracked 
|  19|0x00000000c1300000, 0x00000000c13ffff8, 0x00000000c1400000| 99%| O|  |TAMS 0x00000000c13ffff8, 0x00000000c1300000| Untracked 
|  20|0x00000000c1400000, 0x00000000c14fffe8, 0x00000000c1500000| 99%| O|  |TAMS 0x00000000c14fffe8, 0x00000000c1400000| Untracked 
|  21|0x00000000c1500000, 0x00000000c15ffff0, 0x00000000c1600000| 99%| O|  |TAMS 0x00000000c15ffff0, 0x00000000c1500000| Untracked 
|  22|0x00000000c1600000, 0x00000000c16fff10, 0x00000000c1700000| 99%| O|  |TAMS 0x00000000c16fff10, 0x00000000c1600000| Untracked 
|  23|0x00000000c1700000, 0x00000000c17ffff8, 0x00000000c1800000| 99%| O|  |TAMS 0x00000000c17ffff8, 0x00000000c1700000| Untracked 
|  24|0x00000000c1800000, 0x00000000c1900000, 0x00000000c1900000|100%| O|  |TAMS 0x00000000c1900000, 0x00000000c1800000| Untracked 
|  25|0x00000000c1900000, 0x00000000c19ffff8, 0x00000000c1a00000| 99%| O|  |TAMS 0x00000000c19ffff8, 0x00000000c1900000| Untracked 
|  26|0x00000000c1a00000, 0x00000000c1afffd0, 0x00000000c1b00000| 99%| O|  |TAMS 0x00000000c1afffd0, 0x00000000c1a00000| Untracked 
|  27|0x00000000c1b00000, 0x00000000c1c00000, 0x00000000c1c00000|100%| O|  |TAMS 0x00000000c1c00000, 0x00000000c1b00000| Untracked 
|  28|0x00000000c1c00000, 0x00000000c1cffff8, 0x00000000c1d00000| 99%| O|  |TAMS 0x00000000c1cffff8, 0x00000000c1c00000| Untracked 
|  29|0x00000000c1d00000, 0x00000000c1dff778, 0x00000000c1e00000| 99%| O|  |TAMS 0x00000000c1dff778, 0x00000000c1d00000| Untracked 
|  30|0x00000000c1e00000, 0x00000000c1ef5e20, 0x00000000c1f00000| 96%| O|  |TAMS 0x00000000c1ef5e20, 0x00000000c1e00000| Untracked 
|  31|0x00000000c1f00000, 0x00000000c2000000, 0x00000000c2000000|100%| O|  |TAMS 0x00000000c2000000, 0x00000000c1f00000| Untracked 
|  32|0x00000000c2000000, 0x00000000c20ffff0, 0x00000000c2100000| 99%| O|  |TAMS 0x00000000c20ffff0, 0x00000000c2000000| Untracked 
|  33|0x00000000c2100000, 0x00000000c21ffff0, 0x00000000c2200000| 99%| O|  |TAMS 0x00000000c21ffff0, 0x00000000c2100000| Untracked 
|  34|0x00000000c2200000, 0x00000000c22fffc8, 0x00000000c2300000| 99%| O|  |TAMS 0x00000000c22fffc8, 0x00000000c2200000| Untracked 
|  35|0x00000000c2300000, 0x00000000c23fffd8, 0x00000000c2400000| 99%| O|  |TAMS 0x00000000c23fffd8, 0x00000000c2300000| Untracked 
|  36|0x00000000c2400000, 0x00000000c24ffff8, 0x00000000c2500000| 99%| O|  |TAMS 0x00000000c24ffff8, 0x00000000c2400000| Untracked 
|  37|0x00000000c2500000, 0x00000000c25fffe8, 0x00000000c2600000| 99%| O|  |TAMS 0x00000000c25fffe8, 0x00000000c2500000| Untracked 
|  38|0x00000000c2600000, 0x00000000c26ffe58, 0x00000000c2700000| 99%| O|  |TAMS 0x00000000c26ffe58, 0x00000000c2600000| Untracked 
|  39|0x00000000c2700000, 0x00000000c2800000, 0x00000000c2800000|100%| O|  |TAMS 0x00000000c2800000, 0x00000000c2700000| Untracked 
|  40|0x00000000c2800000, 0x00000000c28fffe0, 0x00000000c2900000| 99%| O|  |TAMS 0x00000000c28fffe0, 0x00000000c2800000| Untracked 
|  41|0x00000000c2900000, 0x00000000c2a00000, 0x00000000c2a00000|100%| O|  |TAMS 0x00000000c2a00000, 0x00000000c2900000| Untracked 
|  42|0x00000000c2a00000, 0x00000000c2affff8, 0x00000000c2b00000| 99%| O|  |TAMS 0x00000000c2affff8, 0x00000000c2a00000| Untracked 
|  43|0x00000000c2b00000, 0x00000000c2bfffd0, 0x00000000c2c00000| 99%| O|  |TAMS 0x00000000c2bfffd0, 0x00000000c2b00000| Untracked 
|  44|0x00000000c2c00000, 0x00000000c2cffff8, 0x00000000c2d00000| 99%| O|  |TAMS 0x00000000c2cffff8, 0x00000000c2c00000| Untracked 
|  45|0x00000000c2d00000, 0x00000000c2dffff8, 0x00000000c2e00000| 99%| O|  |TAMS 0x00000000c2dffff8, 0x00000000c2d00000| Untracked 
|  46|0x00000000c2e00000, 0x00000000c2effff8, 0x00000000c2f00000| 99%| O|  |TAMS 0x00000000c2effff8, 0x00000000c2e00000| Untracked 
|  47|0x00000000c2f00000, 0x00000000c3000000, 0x00000000c3000000|100%| O|  |TAMS 0x00000000c3000000, 0x00000000c2f00000| Untracked 
|  48|0x00000000c3000000, 0x00000000c30ffb78, 0x00000000c3100000| 99%| O|  |TAMS 0x00000000c30ffb78, 0x00000000c3000000| Untracked 
|  49|0x00000000c3100000, 0x00000000c31fffe8, 0x00000000c3200000| 99%| O|  |TAMS 0x00000000c31fffe8, 0x00000000c3100000| Untracked 
|  50|0x00000000c3200000, 0x00000000c3300000, 0x00000000c3300000|100%| O|  |TAMS 0x00000000c3300000, 0x00000000c3200000| Untracked 
|  51|0x00000000c3300000, 0x00000000c3400000, 0x00000000c3400000|100%| O|  |TAMS 0x00000000c3400000, 0x00000000c3300000| Untracked 
|  52|0x00000000c3400000, 0x00000000c34ffff8, 0x00000000c3500000| 99%| O|  |TAMS 0x00000000c34ffff8, 0x00000000c3400000| Untracked 
|  53|0x00000000c3500000, 0x00000000c3600000, 0x00000000c3600000|100%| O|  |TAMS 0x00000000c3600000, 0x00000000c3500000| Untracked 
|  54|0x00000000c3600000, 0x00000000c36ffff0, 0x00000000c3700000| 99%| O|  |TAMS 0x00000000c36ffff0, 0x00000000c3600000| Untracked 
|  55|0x00000000c3700000, 0x00000000c3800000, 0x00000000c3800000|100%|HS|  |TAMS 0x00000000c3800000, 0x00000000c3700000| Untracked 
|  56|0x00000000c3800000, 0x00000000c38ff8b0, 0x00000000c3900000| 99%| O|  |TAMS 0x00000000c38ff8b0, 0x00000000c3800000| Untracked 
|  57|0x00000000c3900000, 0x00000000c39ffff8, 0x00000000c3a00000| 99%| O|  |TAMS 0x00000000c39ffff8, 0x00000000c3900000| Untracked 
|  58|0x00000000c3a00000, 0x00000000c3afffe8, 0x00000000c3b00000| 99%| O|  |TAMS 0x00000000c3afffe8, 0x00000000c3a00000| Untracked 
|  59|0x00000000c3b00000, 0x00000000c3bffff0, 0x00000000c3c00000| 99%| O|  |TAMS 0x00000000c3bffff0, 0x00000000c3b00000| Untracked 
|  60|0x00000000c3c00000, 0x00000000c3d00000, 0x00000000c3d00000|100%| O|  |TAMS 0x00000000c3d00000, 0x00000000c3c00000| Untracked 
|  61|0x00000000c3d00000, 0x00000000c3df6eb0, 0x00000000c3e00000| 96%| O|  |TAMS 0x00000000c3df6eb0, 0x00000000c3d00000| Untracked 
|  62|0x00000000c3e00000, 0x00000000c3f00000, 0x00000000c3f00000|100%| O|  |TAMS 0x00000000c3f00000, 0x00000000c3e00000| Untracked 
|  63|0x00000000c3f00000, 0x00000000c4000000, 0x00000000c4000000|100%| O|  |TAMS 0x00000000c4000000, 0x00000000c3f00000| Untracked 
|  64|0x00000000c4000000, 0x00000000c4100000, 0x00000000c4100000|100%| O|  |TAMS 0x00000000c4100000, 0x00000000c4000000| Untracked 
|  65|0x00000000c4100000, 0x00000000c4200000, 0x00000000c4200000|100%| O|  |TAMS 0x00000000c4200000, 0x00000000c4100000| Untracked 
|  66|0x00000000c4200000, 0x00000000c4300000, 0x00000000c4300000|100%|HS|  |TAMS 0x00000000c4300000, 0x00000000c4200000| Untracked 
|  67|0x00000000c4300000, 0x00000000c4400000, 0x00000000c4400000|100%|HC|  |TAMS 0x00000000c4400000, 0x00000000c4300000| Untracked 
|  68|0x00000000c4400000, 0x00000000c4500000, 0x00000000c4500000|100%|HC|  |TAMS 0x00000000c4500000, 0x00000000c4400000| Untracked 
|  69|0x00000000c4500000, 0x00000000c45ffff8, 0x00000000c4600000| 99%| O|  |TAMS 0x00000000c45ffff8, 0x00000000c4500000| Untracked 
|  70|0x00000000c4600000, 0x00000000c46fffe8, 0x00000000c4700000| 99%| O|  |TAMS 0x00000000c46fffe8, 0x00000000c4600000| Untracked 
|  71|0x00000000c4700000, 0x00000000c47ffff0, 0x00000000c4800000| 99%| O|  |TAMS 0x00000000c47ffff0, 0x00000000c4700000| Untracked 
|  72|0x00000000c4800000, 0x00000000c48fff50, 0x00000000c4900000| 99%| O|  |TAMS 0x00000000c48fff50, 0x00000000c4800000| Untracked 
|  73|0x00000000c4900000, 0x00000000c49ffff8, 0x00000000c4a00000| 99%| O|  |TAMS 0x00000000c49ffff8, 0x00000000c4900000| Untracked 
|  74|0x00000000c4a00000, 0x00000000c4b00000, 0x00000000c4b00000|100%|HS|  |TAMS 0x00000000c4b00000, 0x00000000c4a00000| Untracked 
|  75|0x00000000c4b00000, 0x00000000c4c00000, 0x00000000c4c00000|100%| O|  |TAMS 0x00000000c4c00000, 0x00000000c4b00000| Untracked 
|  76|0x00000000c4c00000, 0x00000000c4d00000, 0x00000000c4d00000|100%| O|  |TAMS 0x00000000c4d00000, 0x00000000c4c00000| Untracked 
|  77|0x00000000c4d00000, 0x00000000c4dfffe0, 0x00000000c4e00000| 99%| O|  |TAMS 0x00000000c4dfffe0, 0x00000000c4d00000| Untracked 
|  78|0x00000000c4e00000, 0x00000000c4f00000, 0x00000000c4f00000|100%| O|  |TAMS 0x00000000c4f00000, 0x00000000c4e00000| Untracked 
|  79|0x00000000c4f00000, 0x00000000c4fffff8, 0x00000000c5000000| 99%| O|  |TAMS 0x00000000c4fffff8, 0x00000000c4f00000| Untracked 
|  80|0x00000000c5000000, 0x00000000c50fffd8, 0x00000000c5100000| 99%| O|  |TAMS 0x00000000c50fffd8, 0x00000000c5000000| Untracked 
|  81|0x00000000c5100000, 0x00000000c51ffff0, 0x00000000c5200000| 99%| O|  |TAMS 0x00000000c51ffff0, 0x00000000c5100000| Untracked 
|  82|0x00000000c5200000, 0x00000000c52fffe8, 0x00000000c5300000| 99%| O|  |TAMS 0x00000000c52fffe8, 0x00000000c5200000| Untracked 
|  83|0x00000000c5300000, 0x00000000c532c580, 0x00000000c5400000| 17%| O|  |TAMS 0x00000000c5300000, 0x00000000c5300000| Untracked 
|  84|0x00000000c5400000, 0x00000000c543c2d0, 0x00000000c5500000| 23%| O|  |TAMS 0x00000000c5400000, 0x00000000c5400000| Untracked 
|  85|0x00000000c5500000, 0x00000000c55fffe8, 0x00000000c5600000| 99%| O|  |TAMS 0x00000000c55fffe8, 0x00000000c5500000| Untracked 
|  86|0x00000000c5600000, 0x00000000c5641c08, 0x00000000c5700000| 25%| O|  |TAMS 0x00000000c5600000, 0x00000000c5600000| Untracked 
|  87|0x00000000c5700000, 0x00000000c5769530, 0x00000000c5800000| 41%| O|  |TAMS 0x00000000c5700000, 0x00000000c5700000| Untracked 
|  88|0x00000000c5800000, 0x00000000c5800088, 0x00000000c5900000|  0%| O|  |TAMS 0x00000000c5800000, 0x00000000c5800000| Untracked 
|  89|0x00000000c5900000, 0x00000000c5900000, 0x00000000c5a00000|  0%| F|  |TAMS 0x00000000c5900000, 0x00000000c5900000| Untracked 
|  90|0x00000000c5a00000, 0x00000000c5a00000, 0x00000000c5b00000|  0%| F|  |TAMS 0x00000000c5a00000, 0x00000000c5a00000| Untracked 
|  91|0x00000000c5b00000, 0x00000000c5b00000, 0x00000000c5c00000|  0%| F|  |TAMS 0x00000000c5b00000, 0x00000000c5b00000| Untracked 
|  92|0x00000000c5c00000, 0x00000000c5c00000, 0x00000000c5d00000|  0%| F|  |TAMS 0x00000000c5c00000, 0x00000000c5c00000| Untracked 
|  93|0x00000000c5d00000, 0x00000000c5d00000, 0x00000000c5e00000|  0%| F|  |TAMS 0x00000000c5d00000, 0x00000000c5d00000| Untracked 
|  94|0x00000000c5e00000, 0x00000000c5e00000, 0x00000000c5f00000|  0%| F|  |TAMS 0x00000000c5e00000, 0x00000000c5e00000| Untracked 
|  95|0x00000000c5f00000, 0x00000000c5f00000, 0x00000000c6000000|  0%| F|  |TAMS 0x00000000c5f00000, 0x00000000c5f00000| Untracked 
|  96|0x00000000c6000000, 0x00000000c60f6140, 0x00000000c6100000| 96%| O|  |TAMS 0x00000000c60f6140, 0x00000000c6000000| Untracked 
|  97|0x00000000c6100000, 0x00000000c6100000, 0x00000000c6200000|  0%| F|  |TAMS 0x00000000c6100000, 0x00000000c6100000| Untracked 
|  98|0x00000000c6200000, 0x00000000c6200000, 0x00000000c6300000|  0%| F|  |TAMS 0x00000000c6200000, 0x00000000c6200000| Untracked 
|  99|0x00000000c6300000, 0x00000000c63ffff0, 0x00000000c6400000| 99%| O|  |TAMS 0x00000000c63ffff0, 0x00000000c6300000| Untracked 
| 100|0x00000000c6400000, 0x00000000c6400000, 0x00000000c6500000|  0%| F|  |TAMS 0x00000000c6400000, 0x00000000c6400000| Untracked 
| 101|0x00000000c6500000, 0x00000000c65fffe8, 0x00000000c6600000| 99%| O|  |TAMS 0x00000000c65fffe8, 0x00000000c6500000| Untracked 
| 102|0x00000000c6600000, 0x00000000c6600000, 0x00000000c6700000|  0%| F|  |TAMS 0x00000000c6600000, 0x00000000c6600000| Untracked 
| 103|0x00000000c6700000, 0x00000000c6700000, 0x00000000c6800000|  0%| F|  |TAMS 0x00000000c6700000, 0x00000000c6700000| Untracked 
| 104|0x00000000c6800000, 0x00000000c6800000, 0x00000000c6900000|  0%| F|  |TAMS 0x00000000c6800000, 0x00000000c6800000| Untracked 
| 105|0x00000000c6900000, 0x00000000c6900000, 0x00000000c6a00000|  0%| F|  |TAMS 0x00000000c6900000, 0x00000000c6900000| Untracked 
| 106|0x00000000c6a00000, 0x00000000c6a00000, 0x00000000c6b00000|  0%| F|  |TAMS 0x00000000c6a00000, 0x00000000c6a00000| Untracked 
| 107|0x00000000c6b00000, 0x00000000c6b00000, 0x00000000c6c00000|  0%| F|  |TAMS 0x00000000c6b00000, 0x00000000c6b00000| Untracked 
| 108|0x00000000c6c00000, 0x00000000c6c00000, 0x00000000c6d00000|  0%| F|  |TAMS 0x00000000c6c00000, 0x00000000c6c00000| Untracked 
| 109|0x00000000c6d00000, 0x00000000c6d00000, 0x00000000c6e00000|  0%| F|  |TAMS 0x00000000c6d00000, 0x00000000c6d00000| Untracked 
| 110|0x00000000c6e00000, 0x00000000c6e00000, 0x00000000c6f00000|  0%| F|  |TAMS 0x00000000c6e00000, 0x00000000c6e00000| Untracked 
| 111|0x00000000c6f00000, 0x00000000c6f00000, 0x00000000c7000000|  0%| F|  |TAMS 0x00000000c6f00000, 0x00000000c6f00000| Untracked 
| 112|0x00000000c7000000, 0x00000000c7000000, 0x00000000c7100000|  0%| F|  |TAMS 0x00000000c7000000, 0x00000000c7000000| Untracked 
| 113|0x00000000c7100000, 0x00000000c71f5580, 0x00000000c7200000| 95%| O|  |TAMS 0x00000000c71f5580, 0x00000000c7100000| Untracked 
| 114|0x00000000c7200000, 0x00000000c7200000, 0x00000000c7300000|  0%| F|  |TAMS 0x00000000c7200000, 0x00000000c7200000| Untracked 
| 115|0x00000000c7300000, 0x00000000c7300000, 0x00000000c7400000|  0%| F|  |TAMS 0x00000000c7300000, 0x00000000c7300000| Untracked 
| 116|0x00000000c7400000, 0x00000000c7400000, 0x00000000c7500000|  0%| F|  |TAMS 0x00000000c7400000, 0x00000000c7400000| Untracked 
| 117|0x00000000c7500000, 0x00000000c7500000, 0x00000000c7600000|  0%| F|  |TAMS 0x00000000c7500000, 0x00000000c7500000| Untracked 
| 118|0x00000000c7600000, 0x00000000c7600000, 0x00000000c7700000|  0%| F|  |TAMS 0x00000000c7600000, 0x00000000c7600000| Untracked 
| 119|0x00000000c7700000, 0x00000000c7700000, 0x00000000c7800000|  0%| F|  |TAMS 0x00000000c7700000, 0x00000000c7700000| Untracked 
| 120|0x00000000c7800000, 0x00000000c7800000, 0x00000000c7900000|  0%| F|  |TAMS 0x00000000c7800000, 0x00000000c7800000| Untracked 
| 121|0x00000000c7900000, 0x00000000c7900000, 0x00000000c7a00000|  0%| F|  |TAMS 0x00000000c7900000, 0x00000000c7900000| Untracked 
| 122|0x00000000c7a00000, 0x00000000c7a00000, 0x00000000c7b00000|  0%| F|  |TAMS 0x00000000c7a00000, 0x00000000c7a00000| Untracked 
| 123|0x00000000c7b00000, 0x00000000c7b00000, 0x00000000c7c00000|  0%| F|  |TAMS 0x00000000c7b00000, 0x00000000c7b00000| Untracked 
| 124|0x00000000c7c00000, 0x00000000c7cfffe8, 0x00000000c7d00000| 99%| O|  |TAMS 0x00000000c7cfffe8, 0x00000000c7c00000| Untracked 
| 125|0x00000000c7d00000, 0x00000000c7dfffd0, 0x00000000c7e00000| 99%| O|  |TAMS 0x00000000c7dfffd0, 0x00000000c7d00000| Untracked 
| 126|0x00000000c7e00000, 0x00000000c7e00000, 0x00000000c7f00000|  0%| F|  |TAMS 0x00000000c7e00000, 0x00000000c7e00000| Untracked 
| 127|0x00000000c7f00000, 0x00000000c7f00000, 0x00000000c8000000|  0%| F|  |TAMS 0x00000000c7f00000, 0x00000000c7f00000| Untracked 
| 128|0x00000000c8000000, 0x00000000c8000000, 0x00000000c8100000|  0%| F|  |TAMS 0x00000000c8000000, 0x00000000c8000000| Untracked 
| 129|0x00000000c8100000, 0x00000000c8100000, 0x00000000c8200000|  0%| F|  |TAMS 0x00000000c8100000, 0x00000000c8100000| Untracked 
| 130|0x00000000c8200000, 0x00000000c8200000, 0x00000000c8300000|  0%| F|  |TAMS 0x00000000c8200000, 0x00000000c8200000| Untracked 
| 131|0x00000000c8300000, 0x00000000c8300000, 0x00000000c8400000|  0%| F|  |TAMS 0x00000000c8300000, 0x00000000c8300000| Untracked 
| 132|0x00000000c8400000, 0x00000000c8400000, 0x00000000c8500000|  0%| F|  |TAMS 0x00000000c8400000, 0x00000000c8400000| Untracked 
| 133|0x00000000c8500000, 0x00000000c8500000, 0x00000000c8600000|  0%| F|  |TAMS 0x00000000c8500000, 0x00000000c8500000| Untracked 
| 134|0x00000000c8600000, 0x00000000c8600000, 0x00000000c8700000|  0%| F|  |TAMS 0x00000000c8600000, 0x00000000c8600000| Untracked 
| 135|0x00000000c8700000, 0x00000000c8700000, 0x00000000c8800000|  0%| F|  |TAMS 0x00000000c8700000, 0x00000000c8700000| Untracked 
| 136|0x00000000c8800000, 0x00000000c8800000, 0x00000000c8900000|  0%| F|  |TAMS 0x00000000c8800000, 0x00000000c8800000| Untracked 
| 137|0x00000000c8900000, 0x00000000c8900000, 0x00000000c8a00000|  0%| F|  |TAMS 0x00000000c8900000, 0x00000000c8900000| Untracked 
| 138|0x00000000c8a00000, 0x00000000c8a00000, 0x00000000c8b00000|  0%| F|  |TAMS 0x00000000c8a00000, 0x00000000c8a00000| Untracked 
| 139|0x00000000c8b00000, 0x00000000c8b00000, 0x00000000c8c00000|  0%| F|  |TAMS 0x00000000c8b00000, 0x00000000c8b00000| Untracked 
| 140|0x00000000c8c00000, 0x00000000c8c00000, 0x00000000c8d00000|  0%| F|  |TAMS 0x00000000c8c00000, 0x00000000c8c00000| Untracked 
| 141|0x00000000c8d00000, 0x00000000c8d00000, 0x00000000c8e00000|  0%| F|  |TAMS 0x00000000c8d00000, 0x00000000c8d00000| Untracked 
| 142|0x00000000c8e00000, 0x00000000c8e00000, 0x00000000c8f00000|  0%| F|  |TAMS 0x00000000c8e00000, 0x00000000c8e00000| Untracked 
| 143|0x00000000c8f00000, 0x00000000c8f00000, 0x00000000c9000000|  0%| F|  |TAMS 0x00000000c8f00000, 0x00000000c8f00000| Untracked 
| 144|0x00000000c9000000, 0x00000000c9000000, 0x00000000c9100000|  0%| F|  |TAMS 0x00000000c9000000, 0x00000000c9000000| Untracked 
| 145|0x00000000c9100000, 0x00000000c9100000, 0x00000000c9200000|  0%| F|  |TAMS 0x00000000c9100000, 0x00000000c9100000| Untracked 
| 146|0x00000000c9200000, 0x00000000c9200000, 0x00000000c9300000|  0%| F|  |TAMS 0x00000000c9200000, 0x00000000c9200000| Untracked 
| 147|0x00000000c9300000, 0x00000000c9300000, 0x00000000c9400000|  0%| F|  |TAMS 0x00000000c9300000, 0x00000000c9300000| Untracked 
| 148|0x00000000c9400000, 0x00000000c9400000, 0x00000000c9500000|  0%| F|  |TAMS 0x00000000c9400000, 0x00000000c9400000| Untracked 
| 149|0x00000000c9500000, 0x00000000c9500000, 0x00000000c9600000|  0%| F|  |TAMS 0x00000000c9500000, 0x00000000c9500000| Untracked 
| 150|0x00000000c9600000, 0x00000000c9600000, 0x00000000c9700000|  0%| F|  |TAMS 0x00000000c9600000, 0x00000000c9600000| Untracked 
| 151|0x00000000c9700000, 0x00000000c9700000, 0x00000000c9800000|  0%| F|  |TAMS 0x00000000c9700000, 0x00000000c9700000| Untracked 
| 152|0x00000000c9800000, 0x00000000c9800000, 0x00000000c9900000|  0%| F|  |TAMS 0x00000000c9800000, 0x00000000c9800000| Untracked 
| 153|0x00000000c9900000, 0x00000000c9900000, 0x00000000c9a00000|  0%| F|  |TAMS 0x00000000c9900000, 0x00000000c9900000| Untracked 
| 154|0x00000000c9a00000, 0x00000000c9a00000, 0x00000000c9b00000|  0%| F|  |TAMS 0x00000000c9a00000, 0x00000000c9a00000| Untracked 
| 155|0x00000000c9b00000, 0x00000000c9b00000, 0x00000000c9c00000|  0%| F|  |TAMS 0x00000000c9b00000, 0x00000000c9b00000| Untracked 
| 156|0x00000000c9c00000, 0x00000000c9c00000, 0x00000000c9d00000|  0%| F|  |TAMS 0x00000000c9c00000, 0x00000000c9c00000| Untracked 
| 157|0x00000000c9d00000, 0x00000000c9d00000, 0x00000000c9e00000|  0%| F|  |TAMS 0x00000000c9d00000, 0x00000000c9d00000| Untracked 
| 158|0x00000000c9e00000, 0x00000000c9e00000, 0x00000000c9f00000|  0%| F|  |TAMS 0x00000000c9e00000, 0x00000000c9e00000| Untracked 
| 159|0x00000000c9f00000, 0x00000000c9f00000, 0x00000000ca000000|  0%| F|  |TAMS 0x00000000c9f00000, 0x00000000c9f00000| Untracked 
| 160|0x00000000ca000000, 0x00000000ca000000, 0x00000000ca100000|  0%| F|  |TAMS 0x00000000ca000000, 0x00000000ca000000| Untracked 
| 161|0x00000000ca100000, 0x00000000ca100000, 0x00000000ca200000|  0%| F|  |TAMS 0x00000000ca100000, 0x00000000ca100000| Untracked 
| 162|0x00000000ca200000, 0x00000000ca300000, 0x00000000ca300000|100%| O|  |TAMS 0x00000000ca300000, 0x00000000ca200000| Untracked 
| 163|0x00000000ca300000, 0x00000000ca300000, 0x00000000ca400000|  0%| F|  |TAMS 0x00000000ca300000, 0x00000000ca300000| Untracked 
| 164|0x00000000ca400000, 0x00000000ca400000, 0x00000000ca500000|  0%| F|  |TAMS 0x00000000ca400000, 0x00000000ca400000| Untracked 
| 165|0x00000000ca500000, 0x00000000ca500000, 0x00000000ca600000|  0%| F|  |TAMS 0x00000000ca500000, 0x00000000ca500000| Untracked 
| 166|0x00000000ca600000, 0x00000000ca600000, 0x00000000ca700000|  0%| F|  |TAMS 0x00000000ca600000, 0x00000000ca600000| Untracked 
| 167|0x00000000ca700000, 0x00000000ca700000, 0x00000000ca800000|  0%| F|  |TAMS 0x00000000ca700000, 0x00000000ca700000| Untracked 
| 168|0x00000000ca800000, 0x00000000ca800000, 0x00000000ca900000|  0%| F|  |TAMS 0x00000000ca800000, 0x00000000ca800000| Untracked 
| 169|0x00000000ca900000, 0x00000000ca900000, 0x00000000caa00000|  0%| F|  |TAMS 0x00000000ca900000, 0x00000000ca900000| Untracked 
| 170|0x00000000caa00000, 0x00000000caa00000, 0x00000000cab00000|  0%| F|  |TAMS 0x00000000caa00000, 0x00000000caa00000| Untracked 
| 171|0x00000000cab00000, 0x00000000cab00000, 0x00000000cac00000|  0%| F|  |TAMS 0x00000000cab00000, 0x00000000cab00000| Untracked 
| 172|0x00000000cac00000, 0x00000000cac00000, 0x00000000cad00000|  0%| F|  |TAMS 0x00000000cac00000, 0x00000000cac00000| Untracked 
| 173|0x00000000cad00000, 0x00000000cad00000, 0x00000000cae00000|  0%| F|  |TAMS 0x00000000cad00000, 0x00000000cad00000| Untracked 
| 174|0x00000000cae00000, 0x00000000cae00000, 0x00000000caf00000|  0%| F|  |TAMS 0x00000000cae00000, 0x00000000cae00000| Untracked 
| 175|0x00000000caf00000, 0x00000000caf00000, 0x00000000cb000000|  0%| F|  |TAMS 0x00000000caf00000, 0x00000000caf00000| Untracked 
| 176|0x00000000cb000000, 0x00000000cb000000, 0x00000000cb100000|  0%| F|  |TAMS 0x00000000cb000000, 0x00000000cb000000| Untracked 
| 177|0x00000000cb100000, 0x00000000cb100000, 0x00000000cb200000|  0%| F|  |TAMS 0x00000000cb100000, 0x00000000cb100000| Untracked 
| 178|0x00000000cb200000, 0x00000000cb200000, 0x00000000cb300000|  0%| F|  |TAMS 0x00000000cb200000, 0x00000000cb200000| Untracked 
| 179|0x00000000cb300000, 0x00000000cb300000, 0x00000000cb400000|  0%| F|  |TAMS 0x00000000cb300000, 0x00000000cb300000| Untracked 
| 180|0x00000000cb400000, 0x00000000cb400000, 0x00000000cb500000|  0%| F|  |TAMS 0x00000000cb400000, 0x00000000cb400000| Untracked 
| 181|0x00000000cb500000, 0x00000000cb500000, 0x00000000cb600000|  0%| F|  |TAMS 0x00000000cb500000, 0x00000000cb500000| Untracked 
| 182|0x00000000cb600000, 0x00000000cb600000, 0x00000000cb700000|  0%| F|  |TAMS 0x00000000cb600000, 0x00000000cb600000| Untracked 
| 183|0x00000000cb700000, 0x00000000cb700000, 0x00000000cb800000|  0%| F|  |TAMS 0x00000000cb700000, 0x00000000cb700000| Untracked 
| 184|0x00000000cb800000, 0x00000000cb800000, 0x00000000cb900000|  0%| F|  |TAMS 0x00000000cb800000, 0x00000000cb800000| Untracked 
| 185|0x00000000cb900000, 0x00000000cb900000, 0x00000000cba00000|  0%| F|  |TAMS 0x00000000cb900000, 0x00000000cb900000| Untracked 
| 186|0x00000000cba00000, 0x00000000cba00000, 0x00000000cbb00000|  0%| F|  |TAMS 0x00000000cba00000, 0x00000000cba00000| Untracked 
| 187|0x00000000cbb00000, 0x00000000cbb00000, 0x00000000cbc00000|  0%| F|  |TAMS 0x00000000cbb00000, 0x00000000cbb00000| Untracked 
| 188|0x00000000cbc00000, 0x00000000cbc00000, 0x00000000cbd00000|  0%| F|  |TAMS 0x00000000cbc00000, 0x00000000cbc00000| Untracked 
| 189|0x00000000cbd00000, 0x00000000cbd00000, 0x00000000cbe00000|  0%| F|  |TAMS 0x00000000cbd00000, 0x00000000cbd00000| Untracked 
| 190|0x00000000cbe00000, 0x00000000cbe00000, 0x00000000cbf00000|  0%| F|  |TAMS 0x00000000cbe00000, 0x00000000cbe00000| Untracked 
| 191|0x00000000cbf00000, 0x00000000cbf00000, 0x00000000cc000000|  0%| F|  |TAMS 0x00000000cbf00000, 0x00000000cbf00000| Untracked 
| 192|0x00000000cc000000, 0x00000000cc000000, 0x00000000cc100000|  0%| F|  |TAMS 0x00000000cc000000, 0x00000000cc000000| Untracked 
| 193|0x00000000cc100000, 0x00000000cc100000, 0x00000000cc200000|  0%| F|  |TAMS 0x00000000cc100000, 0x00000000cc100000| Untracked 
| 194|0x00000000cc200000, 0x00000000cc200000, 0x00000000cc300000|  0%| F|  |TAMS 0x00000000cc200000, 0x00000000cc200000| Untracked 
| 195|0x00000000cc300000, 0x00000000cc300000, 0x00000000cc400000|  0%| F|  |TAMS 0x00000000cc300000, 0x00000000cc300000| Untracked 
| 196|0x00000000cc400000, 0x00000000cc500000, 0x00000000cc500000|100%| O|  |TAMS 0x00000000cc500000, 0x00000000cc400000| Untracked 
| 197|0x00000000cc500000, 0x00000000cc500000, 0x00000000cc600000|  0%| F|  |TAMS 0x00000000cc500000, 0x00000000cc500000| Untracked 
| 198|0x00000000cc600000, 0x00000000cc600000, 0x00000000cc700000|  0%| F|  |TAMS 0x00000000cc600000, 0x00000000cc600000| Untracked 
| 199|0x00000000cc700000, 0x00000000cc700000, 0x00000000cc800000|  0%| F|  |TAMS 0x00000000cc700000, 0x00000000cc700000| Untracked 
| 200|0x00000000cc800000, 0x00000000cc800000, 0x00000000cc900000|  0%| F|  |TAMS 0x00000000cc800000, 0x00000000cc800000| Untracked 
| 201|0x00000000cc900000, 0x00000000cc900000, 0x00000000cca00000|  0%| F|  |TAMS 0x00000000cc900000, 0x00000000cc900000| Untracked 
| 202|0x00000000cca00000, 0x00000000ccafffc8, 0x00000000ccb00000| 99%| O|  |TAMS 0x00000000ccafffc8, 0x00000000cca00000| Untracked 
| 203|0x00000000ccb00000, 0x00000000ccbfffd0, 0x00000000ccc00000| 99%| O|  |TAMS 0x00000000ccbfffd0, 0x00000000ccb00000| Untracked 
| 204|0x00000000ccc00000, 0x00000000ccc00000, 0x00000000ccd00000|  0%| F|  |TAMS 0x00000000ccc00000, 0x00000000ccc00000| Untracked 
| 205|0x00000000ccd00000, 0x00000000ccd00000, 0x00000000cce00000|  0%| F|  |TAMS 0x00000000ccd00000, 0x00000000ccd00000| Untracked 
| 206|0x00000000cce00000, 0x00000000cce00000, 0x00000000ccf00000|  0%| F|  |TAMS 0x00000000cce00000, 0x00000000cce00000| Untracked 
| 207|0x00000000ccf00000, 0x00000000ccf00000, 0x00000000cd000000|  0%| F|  |TAMS 0x00000000ccf00000, 0x00000000ccf00000| Untracked 
| 208|0x00000000cd000000, 0x00000000cd000000, 0x00000000cd100000|  0%| F|  |TAMS 0x00000000cd000000, 0x00000000cd000000| Untracked 
| 209|0x00000000cd100000, 0x00000000cd100000, 0x00000000cd200000|  0%| F|  |TAMS 0x00000000cd100000, 0x00000000cd100000| Untracked 
| 210|0x00000000cd200000, 0x00000000cd200000, 0x00000000cd300000|  0%| F|  |TAMS 0x00000000cd200000, 0x00000000cd200000| Untracked 
| 211|0x00000000cd300000, 0x00000000cd300000, 0x00000000cd400000|  0%| F|  |TAMS 0x00000000cd300000, 0x00000000cd300000| Untracked 
| 212|0x00000000cd400000, 0x00000000cd400000, 0x00000000cd500000|  0%| F|  |TAMS 0x00000000cd400000, 0x00000000cd400000| Untracked 
| 213|0x00000000cd500000, 0x00000000cd500000, 0x00000000cd600000|  0%| F|  |TAMS 0x00000000cd500000, 0x00000000cd500000| Untracked 
| 214|0x00000000cd600000, 0x00000000cd600000, 0x00000000cd700000|  0%| F|  |TAMS 0x00000000cd600000, 0x00000000cd600000| Untracked 
| 215|0x00000000cd700000, 0x00000000cd700000, 0x00000000cd800000|  0%| F|  |TAMS 0x00000000cd700000, 0x00000000cd700000| Untracked 
| 216|0x00000000cd800000, 0x00000000cd800000, 0x00000000cd900000|  0%| F|  |TAMS 0x00000000cd800000, 0x00000000cd800000| Untracked 
| 217|0x00000000cd900000, 0x00000000cd900000, 0x00000000cda00000|  0%| F|  |TAMS 0x00000000cd900000, 0x00000000cd900000| Untracked 
| 218|0x00000000cda00000, 0x00000000cda00000, 0x00000000cdb00000|  0%| F|  |TAMS 0x00000000cda00000, 0x00000000cda00000| Untracked 
| 219|0x00000000cdb00000, 0x00000000cdb00000, 0x00000000cdc00000|  0%| F|  |TAMS 0x00000000cdb00000, 0x00000000cdb00000| Untracked 
| 220|0x00000000cdc00000, 0x00000000cdc00000, 0x00000000cdd00000|  0%| F|  |TAMS 0x00000000cdc00000, 0x00000000cdc00000| Untracked 
| 221|0x00000000cdd00000, 0x00000000cdd00000, 0x00000000cde00000|  0%| F|  |TAMS 0x00000000cdd00000, 0x00000000cdd00000| Untracked 
| 222|0x00000000cde00000, 0x00000000cde00000, 0x00000000cdf00000|  0%| F|  |TAMS 0x00000000cde00000, 0x00000000cde00000| Untracked 
| 223|0x00000000cdf00000, 0x00000000cdf00000, 0x00000000ce000000|  0%| F|  |TAMS 0x00000000cdf00000, 0x00000000cdf00000| Untracked 
| 224|0x00000000ce000000, 0x00000000ce000000, 0x00000000ce100000|  0%| F|  |TAMS 0x00000000ce000000, 0x00000000ce000000| Untracked 
| 225|0x00000000ce100000, 0x00000000ce100000, 0x00000000ce200000|  0%| F|  |TAMS 0x00000000ce100000, 0x00000000ce100000| Untracked 
| 226|0x00000000ce200000, 0x00000000ce200000, 0x00000000ce300000|  0%| F|  |TAMS 0x00000000ce200000, 0x00000000ce200000| Untracked 
| 227|0x00000000ce300000, 0x00000000ce300000, 0x00000000ce400000|  0%| F|  |TAMS 0x00000000ce300000, 0x00000000ce300000| Untracked 
| 228|0x00000000ce400000, 0x00000000ce400000, 0x00000000ce500000|  0%| F|  |TAMS 0x00000000ce400000, 0x00000000ce400000| Untracked 
| 229|0x00000000ce500000, 0x00000000ce500000, 0x00000000ce600000|  0%| F|  |TAMS 0x00000000ce500000, 0x00000000ce500000| Untracked 
| 230|0x00000000ce600000, 0x00000000ce600000, 0x00000000ce700000|  0%| F|  |TAMS 0x00000000ce600000, 0x00000000ce600000| Untracked 
| 231|0x00000000ce700000, 0x00000000ce700000, 0x00000000ce800000|  0%| F|  |TAMS 0x00000000ce700000, 0x00000000ce700000| Untracked 
| 232|0x00000000ce800000, 0x00000000ce800000, 0x00000000ce900000|  0%| F|  |TAMS 0x00000000ce800000, 0x00000000ce800000| Untracked 
| 233|0x00000000ce900000, 0x00000000ce900000, 0x00000000cea00000|  0%| F|  |TAMS 0x00000000ce900000, 0x00000000ce900000| Untracked 
| 234|0x00000000cea00000, 0x00000000cea00000, 0x00000000ceb00000|  0%| F|  |TAMS 0x00000000cea00000, 0x00000000cea00000| Untracked 
| 235|0x00000000ceb00000, 0x00000000ceb00000, 0x00000000cec00000|  0%| F|  |TAMS 0x00000000ceb00000, 0x00000000ceb00000| Untracked 
| 236|0x00000000cec00000, 0x00000000cec00000, 0x00000000ced00000|  0%| F|  |TAMS 0x00000000cec00000, 0x00000000cec00000| Untracked 
| 237|0x00000000ced00000, 0x00000000ced00000, 0x00000000cee00000|  0%| F|  |TAMS 0x00000000ced00000, 0x00000000ced00000| Untracked 
| 238|0x00000000cee00000, 0x00000000cee00000, 0x00000000cef00000|  0%| F|  |TAMS 0x00000000cee00000, 0x00000000cee00000| Untracked 
| 239|0x00000000cef00000, 0x00000000cef00000, 0x00000000cf000000|  0%| F|  |TAMS 0x00000000cef00000, 0x00000000cef00000| Untracked 
| 240|0x00000000cf000000, 0x00000000cf000000, 0x00000000cf100000|  0%| F|  |TAMS 0x00000000cf000000, 0x00000000cf000000| Untracked 
| 241|0x00000000cf100000, 0x00000000cf100000, 0x00000000cf200000|  0%| F|  |TAMS 0x00000000cf100000, 0x00000000cf100000| Untracked 
| 242|0x00000000cf200000, 0x00000000cf200000, 0x00000000cf300000|  0%| F|  |TAMS 0x00000000cf200000, 0x00000000cf200000| Untracked 
| 243|0x00000000cf300000, 0x00000000cf300000, 0x00000000cf400000|  0%| F|  |TAMS 0x00000000cf300000, 0x00000000cf300000| Untracked 
| 244|0x00000000cf400000, 0x00000000cf400000, 0x00000000cf500000|  0%| F|  |TAMS 0x00000000cf400000, 0x00000000cf400000| Untracked 
| 245|0x00000000cf500000, 0x00000000cf500000, 0x00000000cf600000|  0%| F|  |TAMS 0x00000000cf500000, 0x00000000cf500000| Untracked 
| 246|0x00000000cf600000, 0x00000000cf600000, 0x00000000cf700000|  0%| F|  |TAMS 0x00000000cf600000, 0x00000000cf600000| Untracked 
| 247|0x00000000cf700000, 0x00000000cf700000, 0x00000000cf800000|  0%| F|  |TAMS 0x00000000cf700000, 0x00000000cf700000| Untracked 
| 248|0x00000000cf800000, 0x00000000cf800000, 0x00000000cf900000|  0%| F|  |TAMS 0x00000000cf800000, 0x00000000cf800000| Untracked 
| 249|0x00000000cf900000, 0x00000000cf900000, 0x00000000cfa00000|  0%| F|  |TAMS 0x00000000cf900000, 0x00000000cf900000| Untracked 
| 250|0x00000000cfa00000, 0x00000000cfa00000, 0x00000000cfb00000|  0%| F|  |TAMS 0x00000000cfa00000, 0x00000000cfa00000| Untracked 
| 251|0x00000000cfb00000, 0x00000000cfb00000, 0x00000000cfc00000|  0%| F|  |TAMS 0x00000000cfb00000, 0x00000000cfb00000| Untracked 
| 252|0x00000000cfc00000, 0x00000000cfc00000, 0x00000000cfd00000|  0%| F|  |TAMS 0x00000000cfc00000, 0x00000000cfc00000| Untracked 
| 253|0x00000000cfd00000, 0x00000000cfd00000, 0x00000000cfe00000|  0%| F|  |TAMS 0x00000000cfd00000, 0x00000000cfd00000| Untracked 
| 254|0x00000000cfe00000, 0x00000000cfe00000, 0x00000000cff00000|  0%| F|  |TAMS 0x00000000cfe00000, 0x00000000cfe00000| Untracked 
| 255|0x00000000cff00000, 0x00000000cff00000, 0x00000000d0000000|  0%| F|  |TAMS 0x00000000cff00000, 0x00000000cff00000| Untracked 
| 256|0x00000000d0000000, 0x00000000d0000000, 0x00000000d0100000|  0%| F|  |TAMS 0x00000000d0000000, 0x00000000d0000000| Untracked 
| 257|0x00000000d0100000, 0x00000000d0100000, 0x00000000d0200000|  0%| F|  |TAMS 0x00000000d0100000, 0x00000000d0100000| Untracked 
| 258|0x00000000d0200000, 0x00000000d0200000, 0x00000000d0300000|  0%| F|  |TAMS 0x00000000d0200000, 0x00000000d0200000| Untracked 
| 259|0x00000000d0300000, 0x00000000d0300000, 0x00000000d0400000|  0%| F|  |TAMS 0x00000000d0300000, 0x00000000d0300000| Untracked 
| 260|0x00000000d0400000, 0x00000000d0400000, 0x00000000d0500000|  0%| F|  |TAMS 0x00000000d0400000, 0x00000000d0400000| Untracked 
| 261|0x00000000d0500000, 0x00000000d0500000, 0x00000000d0600000|  0%| F|  |TAMS 0x00000000d0500000, 0x00000000d0500000| Untracked 
| 262|0x00000000d0600000, 0x00000000d0600000, 0x00000000d0700000|  0%| F|  |TAMS 0x00000000d0600000, 0x00000000d0600000| Untracked 
| 263|0x00000000d0700000, 0x00000000d0700000, 0x00000000d0800000|  0%| F|  |TAMS 0x00000000d0700000, 0x00000000d0700000| Untracked 
| 264|0x00000000d0800000, 0x00000000d0800000, 0x00000000d0900000|  0%| F|  |TAMS 0x00000000d0800000, 0x00000000d0800000| Untracked 
| 265|0x00000000d0900000, 0x00000000d0900000, 0x00000000d0a00000|  0%| F|  |TAMS 0x00000000d0900000, 0x00000000d0900000| Untracked 
| 266|0x00000000d0a00000, 0x00000000d0a00000, 0x00000000d0b00000|  0%| F|  |TAMS 0x00000000d0a00000, 0x00000000d0a00000| Untracked 
| 267|0x00000000d0b00000, 0x00000000d0b00000, 0x00000000d0c00000|  0%| F|  |TAMS 0x00000000d0b00000, 0x00000000d0b00000| Untracked 
| 268|0x00000000d0c00000, 0x00000000d0c00000, 0x00000000d0d00000|  0%| F|  |TAMS 0x00000000d0c00000, 0x00000000d0c00000| Untracked 
| 269|0x00000000d0d00000, 0x00000000d0d00000, 0x00000000d0e00000|  0%| F|  |TAMS 0x00000000d0d00000, 0x00000000d0d00000| Untracked 
| 270|0x00000000d0e00000, 0x00000000d0e00000, 0x00000000d0f00000|  0%| F|  |TAMS 0x00000000d0e00000, 0x00000000d0e00000| Untracked 
| 271|0x00000000d0f00000, 0x00000000d0f00000, 0x00000000d1000000|  0%| F|  |TAMS 0x00000000d0f00000, 0x00000000d0f00000| Untracked 
| 272|0x00000000d1000000, 0x00000000d1000000, 0x00000000d1100000|  0%| F|  |TAMS 0x00000000d1000000, 0x00000000d1000000| Untracked 
| 273|0x00000000d1100000, 0x00000000d1100000, 0x00000000d1200000|  0%| F|  |TAMS 0x00000000d1100000, 0x00000000d1100000| Untracked 
| 274|0x00000000d1200000, 0x00000000d1200000, 0x00000000d1300000|  0%| F|  |TAMS 0x00000000d1200000, 0x00000000d1200000| Untracked 
| 275|0x00000000d1300000, 0x00000000d1300000, 0x00000000d1400000|  0%| F|  |TAMS 0x00000000d1300000, 0x00000000d1300000| Untracked 
| 276|0x00000000d1400000, 0x00000000d1400000, 0x00000000d1500000|  0%| F|  |TAMS 0x00000000d1400000, 0x00000000d1400000| Untracked 
| 277|0x00000000d1500000, 0x00000000d1500000, 0x00000000d1600000|  0%| F|  |TAMS 0x00000000d1500000, 0x00000000d1500000| Untracked 
| 278|0x00000000d1600000, 0x00000000d1600000, 0x00000000d1700000|  0%| F|  |TAMS 0x00000000d1600000, 0x00000000d1600000| Untracked 
| 279|0x00000000d1700000, 0x00000000d1700000, 0x00000000d1800000|  0%| F|  |TAMS 0x00000000d1700000, 0x00000000d1700000| Untracked 
| 280|0x00000000d1800000, 0x00000000d1800000, 0x00000000d1900000|  0%| F|  |TAMS 0x00000000d1800000, 0x00000000d1800000| Untracked 
| 281|0x00000000d1900000, 0x00000000d1900000, 0x00000000d1a00000|  0%| F|  |TAMS 0x00000000d1900000, 0x00000000d1900000| Untracked 
| 282|0x00000000d1a00000, 0x00000000d1a00000, 0x00000000d1b00000|  0%| F|  |TAMS 0x00000000d1a00000, 0x00000000d1a00000| Untracked 
| 283|0x00000000d1b00000, 0x00000000d1b00000, 0x00000000d1c00000|  0%| F|  |TAMS 0x00000000d1b00000, 0x00000000d1b00000| Untracked 
| 284|0x00000000d1c00000, 0x00000000d1c00000, 0x00000000d1d00000|  0%| F|  |TAMS 0x00000000d1c00000, 0x00000000d1c00000| Untracked 
| 285|0x00000000d1d00000, 0x00000000d1e00000, 0x00000000d1e00000|100%| O|  |TAMS 0x00000000d1e00000, 0x00000000d1d00000| Untracked 
| 286|0x00000000d1e00000, 0x00000000d1e00000, 0x00000000d1f00000|  0%| F|  |TAMS 0x00000000d1e00000, 0x00000000d1e00000| Untracked 
| 287|0x00000000d1f00000, 0x00000000d1f00000, 0x00000000d2000000|  0%| F|  |TAMS 0x00000000d1f00000, 0x00000000d1f00000| Untracked 
| 288|0x00000000d2000000, 0x00000000d2000000, 0x00000000d2100000|  0%| F|  |TAMS 0x00000000d2000000, 0x00000000d2000000| Untracked 
| 289|0x00000000d2100000, 0x00000000d2100000, 0x00000000d2200000|  0%| F|  |TAMS 0x00000000d2100000, 0x00000000d2100000| Untracked 
| 290|0x00000000d2200000, 0x00000000d2200000, 0x00000000d2300000|  0%| F|  |TAMS 0x00000000d2200000, 0x00000000d2200000| Untracked 
| 291|0x00000000d2300000, 0x00000000d2300000, 0x00000000d2400000|  0%| F|  |TAMS 0x00000000d2300000, 0x00000000d2300000| Untracked 
| 292|0x00000000d2400000, 0x00000000d2400000, 0x00000000d2500000|  0%| F|  |TAMS 0x00000000d2400000, 0x00000000d2400000| Untracked 
| 293|0x00000000d2500000, 0x00000000d2500000, 0x00000000d2600000|  0%| F|  |TAMS 0x00000000d2500000, 0x00000000d2500000| Untracked 
| 294|0x00000000d2600000, 0x00000000d2600000, 0x00000000d2700000|  0%| F|  |TAMS 0x00000000d2600000, 0x00000000d2600000| Untracked 
| 295|0x00000000d2700000, 0x00000000d2700000, 0x00000000d2800000|  0%| F|  |TAMS 0x00000000d2700000, 0x00000000d2700000| Untracked 
| 296|0x00000000d2800000, 0x00000000d2800000, 0x00000000d2900000|  0%| F|  |TAMS 0x00000000d2800000, 0x00000000d2800000| Untracked 
| 297|0x00000000d2900000, 0x00000000d2900000, 0x00000000d2a00000|  0%| F|  |TAMS 0x00000000d2900000, 0x00000000d2900000| Untracked 
| 298|0x00000000d2a00000, 0x00000000d2a060d0, 0x00000000d2b00000|  2%| E|  |TAMS 0x00000000d2a00000, 0x00000000d2a00000| Complete 
| 314|0x00000000d3a00000, 0x00000000d3b00000, 0x00000000d3b00000|100%| O|  |TAMS 0x00000000d3b00000, 0x00000000d3a00000| Untracked 

Card table byte_map: [0x0000028697fe0000,0x00000286981e0000] _byte_map_base: 0x00000286979e0000

Marking Bits (Prev, Next): (CMBitMap*) 0x0000028691b32a30, (CMBitMap*) 0x0000028691b32a70
 Prev Bits: [0x00000286983e0000, 0x00000286993e0000)
 Next Bits: [0x00000286993e0000, 0x000002869a3e0000)

Polling page: 0x000002868fac0000

Metaspace:

Usage:
  Non-class:     59.91 MB used.
      Class:      9.43 MB used.
       Both:     69.34 MB used.

Virtual space:
  Non-class space:       64.00 MB reserved,      60.19 MB ( 94%) committed,  8 nodes.
      Class space:        1.00 GB reserved,       9.62 MB ( <1%) committed,  1 nodes.
             Both:        1.06 GB reserved,      69.81 MB (  6%) committed. 

Chunk freelists:
   Non-Class:  3.12 MB
       Class:  2.33 MB
        Both:  5.45 MB

MaxMetaspaceSize: unlimited
CompressedClassSpaceSize: 1.00 GB
Initial GC threshold: 21.00 MB
Current GC threshold: 116.25 MB
CDS: off
MetaspaceReclaimPolicy: balanced
 - commit_granule_bytes: 65536.
 - commit_granule_words: 8192.
 - virtual_space_node_default_size: 1048576.
 - enlarge_chunks_in_place: 1.
 - new_chunks_are_fully_committed: 0.
 - uncommit_free_chunks: 1.
 - use_allocation_guard: 0.
 - handle_deallocations: 1.


Internal statistics:

num_allocs_failed_limit: 14.
num_arena_births: 848.
num_arena_deaths: 294.
num_vsnodes_births: 9.
num_vsnodes_deaths: 0.
num_space_committed: 1119.
num_space_uncommitted: 2.
num_chunks_returned_to_freelist: 366.
num_chunks_taken_from_freelist: 3271.
num_chunk_merges: 134.
num_chunk_splits: 2221.
num_chunks_enlarged: 1658.
num_purges: 22.
num_inconsistent_stats: 0.

CodeCache: size=49152Kb used=29784Kb max_used=31517Kb free=19367Kb
 bounds [0x0000028694770000, 0x00000286966c0000, 0x0000028697770000]
 total_blobs=16371 nmethods=15678 adapters=619
 compilation: enabled
              stopped_count=0, restarted_count=0
 full_count=0

Compilation events (20 events):
Event: 10381.195 Thread 0x000002869e0a1c80 15958       1       org.eclipse.jdt.internal.compiler.util.SimpleLookupTable::<init> (7 bytes)
Event: 10381.195 Thread 0x000002869e0a1c80 nmethod 15958 0x00000286952b5e90 code [0x00000286952b6020, 0x00000286952b6108]
Event: 10381.196 Thread 0x000002869e0a1c80 15959       1       org.eclipse.jdt.internal.compiler.lookup.Scope::getStaticFactory (1048 bytes)
Event: 10381.201 Thread 0x000002869e0a1c80 nmethod 15959 0x000002869644be90 code [0x000002869644c4e0, 0x000002869644f5a8]
Event: 10564.795 Thread 0x000002869e0a1c80 15964       1       org.eclipse.jdt.internal.compiler.lookup.BoundSet::computeConnectedComponents (208 bytes)
Event: 10564.796 Thread 0x000002869e0a1c80 nmethod 15964 0x0000028694dd2410 code [0x0000028694dd26a0, 0x0000028694dd3098]
Event: 10564.796 Thread 0x000002869e0a1c80 15963       1       org.eclipse.jdt.internal.compiler.lookup.InferenceContext18::addConstraintsToC (205 bytes)
Event: 10564.796 Thread 0x000002869e0a1c80 nmethod 15963 0x0000028695421a90 code [0x0000028695421ce0, 0x00000286954225d8]
Event: 10564.796 Thread 0x000002869e0a1c80 15960   !   1       org.eclipse.jdt.internal.compiler.lookup.InferenceContext18::inferInvocationType (561 bytes)
Event: 10564.798 Thread 0x000002869e0a1c80 nmethod 15960 0x0000028695506690 code [0x0000028695506b20, 0x0000028695508648]
Event: 10564.798 Thread 0x000002869e0a1c80 15961       1       org.eclipse.jdt.internal.compiler.lookup.InferenceContext18::pushBoundsToOuter (9 bytes)
Event: 10564.798 Thread 0x000002869e0a1c80 nmethod 15961 0x0000028695506310 code [0x00000286955064a0, 0x0000028695506588]
Event: 10564.798 Thread 0x000002869e0a1c80 15962       1       org.eclipse.jdt.internal.compiler.lookup.InferenceContext18::pushBoundsTo (71 bytes)
Event: 10564.798 Thread 0x000002869e0a1c80 nmethod 15962 0x0000028695637a90 code [0x0000028695637c60, 0x0000028695637f08]
Event: 10565.918 Thread 0x000002869e0a1c80 15965       1       org.eclipse.jdt.internal.compiler.ast.TypeReference::hasNullTypeAnnotation (72 bytes)
Event: 10565.918 Thread 0x000002869e0a1c80 nmethod 15965 0x0000028694b18b90 code [0x0000028694b18d40, 0x0000028694b18f38]
Event: 10565.921 Thread 0x000002869e0a1c80 15966       1       org.eclipse.jdt.internal.compiler.lookup.ReferenceBinding::isUncheckedException (119 bytes)
Event: 10565.921 Thread 0x000002869e0a1c80 nmethod 15966 0x00000286955dfa90 code [0x00000286955dfc40, 0x00000286955dfe48]
Event: 10641.781 Thread 0x000002869e0a1c80 15967       1       java.util.concurrent.SynchronousQueue$TransferStack$SNode::isCancelled (14 bytes)
Event: 10641.782 Thread 0x000002869e0a1c80 nmethod 15967 0x0000028695637690 code [0x0000028695637820, 0x00000286956378f8]

GC Heap History (20 events):
Event: 10737.221 GC heap before
{Heap before GC invocations=953 (full 785):
 garbage-first heap   total 307200K, used 99230K [0x00000000c0000000, 0x0000000100000000)
  region size 1024K, 1 young (1024K), 0 survivors (0K)
 Metaspace       used 71000K, committed 71488K, reserved 1114112K
  class space    used 9653K, committed 9856K, reserved 1048576K
}
Event: 10737.261 GC heap after
{Heap after GC invocations=954 (full 786):
 garbage-first heap   total 307200K, used 99230K [0x00000000c0000000, 0x0000000100000000)
  region size 1024K, 0 young (0K), 0 survivors (0K)
 Metaspace       used 71000K, committed 71488K, reserved 1114112K
  class space    used 9653K, committed 9856K, reserved 1048576K
}
Event: 10747.390 GC heap before
{Heap before GC invocations=954 (full 786):
 garbage-first heap   total 307200K, used 99230K [0x00000000c0000000, 0x0000000100000000)
  region size 1024K, 1 young (1024K), 0 survivors (0K)
 Metaspace       used 71000K, committed 71488K, reserved 1114112K
  class space    used 9653K, committed 9856K, reserved 1048576K
}
Event: 10747.430 GC heap after
{Heap after GC invocations=955 (full 787):
 garbage-first heap   total 307200K, used 99230K [0x00000000c0000000, 0x0000000100000000)
  region size 1024K, 0 young (0K), 0 survivors (0K)
 Metaspace       used 71000K, committed 71488K, reserved 1114112K
  class space    used 9653K, committed 9856K, reserved 1048576K
}
Event: 10757.571 GC heap before
{Heap before GC invocations=955 (full 787):
 garbage-first heap   total 307200K, used 99230K [0x00000000c0000000, 0x0000000100000000)
  region size 1024K, 1 young (1024K), 0 survivors (0K)
 Metaspace       used 71000K, committed 71488K, reserved 1114112K
  class space    used 9653K, committed 9856K, reserved 1048576K
}
Event: 10757.616 GC heap after
{Heap after GC invocations=956 (full 788):
 garbage-first heap   total 307200K, used 99230K [0x00000000c0000000, 0x0000000100000000)
  region size 1024K, 0 young (0K), 0 survivors (0K)
 Metaspace       used 71000K, committed 71488K, reserved 1114112K
  class space    used 9653K, committed 9856K, reserved 1048576K
}
Event: 10767.741 GC heap before
{Heap before GC invocations=956 (full 788):
 garbage-first heap   total 307200K, used 99230K [0x00000000c0000000, 0x0000000100000000)
  region size 1024K, 1 young (1024K), 0 survivors (0K)
 Metaspace       used 71000K, committed 71488K, reserved 1114112K
  class space    used 9653K, committed 9856K, reserved 1048576K
}
Event: 10767.782 GC heap after
{Heap after GC invocations=957 (full 789):
 garbage-first heap   total 307200K, used 99230K [0x00000000c0000000, 0x0000000100000000)
  region size 1024K, 0 young (0K), 0 survivors (0K)
 Metaspace       used 71000K, committed 71488K, reserved 1114112K
  class space    used 9653K, committed 9856K, reserved 1048576K
}
Event: 10777.930 GC heap before
{Heap before GC invocations=957 (full 789):
 garbage-first heap   total 307200K, used 99230K [0x00000000c0000000, 0x0000000100000000)
  region size 1024K, 1 young (1024K), 0 survivors (0K)
 Metaspace       used 71000K, committed 71488K, reserved 1114112K
  class space    used 9653K, committed 9856K, reserved 1048576K
}
Event: 10777.983 GC heap after
{Heap after GC invocations=958 (full 790):
 garbage-first heap   total 307200K, used 99227K [0x00000000c0000000, 0x0000000100000000)
  region size 1024K, 0 young (0K), 0 survivors (0K)
 Metaspace       used 71000K, committed 71488K, reserved 1114112K
  class space    used 9653K, committed 9856K, reserved 1048576K
}
Event: 10788.129 GC heap before
{Heap before GC invocations=958 (full 790):
 garbage-first heap   total 307200K, used 99227K [0x00000000c0000000, 0x0000000100000000)
  region size 1024K, 1 young (1024K), 0 survivors (0K)
 Metaspace       used 71000K, committed 71488K, reserved 1114112K
  class space    used 9653K, committed 9856K, reserved 1048576K
}
Event: 10788.183 GC heap after
{Heap after GC invocations=959 (full 791):
 garbage-first heap   total 307200K, used 99227K [0x00000000c0000000, 0x0000000100000000)
  region size 1024K, 0 young (0K), 0 survivors (0K)
 Metaspace       used 71000K, committed 71488K, reserved 1114112K
  class space    used 9653K, committed 9856K, reserved 1048576K
}
Event: 10798.322 GC heap before
{Heap before GC invocations=959 (full 791):
 garbage-first heap   total 307200K, used 99227K [0x00000000c0000000, 0x0000000100000000)
  region size 1024K, 1 young (1024K), 0 survivors (0K)
 Metaspace       used 71000K, committed 71488K, reserved 1114112K
  class space    used 9653K, committed 9856K, reserved 1048576K
}
Event: 10798.366 GC heap after
{Heap after GC invocations=960 (full 792):
 garbage-first heap   total 307200K, used 99227K [0x00000000c0000000, 0x0000000100000000)
  region size 1024K, 0 young (0K), 0 survivors (0K)
 Metaspace       used 71000K, committed 71488K, reserved 1114112K
  class space    used 9653K, committed 9856K, reserved 1048576K
}
Event: 10808.494 GC heap before
{Heap before GC invocations=960 (full 792):
 garbage-first heap   total 307200K, used 99227K [0x00000000c0000000, 0x0000000100000000)
  region size 1024K, 1 young (1024K), 0 survivors (0K)
 Metaspace       used 71000K, committed 71488K, reserved 1114112K
  class space    used 9653K, committed 9856K, reserved 1048576K
}
Event: 10808.539 GC heap after
{Heap after GC invocations=961 (full 793):
 garbage-first heap   total 307200K, used 99227K [0x00000000c0000000, 0x0000000100000000)
  region size 1024K, 0 young (0K), 0 survivors (0K)
 Metaspace       used 71000K, committed 71488K, reserved 1114112K
  class space    used 9653K, committed 9856K, reserved 1048576K
}
Event: 10818.675 GC heap before
{Heap before GC invocations=961 (full 793):
 garbage-first heap   total 307200K, used 99227K [0x00000000c0000000, 0x0000000100000000)
  region size 1024K, 1 young (1024K), 0 survivors (0K)
 Metaspace       used 71000K, committed 71488K, reserved 1114112K
  class space    used 9653K, committed 9856K, reserved 1048576K
}
Event: 10818.717 GC heap after
{Heap after GC invocations=962 (full 794):
 garbage-first heap   total 307200K, used 99227K [0x00000000c0000000, 0x0000000100000000)
  region size 1024K, 0 young (0K), 0 survivors (0K)
 Metaspace       used 71000K, committed 71488K, reserved 1114112K
  class space    used 9653K, committed 9856K, reserved 1048576K
}
Event: 10828.845 GC heap before
{Heap before GC invocations=962 (full 794):
 garbage-first heap   total 307200K, used 99227K [0x00000000c0000000, 0x0000000100000000)
  region size 1024K, 1 young (1024K), 0 survivors (0K)
 Metaspace       used 71000K, committed 71488K, reserved 1114112K
  class space    used 9653K, committed 9856K, reserved 1048576K
}
Event: 10828.894 GC heap after
{Heap after GC invocations=963 (full 795):
 garbage-first heap   total 307200K, used 99227K [0x00000000c0000000, 0x0000000100000000)
  region size 1024K, 0 young (0K), 0 survivors (0K)
 Metaspace       used 71000K, committed 71488K, reserved 1114112K
  class space    used 9653K, committed 9856K, reserved 1048576K
}

Dll operation events (10 events):
Event: 0.005 Loaded shared library c:\Users\Asus\.vscode\extensions\redhat.java-1.15.0-win32-x64\jre\17.0.6-win32-x86_64\bin\java.dll
Event: 0.183 Loaded shared library C:\Users\Asus\.vscode\extensions\redhat.java-1.15.0-win32-x64\jre\17.0.6-win32-x86_64\bin\net.dll
Event: 0.185 Loaded shared library C:\Users\Asus\.vscode\extensions\redhat.java-1.15.0-win32-x64\jre\17.0.6-win32-x86_64\bin\nio.dll
Event: 0.196 Loaded shared library C:\Users\Asus\.vscode\extensions\redhat.java-1.15.0-win32-x64\jre\17.0.6-win32-x86_64\bin\zip.dll
Event: 0.456 Loaded shared library C:\Users\Asus\.vscode\extensions\redhat.java-1.15.0-win32-x64\jre\17.0.6-win32-x86_64\bin\jimage.dll
Event: 0.574 Loaded shared library c:\Users\Asus\.vscode\extensions\redhat.java-1.15.0-win32-x64\jre\17.0.6-win32-x86_64\bin\verify.dll
Event: 2.664 Loaded shared library C:\Users\Asus\.vscode\extensions\redhat.java-1.15.0-win32-x64\jre\17.0.6-win32-x86_64\bin\management.dll
Event: 2.666 Loaded shared library C:\Users\Asus\.vscode\extensions\redhat.java-1.15.0-win32-x64\jre\17.0.6-win32-x86_64\bin\management_ext.dll
Event: 4.284 Loaded shared library C:\Users\Asus\.vscode\extensions\redhat.java-1.15.0-win32-x64\jre\17.0.6-win32-x86_64\bin\sunmscapi.dll
Event: 9.184 Loaded shared library C:\Users\Asus\AppData\Local\Temp\snappy-1.1.8-110c718a-18c3-4770-9e3e-422ebdd617a9-snappyjava.dll

Deoptimization events (20 events):
Event: 1057.347 Thread 0x00000286ad7b59b0 DEOPT PACKING pc=0x0000028694af5a55 sp=0x000000c790dfd9f0
Event: 1057.347 Thread 0x00000286ad7b59b0 DEOPT UNPACKING pc=0x00000286947c7143 sp=0x000000c790dfcf10 mode 3
Event: 1514.337 Thread 0x00000286ad7b8500 DEOPT PACKING pc=0x0000028695ced68a sp=0x000000c7923fd2e0
Event: 1514.337 Thread 0x00000286ad7b8500 DEOPT UNPACKING pc=0x00000286947c7143 sp=0x000000c7923fc780 mode 3
Event: 4011.459 Thread 0x00000286ad98e550 DEOPT PACKING pc=0x000002869613959d sp=0x000000c7921fcbc0
Event: 4011.459 Thread 0x00000286ad98e550 DEOPT UNPACKING pc=0x00000286947c7143 sp=0x000000c7921fc0f0 mode 3
Event: 4379.355 Thread 0x000002869f03b8f0 DEOPT PACKING pc=0x0000028696015418 sp=0x000000c78eefe260
Event: 4379.355 Thread 0x000002869f03b8f0 DEOPT UNPACKING pc=0x00000286947c7143 sp=0x000000c78eefd750 mode 3
Event: 5010.321 Thread 0x00000286ad5c33b0 DEOPT PACKING pc=0x00000286960387bb sp=0x000000c7923fe0b0
Event: 5010.321 Thread 0x00000286ad5c33b0 DEOPT UNPACKING pc=0x00000286947c7143 sp=0x000000c7923fd588 mode 3
Event: 5055.760 Thread 0x000002869e98f550 DEOPT PACKING pc=0x00000286955f1124 sp=0x000000c791cfe030
Event: 5055.761 Thread 0x000002869e98f550 DEOPT UNPACKING pc=0x00000286947c7143 sp=0x000000c791cfd578 mode 0
Event: 7011.779 Thread 0x00000286ad7b7690 DEOPT PACKING pc=0x00000286963be866 sp=0x000000c791cfd0b0
Event: 7011.779 Thread 0x00000286ad7b7690 DEOPT UNPACKING pc=0x00000286947c7143 sp=0x000000c791cfc588 mode 3
Event: 7463.809 Thread 0x00000286ad4093b0 DEOPT PACKING pc=0x000002869651f88f sp=0x000000c7922fe220
Event: 7463.809 Thread 0x00000286ad4093b0 DEOPT UNPACKING pc=0x00000286947c7143 sp=0x000000c7922fd750 mode 3
Event: 8795.078 Thread 0x00000286ad5c33b0 DEOPT PACKING pc=0x000002869646418f sp=0x000000c7922fd7d0
Event: 8795.078 Thread 0x00000286ad5c33b0 DEOPT UNPACKING pc=0x00000286947c7143 sp=0x000000c7922fccd8 mode 3
Event: 8805.983 Thread 0x000002869ea3f2f0 DEOPT PACKING pc=0x000002869658d4d1 sp=0x000000c78eefe420
Event: 8805.983 Thread 0x000002869ea3f2f0 DEOPT UNPACKING pc=0x00000286947c7143 sp=0x000000c78eefd908 mode 3

Classes unloaded (20 events):
Event: 5937.013 Thread 0x000002869e0471c0 Unloading class 0x00000001009a3800 'jdk/internal/reflect/GeneratedMethodAccessor38'
Event: 5937.013 Thread 0x000002869e0471c0 Unloading class 0x0000000100350c00 'jdk/internal/reflect/GeneratedMethodAccessor37'
Event: 6684.998 Thread 0x000002869e0471c0 Unloading class 0x00000001009a8800 'jdk/internal/reflect/GeneratedConstructorAccessor73'
Event: 6684.998 Thread 0x000002869e0471c0 Unloading class 0x00000001009a8400 'jdk/internal/reflect/GeneratedConstructorAccessor72'
Event: 6807.207 Thread 0x000002869e0471c0 Unloading class 0x00000001009a8000 'jdk/internal/reflect/GeneratedMethodAccessor46'
Event: 6807.207 Thread 0x000002869e0471c0 Unloading class 0x00000001009a5400 'jdk/internal/reflect/GeneratedConstructorAccessor71'
Event: 6807.207 Thread 0x000002869e0471c0 Unloading class 0x00000001009a5000 'jdk/internal/reflect/GeneratedMethodAccessor45'
Event: 6807.207 Thread 0x000002869e0471c0 Unloading class 0x0000000100350c00 'jdk/internal/reflect/GeneratedConstructorAccessor70'
Event: 6807.207 Thread 0x000002869e0471c0 Unloading class 0x00000001009a3800 'jdk/internal/reflect/GeneratedMethodAccessor44'
Event: 6807.207 Thread 0x000002869e0471c0 Unloading class 0x00000001009a4400 'jdk/internal/reflect/GeneratedMethodAccessor43'
Event: 6807.207 Thread 0x000002869e0471c0 Unloading class 0x00000001009a5c00 'jdk/internal/reflect/GeneratedMethodAccessor42'
Event: 7573.689 Thread 0x000002869e0471c0 Unloading class 0x00000001009a9800 'jdk/internal/reflect/GeneratedConstructorAccessor79'
Event: 7573.689 Thread 0x000002869e0471c0 Unloading class 0x00000001009a9400 'jdk/internal/reflect/GeneratedConstructorAccessor78'
Event: 7695.948 Thread 0x000002869e0471c0 Unloading class 0x00000001009a9000 'jdk/internal/reflect/GeneratedMethodAccessor53'
Event: 7695.948 Thread 0x000002869e0471c0 Unloading class 0x00000001009a8c00 'jdk/internal/reflect/GeneratedConstructorAccessor77'
Event: 7695.948 Thread 0x000002869e0471c0 Unloading class 0x00000001009a8800 'jdk/internal/reflect/GeneratedMethodAccessor52'
Event: 7695.948 Thread 0x000002869e0471c0 Unloading class 0x00000001009a8400 'jdk/internal/reflect/GeneratedConstructorAccessor76'
Event: 7695.948 Thread 0x000002869e0471c0 Unloading class 0x00000001009a8000 'jdk/internal/reflect/GeneratedMethodAccessor51'
Event: 7695.948 Thread 0x000002869e0471c0 Unloading class 0x00000001009a5400 'jdk/internal/reflect/GeneratedMethodAccessor50'
Event: 7695.948 Thread 0x000002869e0471c0 Unloading class 0x00000001009a5000 'jdk/internal/reflect/GeneratedMethodAccessor49'

Classes redefined (0 events):
No events

Internal exceptions (20 events):
Event: 8517.395 Thread 0x000002869f61a160 Exception <a 'sun/nio/fs/WindowsException'{0x00000000cad74f88}> (0x00000000cad74f88) 
thrown [s\src\hotspot\share\prims\jni.cpp, line 516]
Event: 8517.395 Thread 0x000002869f61a160 Exception <a 'sun/nio/fs/WindowsException'{0x00000000cad75d38}> (0x00000000cad75d38) 
thrown [s\src\hotspot\share\prims\jni.cpp, line 516]
Event: 8517.395 Thread 0x000002869f61a160 Exception <a 'sun/nio/fs/WindowsException'{0x00000000cad765a8}> (0x00000000cad765a8) 
thrown [s\src\hotspot\share\prims\jni.cpp, line 516]
Event: 8517.395 Thread 0x000002869f61a160 Exception <a 'sun/nio/fs/WindowsException'{0x00000000cad769f0}> (0x00000000cad769f0) 
thrown [s\src\hotspot\share\prims\jni.cpp, line 516]
Event: 8517.395 Thread 0x000002869f61a160 Exception <a 'sun/nio/fs/WindowsException'{0x00000000cad779e0}> (0x00000000cad779e0) 
thrown [s\src\hotspot\share\prims\jni.cpp, line 516]
Event: 8517.395 Thread 0x000002869f61a160 Exception <a 'sun/nio/fs/WindowsException'{0x00000000cad77e60}> (0x00000000cad77e60) 
thrown [s\src\hotspot\share\prims\jni.cpp, line 516]
Event: 8795.078 Thread 0x00000286ad5c33b0 Implicit null exception at 0x0000028696463eff to 0x000002869646418a
Event: 8796.951 Thread 0x00000286ad5c33b0 Exception <a 'sun/nio/fs/WindowsException'{0x00000000d251e8d0}> (0x00000000d251e8d0) 
thrown [s\src\hotspot\share\prims\jni.cpp, line 516]
Event: 8796.952 Thread 0x00000286ad5c33b0 Exception <a 'sun/nio/fs/WindowsException'{0x00000000d25204b8}> (0x00000000d25204b8) 
thrown [s\src\hotspot\share\prims\jni.cpp, line 516]
Event: 8798.344 Thread 0x00000286ad5c33b0 Exception <a 'sun/nio/fs/WindowsException'{0x00000000d0c03f18}> (0x00000000d0c03f18) 
thrown [s\src\hotspot\share\prims\jni.cpp, line 516]
Event: 8798.345 Thread 0x00000286ad5c33b0 Exception <a 'sun/nio/fs/WindowsException'{0x00000000d0c05b00}> (0x00000000d0c05b00) 
thrown [s\src\hotspot\share\prims\jni.cpp, line 516]
Event: 8800.727 Thread 0x00000286ad5c33b0 Exception <a 'sun/nio/fs/WindowsException'{0x00000000d04ddbb0}> (0x00000000d04ddbb0) 
thrown [s\src\hotspot\share\prims\jni.cpp, line 516]
Event: 8800.728 Thread 0x00000286ad5c33b0 Exception <a 'sun/nio/fs/WindowsException'{0x00000000d04df798}> (0x00000000d04df798) 
thrown [s\src\hotspot\share\prims\jni.cpp, line 516]
Event: 8805.946 Thread 0x00000286ad5c33b0 Exception <a 'sun/nio/fs/WindowsException'{0x00000000cc24ad48}> (0x00000000cc24ad48) 
thrown [s\src\hotspot\share\prims\jni.cpp, line 516]
Event: 8805.946 Thread 0x00000286ad5c33b0 Exception <a 'sun/nio/fs/WindowsException'{0x00000000cc24c930}> (0x00000000cc24c930) 
thrown [s\src\hotspot\share\prims\jni.cpp, line 516]
Event: 8805.983 Thread 0x000002869ea3f2f0 Implicit null exception at 0x000002869658d2da to 0x000002869658d4cc
Event: 8812.425 Thread 0x00000286ad5c33b0 Exception <a 'sun/nio/fs/WindowsException'{0x00000000d116cd40}> (0x00000000d116cd40) 
thrown [s\src\hotspot\share\prims\jni.cpp, line 516]
Event: 8812.425 Thread 0x00000286ad5c33b0 Exception <a 'sun/nio/fs/WindowsException'{0x00000000d116e928}> (0x00000000d116e928) 
thrown [s\src\hotspot\share\prims\jni.cpp, line 516]
Event: 10565.631 Thread 0x00000286ad9ba570 Exception <a 'sun/nio/fs/WindowsException'{0x00000000d2621860}> (0x00000000d2621860) 
thrown [s\src\hotspot\share\prims\jni.cpp, line 516]
Event: 10565.631 Thread 0x00000286ad9ba570 Exception <a 'sun/nio/fs/WindowsException'{0x00000000d2623448}> (0x00000000d2623448) 
thrown [s\src\hotspot\share\prims\jni.cpp, line 516]

VM Operations (20 events):
Event: 10737.261 Executing VM operation: G1CollectFull done
Event: 10747.390 Executing VM operation: G1CollectFull
Event: 10747.430 Executing VM operation: G1CollectFull done
Event: 10757.571 Executing VM operation: G1CollectFull
Event: 10757.616 Executing VM operation: G1CollectFull done
Event: 10767.741 Executing VM operation: G1CollectFull
Event: 10767.782 Executing VM operation: G1CollectFull done
Event: 10777.930 Executing VM operation: G1CollectFull
Event: 10777.983 Executing VM operation: G1CollectFull done
Event: 10788.129 Executing VM operation: G1CollectFull
Event: 10788.183 Executing VM operation: G1CollectFull done
Event: 10798.321 Executing VM operation: G1CollectFull
Event: 10798.366 Executing VM operation: G1CollectFull done
Event: 10808.494 Executing VM operation: G1CollectFull
Event: 10808.539 Executing VM operation: G1CollectFull done
Event: 10818.675 Executing VM operation: G1CollectFull
Event: 10818.717 Executing VM operation: G1CollectFull done
Event: 10828.845 Executing VM operation: G1CollectFull
Event: 10828.895 Executing VM operation: G1CollectFull done
Event: 10839.053 Executing VM operation: G1CollectFull

Events (20 events):
Event: 9328.095 Thread 0x00000286ad95d540 Thread exited: 0x00000286ad95d540
Event: 9388.106 Thread 0x00000286ad95da10 Thread exited: 0x00000286ad95da10
Event: 9448.114 Thread 0x000002869e1538d0 Thread exited: 0x000002869e1538d0
Event: 9508.115 Thread 0x00000286ad5c2ee0 Thread exited: 0x00000286ad5c2ee0
Event: 9568.117 Thread 0x00000286a2670ef0 Thread exited: 0x00000286a2670ef0
Event: 9628.120 Thread 0x000002869fafadf0 Thread exited: 0x000002869fafadf0
Event: 10381.179 Thread 0x00000286ad9baa40 Thread added: 0x00000286ad9baa40
Event: 10381.184 Thread 0x00000286ad7b7690 Thread added: 0x00000286ad7b7690
Event: 10441.212 Thread 0x00000286ad7b7690 Thread exited: 0x00000286ad7b7690
Event: 10450.387 Thread 0x00000286ad9baa40 Thread exited: 0x00000286ad9baa40
Event: 10564.787 Thread 0x00000286a1817450 Thread added: 0x00000286a1817450
Event: 10564.788 Thread 0x00000286ad9ba570 Thread added: 0x00000286ad9ba570
Event: 10565.850 Thread 0x000002869e1fb690 Thread added: 0x000002869e1fb690
Event: 10565.850 Thread 0x00000286ad9e8a20 Thread added: 0x00000286ad9e8a20
Event: 10565.906 Thread 0x00000286ad9527a0 Thread added: 0x00000286ad9527a0
Event: 10625.862 Thread 0x000002869e1fb690 Thread exited: 0x000002869e1fb690
Event: 10625.924 Thread 0x00000286ad9527a0 Thread exited: 0x00000286ad9527a0
Event: 10641.781 Thread 0x00000286ad9ba570 Thread exited: 0x00000286ad9ba570
Event: 10641.782 Thread 0x00000286a1817450 Thread exited: 0x00000286a1817450
Event: 10701.790 Thread 0x00000286ad9e8a20 Thread exited: 0x00000286ad9e8a20


Dynamic libraries:
0x00007ff7fafe0000 - 0x00007ff7fafee000 	c:\Users\Asus\.vscode\extensions\redhat.java-1.15.0-win32-x64\jre\17.0.6-win32-x86_64\bin\java.exe
0x00007ff9c50f0000 - 0x00007ff9c5304000 	C:\WINDOWS\SYSTEM32\ntdll.dll
0x00007ff9c3310000 - 0x00007ff9c33d3000 	C:\WINDOWS\System32\KERNEL32.DLL
0x00007ff9c2b60000 - 0x00007ff9c2efc000 	C:\WINDOWS\System32\KERNELBASE.dll
0x00007ff9c29c0000 - 0x00007ff9c2ad1000 	C:\WINDOWS\System32\ucrtbase.dll
0x00007ff9ae250000 - 0x00007ff9ae267000 	c:\Users\Asus\.vscode\extensions\redhat.java-1.15.0-win32-x64\jre\17.0.6-win32-x86_64\bin\jli.dll
0x00007ff9ae550000 - 0x00007ff9ae569000 	c:\Users\Asus\.vscode\extensions\redhat.java-1.15.0-win32-x64\jre\17.0.6-win32-x86_64\bin\VCRUNTIME140.dll
0x00007ff9c4e80000 - 0x00007ff9c502d000 	C:\WINDOWS\System32\USER32.dll
0x00007ff9c2530000 - 0x00007ff9c2556000 	C:\WINDOWS\System32\win32u.dll
0x00007ff9a7e90000 - 0x00007ff9a811e000 	C:\WINDOWS\WinSxS\amd64_microsoft.windows.common-controls_6595b64144ccf1df_6.0.22621.608_none_a9444ca7c10bb01d\COMCTL32.dll
0x00007ff9c3f50000 - 0x00007ff9c3f79000 	C:\WINDOWS\System32\GDI32.dll
0x00007ff9c38b0000 - 0x00007ff9c3957000 	C:\WINDOWS\System32\msvcrt.dll
0x00007ff9c2560000 - 0x00007ff9c2672000 	C:\WINDOWS\System32\gdi32full.dll
0x00007ff9c28b0000 - 0x00007ff9c294a000 	C:\WINDOWS\System32\msvcp_win.dll
0x00007ff9c3090000 - 0x00007ff9c30c2000 	C:\WINDOWS\System32\IMM32.DLL
0x00007ff9b9ed0000 - 0x00007ff9b9edc000 	c:\Users\Asus\.vscode\extensions\redhat.java-1.15.0-win32-x64\jre\17.0.6-win32-x86_64\bin\vcruntime140_1.dll
0x00007ff984a00000 - 0x00007ff984a91000 	c:\Users\Asus\.vscode\extensions\redhat.java-1.15.0-win32-x64\jre\17.0.6-win32-x86_64\bin\msvcp140.dll
0x00007ff9510b0000 - 0x00007ff951cf7000 	c:\Users\Asus\.vscode\extensions\redhat.java-1.15.0-win32-x64\jre\17.0.6-win32-x86_64\bin\server\jvm.dll
0x00007ff9c31b0000 - 0x00007ff9c325e000 	C:\WINDOWS\System32\ADVAPI32.dll
0x00007ff9c3ce0000 - 0x00007ff9c3d84000 	C:\WINDOWS\System32\sechost.dll
0x00007ff9c3790000 - 0x00007ff9c38a5000 	C:\WINDOWS\System32\RPCRT4.dll
0x00007ff9b8140000 - 0x00007ff9b8174000 	C:\WINDOWS\SYSTEM32\WINMM.dll
0x00007ff9b94b0000 - 0x00007ff9b94b9000 	C:\WINDOWS\SYSTEM32\WSOCK32.dll
0x00007ff9adb40000 - 0x00007ff9adb4a000 	C:\WINDOWS\SYSTEM32\VERSION.dll
0x00007ff9c5030000 - 0x00007ff9c50a1000 	C:\WINDOWS\System32\WS2_32.dll
0x00007ff9c1670000 - 0x00007ff9c1688000 	C:\WINDOWS\SYSTEM32\kernel.appcore.dll
0x00007ff9b9ba0000 - 0x00007ff9b9baa000 	c:\Users\Asus\.vscode\extensions\redhat.java-1.15.0-win32-x64\jre\17.0.6-win32-x86_64\bin\jimage.dll
0x00007ff9bffc0000 - 0x00007ff9c01ee000 	C:\WINDOWS\SYSTEM32\DBGHELP.DLL
0x00007ff9c33e0000 - 0x00007ff9c376a000 	C:\WINDOWS\System32\combase.dll
0x00007ff9c3f80000 - 0x00007ff9c4057000 	C:\WINDOWS\System32\OLEAUT32.dll
0x00007ff9abf80000 - 0x00007ff9abfb2000 	C:\WINDOWS\SYSTEM32\dbgcore.DLL
0x00007ff9c2ae0000 - 0x00007ff9c2b5b000 	C:\WINDOWS\System32\bcryptPrimitives.dll
0x00007ff9ae220000 - 0x00007ff9ae245000 	c:\Users\Asus\.vscode\extensions\redhat.java-1.15.0-win32-x64\jre\17.0.6-win32-x86_64\bin\java.dll
0x00007ff9ae200000 - 0x00007ff9ae218000 	c:\Users\Asus\.vscode\extensions\redhat.java-1.15.0-win32-x64\jre\17.0.6-win32-x86_64\bin\zip.dll
0x00007ff9c4160000 - 0x00007ff9c494f000 	C:\WINDOWS\System32\SHELL32.dll
0x00007ff9c0560000 - 0x00007ff9c0e28000 	C:\WINDOWS\SYSTEM32\windows.storage.dll
0x00007ff9c0420000 - 0x00007ff9c055e000 	C:\WINDOWS\SYSTEM32\wintypes.dll
0x00007ff9c4060000 - 0x00007ff9c4151000 	C:\WINDOWS\System32\SHCORE.dll
0x00007ff9c3b80000 - 0x00007ff9c3bde000 	C:\WINDOWS\System32\shlwapi.dll
0x00007ff9c2460000 - 0x00007ff9c2481000 	C:\WINDOWS\SYSTEM32\profapi.dll
0x00007ff9a1740000 - 0x00007ff9a1759000 	C:\Users\Asus\.vscode\extensions\redhat.java-1.15.0-win32-x64\jre\17.0.6-win32-x86_64\bin\net.dll
0x00007ff9b9ca0000 - 0x00007ff9b9dcf000 	C:\WINDOWS\SYSTEM32\WINHTTP.dll
0x00007ff9c1ae0000 - 0x00007ff9c1b49000 	C:\WINDOWS\system32\mswsock.dll
0x00007ff99f940000 - 0x00007ff99f955000 	C:\Users\Asus\.vscode\extensions\redhat.java-1.15.0-win32-x64\jre\17.0.6-win32-x86_64\bin\nio.dll
0x00007ff9b8180000 - 0x00007ff9b8190000 	c:\Users\Asus\.vscode\extensions\redhat.java-1.15.0-win32-x64\jre\17.0.6-win32-x86_64\bin\verify.dll
0x00007ff9c1d30000 - 0x00007ff9c1d4b000 	C:\WINDOWS\SYSTEM32\CRYPTSP.dll
0x00007ff9c15e0000 - 0x00007ff9c1615000 	C:\WINDOWS\system32\rsaenh.dll
0x00007ff9c1bd0000 - 0x00007ff9c1bf8000 	C:\WINDOWS\SYSTEM32\USERENV.dll
0x00007ff9c1ef0000 - 0x00007ff9c1f18000 	C:\WINDOWS\SYSTEM32\bcrypt.dll
0x00007ff9c1d50000 - 0x00007ff9c1d5c000 	C:\WINDOWS\SYSTEM32\CRYPTBASE.dll
0x00007ff9c10f0000 - 0x00007ff9c111d000 	C:\WINDOWS\SYSTEM32\IPHLPAPI.DLL
0x00007ff9c3b70000 - 0x00007ff9c3b79000 	C:\WINDOWS\System32\NSI.dll
0x00007ff9b8590000 - 0x00007ff9b85a9000 	C:\WINDOWS\SYSTEM32\dhcpcsvc6.DLL
0x00007ff9b83f0000 - 0x00007ff9b840f000 	C:\WINDOWS\SYSTEM32\dhcpcsvc.DLL
0x00007ff9c1160000 - 0x00007ff9c1253000 	C:\WINDOWS\SYSTEM32\DNSAPI.dll
0x00007ff9ae580000 - 0x00007ff9ae589000 	C:\Users\Asus\.vscode\extensions\redhat.java-1.15.0-win32-x64\jre\17.0.6-win32-x86_64\bin\management.dll
0x00007ff9ae570000 - 0x00007ff9ae57b000 	C:\Users\Asus\.vscode\extensions\redhat.java-1.15.0-win32-x64\jre\17.0.6-win32-x86_64\bin\management_ext.dll
0x00007ff9c3b60000 - 0x00007ff9c3b68000 	C:\WINDOWS\System32\PSAPI.DLL
0x00007ff9ae4c0000 - 0x00007ff9ae4ce000 	C:\Users\Asus\.vscode\extensions\redhat.java-1.15.0-win32-x64\jre\17.0.6-win32-x86_64\bin\sunmscapi.dll
0x00007ff9c2680000 - 0x00007ff9c27e6000 	C:\WINDOWS\System32\CRYPT32.dll
0x00007ff9c1ec0000 - 0x00007ff9c1eed000 	C:\WINDOWS\SYSTEM32\ncrypt.dll
0x00007ff9c1e80000 - 0x00007ff9c1eb7000 	C:\WINDOWS\SYSTEM32\NTASN1.dll
0x00007ff9b7b90000 - 0x00007ff9b7b9a000 	C:\Windows\System32\rasadhlp.dll
0x00007ff9b6b10000 - 0x00007ff9b6b93000 	C:\WINDOWS\System32\fwpuclnt.dll
0x000000006c500000 - 0x000000006c5c7000 	C:\Users\Asus\AppData\Local\Temp\snappy-1.1.8-110c718a-18c3-4770-9e3e-422ebdd617a9-snappyjava.dll

dbghelp: loaded successfully - version: 4.0.5 - missing functions: none
symbol engine: initialized successfully - sym options: 0x614 - pdb path: .;c:\Users\Asus\.vscode\extensions\redhat.java-1.15.0-win32-x64\jre\17.0.6-win32-x86_64\bin;C:\WINDOWS\SYSTEM32;C:\WINDOWS\WinSxS\amd64_microsoft.windows.common-controls_6595b64144ccf1df_6.0.22621.608_none_a9444ca7c10bb01d;c:\Users\Asus\.vscode\extensions\redhat.java-1.15.0-win32-x64\jre\17.0.6-win32-x86_64\bin\server;C:\Users\Asus\AppData\Local\Temp

VM Arguments:
jvm_args: -XX:+HeapDumpOnOutOfMemoryError -Xmx1024m -Dsts.lsp.client=vscode -Dsts.log.file=/dev/null -XX:TieredStopAtLevel=1 -Xlog:jni+resolve=off -Dspring.config.location=file:c:\Users\Asus\.vscode\extensions\vmware.vscode-spring-boot-1.44.0\language-server\BOOT-INF\classes\application.properties 
java_command: org.springframework.ide.vscode.boot.app.BootLanguageServerBootApp
java_class_path (initial): c:\Users\Asus\.vscode\extensions\vmware.vscode-spring-boot-1.44.0\language-server\BOOT-INF\classes;c:\Users\Asus\.vscode\extensions\vmware.vscode-spring-boot-1.44.0\language-server\BOOT-INF\lib\annotations-24.0.0.jar;c:\Users\Asus\.vscode\extensions\vmware.vscode-spring-boot-1.44.0\language-server\BOOT-INF\lib\ant-1.10.13.jar;c:\Users\Asus\.vscode\extensions\vmware.vscode-spring-boot-1.44.0\language-server\BOOT-INF\lib\ant-launcher-1.10.13.jar;c:\Users\Asus\.vscode\extensions\vmware.vscode-spring-boot-1.44.0\language-server\BOOT-INF\lib\antlr-runtime-3.5.2.jar;c:\Users\Asus\.vscode\extensions\vmware.vscode-spring-boot-1.44.0\language-server\BOOT-INF\lib\antlr4-4.9.3.jar;c:\Users\Asus\.vscode\extensions\vmware.vscode-spring-boot-1.44.0\language-server\BOOT-INF\lib\antlr4-runtime-4.9.3.jar;c:\Users\Asus\.vscode\extensions\vmware.vscode-spring-boot-1.44.0\language-server\BOOT-INF\lib\apiguardian-api-1.1.2.jar;c:\Users\Asus\.vscode\extensions\vmware.vscode-spring-boot-1.44.0\language-server\BOOT-INF\lib\asm-9.4.jar;c:\Users\Asus\.vscode\extensions\vmware.vscode-spring-boot-1.44.0\language-server\BOOT-INF\lib\asm-analysis-9.4.jar;c:\Users\Asus\.vscode\extensions\vmware.vscode-spring-boot-1.44.0\language-server\BOOT-INF\lib\asm-tree-9.4.jar;c:\Users\Asus\.vscode\extensions\vmware.vscode-spring-boot-1.44.0\language-server\BOOT-INF\lib\asm-util-9.4.jar;c:\Users\Asus\.vscode\extensions\vmware.vscode-spring-boot-1.44.0\language-server\BOOT-INF\lib\caffeine-3.1.2.jar;c:\Users\Asus\.vscode\extensions\vmware.vscode-spring-boot-1.44.0\language-server\BOOT-INF\lib\checker-qual-3.12.0.jar;c:\Users\Asus\.vscode\extensions\vmware.vscode-spring-boot-1.44.0\language-server\BOOT-INF\lib\ci-environment-9.1.0.jar;c:\Users\Asus\.vscode\extensions\vmware.vscode-spring-boot-1.44.0\language-server\BOOT-INF\lib\classgraph-4.8.149.jar;c:\Users\Asus\.vscode\extensions\vmware.vscode-spring-boot-1.44.0\language-server\BOOT-INF\lib\commons-codec-1.15.jar;c:\Users\Asus\.
Launcher Type: SUN_STANDARD

[Global flags]
     intx CICompilerCount                          = 12                                        {product} {ergonomic}
     uint ConcGCThreads                            = 3                                         {product} {ergonomic}
     uint G1ConcRefinementThreads                  = 13                                        {product} {ergonomic}
   size_t G1HeapRegionSize                         = 1048576                                   {product} {ergonomic}
    uintx GCDrainStackTargetSize                   = 64                                        {product} {ergonomic}
     bool HeapDumpOnOutOfMemoryError               = true                                   {manageable} {command line}
   size_t InitialHeapSize                          = 264241152                                 {product} {ergonomic}
   size_t MarkStackSize                            = 4194304                                   {product} {ergonomic}
   size_t MaxHeapSize                              = 1073741824                                {product} {command line}
   size_t MaxNewSize                               = 643825664                                 {product} {ergonomic}
   size_t MinHeapDeltaBytes                        = 1048576                                   {product} {ergonomic}
   size_t MinHeapSize                              = 8388608                                   {product} {ergonomic}
    uintx NonProfiledCodeHeapSize                  = 0                                      {pd product} {ergonomic}
     bool ProfileInterpreter                       = false                                  {pd product} {command line}
    uintx ProfiledCodeHeapSize                     = 0                                      {pd product} {ergonomic}
   size_t SoftMaxHeapSize                          = 1073741824                             {manageable} {ergonomic}
     intx TieredStopAtLevel                        = 1                                         {product} {command line}
     bool UseCompressedClassPointers               = true                           {product lp64_product} {ergonomic}
     bool UseCompressedOops                        = true                           {product lp64_product} {ergonomic}
     bool UseG1GC                                  = true                                      {product} {ergonomic}
     bool UseLargePagesIndividualAllocation        = false                                  {pd product} {ergonomic}

Logging:
Log output configuration:
 #0: stdout all=warning,jni+resolve=off uptime,level,tags
 #1: stderr all=off uptime,level,tags

Environment Variables:
JAVA_HOME=C:\Program Files\Java\jdk-11.0.17
PATH=C:\Program Files\Common Files\Oracle\Java\javapath;C:\Python311\Scripts\;C:\Python311\;C:\WINDOWS\system32;C:\WINDOWS;C:\WINDOWS\System32\Wbem;C:\WINDOWS\System32\WindowsPowerShell\v1.0\;C:\WINDOWS\System32\OpenSSH\;C:\ProgramData\chocolatey\bin;C:\Program Files\Git\cmd;C:\Program Files\Java\jdk-11.0.17\bin;C:\Program Files (x86)\Microsoft SQL Server\160\Tools\Binn\;C:\Program Files\Microsoft SQL Server\160\Tools\Binn\;C:\Program Files\Microsoft SQL Server\Client SDK\ODBC\170\Tools\Binn\;C:\Program Files\Microsoft SQL Server\160\DTS\Binn\;C:\Program Files (x86)\Microsoft SQL Server\160\DTS\Binn\;C:\Program Files\Azure Data Studio\bin;C:\Program Files\nodejs\;C:\Users\Asus\AppData\Local\Microsoft\WindowsApps;C:\Users\Asus\AppData\Local\Programs\Microsoft VS Code\bin;C:\Users\Asus\AppData\Roaming\npm
USERNAME=Asus
OS=Windows_NT
PROCESSOR_IDENTIFIER=Intel64 Family 6 Model 154 Stepping 3, GenuineIntel
TMP=C:\Users\Asus\AppData\Local\Temp
TEMP=C:\Users\Asus\AppData\Local\Temp



---------------  S Y S T E M  ---------------

OS:
 Windows 11 , 64 bit Build 22621 (10.0.22621.1194)
OS uptime: 0 days 19:28 hours

CPU: total 16 (initial active 16) (8 cores per cpu, 2 threads per core) family 6 model 154 stepping 3 microcode 0x421, cx8, cmov, fxsr, ht, mmx, 3dnowpref, sse, sse2, sse3, ssse3, sse4.1, sse4.2, popcnt, lzcnt, tsc, tscinvbit, avx, avx2, aes, erms, clmul, bmi1, bmi2, adx, sha, fma, vzeroupper, clflush, clflushopt, clwb

Memory: 4k page, system-wide physical 16008M (1498M free)
TotalPageFile size 18056M (AvailPageFile size 10M)
current process WorkingSet (physical memory assigned to process): 446M, peak: 826M
current process commit charge ("private bytes"): 556M, peak: 869M

vm_info: OpenJDK 64-Bit Server VM (17.0.6+10) for windows-amd64 JRE (17.0.6+10), built on Jan 18 2023 10:08:59 by "temurin" with MS VC++ 16.7 (VS2019)

END.
